#
# A fatal error has been detected by the Java Runtime Environment:
#
#  EXCEPTION_ACCESS_VIOLATION (0xc0000005) at pc=0x00007ffebeced1f9, pid=38480, tid=15164
#
# JRE version: Java(TM) SE Runtime Environment (24.0.1+9) (build 24.0.1+9-30)
# Java VM: Java HotSpot(TM) 64-Bit Server VM (24.0.1+9-30, mixed mode, sharing, tiered, compressed oops, compressed class ptrs, g1 gc, windows-amd64)
# Problematic frame:
# C  [lwjgl_opengl.dll+0xd1f9]
#
# No core dump will be written. Minidumps are not enabled by default on client versions of Windows
#
# If you would like to submit a bug report, please visit:
#   https://bugreport.java.com/bugreport/crash.jsp
# The crash happened outside the Java Virtual Machine in native code.
# See problematic frame for where to report the bug.
#

---------------  S U M M A R Y ------------

Command Line: -Ddebugger.agent.enable.coroutines=true -Dkotlinx.coroutines.debug.enable.creation.stack.trace=false -Dkotlinx.coroutines.debug.enable.flows.stack.trace=true -Dkotlinx.coroutines.debug.enable.mutable.state.flows.stack.trace=true -agentlib:jdwp=transport=dt_socket,server=n,suspend=y,address=127.0.0.1:64114 -javaagent:C:\Users\jcm_d\AppData\Local\JetBrains\IntelliJIdea2025.1\captureAgent\debugger-agent.jar=file:///C:/Users/jcm_d/AppData/Local/Temp/capture8410231744839115682.props -Dfile.encoding=UTF-8 -Duser.country=AU -Duser.language=en -Duser.variant net.skittles.Main

Host: AMD Ryzen 9 3950X 16-Core Processor            , 32 cores, 63G,  Windows 11 , 64 bit Build 26100 (10.0.26100.8328)
Time: Mon Jun  1 09:30:55 2026 AUS Eastern Standard Time elapsed time: 35.096435 seconds (0d 0h 0m 35s)

---------------  T H R E A D  ---------------

Current thread (0x0000019a848c1160):  JavaThread "main"             [_thread_in_native, id=15164, stack(0x0000002058900000,0x0000002058a00000) (1024K)]

Stack: [0x0000002058900000,0x0000002058a00000],  sp=0x00000020589ff668,  free space=1021k
Native frames: (J=compiled Java code, j=interpreted, Vv=VM code, C=native code)
C  [lwjgl_opengl.dll+0xd1f9]  (no source info available)

Java frames: (J=compiled Java code, j=interpreted, Vv=VM code)
j  org.lwjgl.opengl.GL11C.glClearColor(FFFF)V+0
j  org.lwjgl.opengl.GL11.glClearColor(FFFF)V+4
j  net.skittles.core.Window.open()V+215
j  net.skittles.core.Application.run()V+4
j  net.skittles.Main.main([Ljava/lang/String;)V+9
v  ~StubRoutines::call_stub 0x0000019a94570fcd

siginfo: EXCEPTION_ACCESS_VIOLATION (0xc0000005), reading address 0x0000000000000070


Registers:
RAX=0x0000000000000000, RBX=0x0000019af75413e0, RCX=0x0000019a848c1528, RDX=0x00000020589ff708
RSP=0x00000020589ff668, RBP=0x00000020589ff6f8, RSI=0x0000000000000000, RDI=0x0000019a94579154
R8 =0x0000000000000002, R9 =0x0000000000000002, R10=0x0000019a9458082b, R11=0x00000004406e70b8
R12=0x0000000000000000, R13=0x0000019af75413d8, R14=0x00000020589ff730, R15=0x0000019a848c1160
RIP=0x00007ffebeced1f9, EFLAGS=0x0000000000010202

XMM[0]=0x0000000000000000 0x000000003f800000
XMM[1]=0x0000000000000000 0x000000003f800000
XMM[2]=0x0000000000000000 0x000000003f800000
XMM[3]=0x0000000000000000 0x000000003f800000
XMM[4]=0x0000000000000000 0x0000000000000000
XMM[5]=0x468b4128244489f0 0x468b41f85e107ac1
XMM[6]=0x0000000000000000 0x0000000000000000
XMM[7]=0x0000000000000000 0x0000000000000000
XMM[8]=0x0000000000000000 0x0000000000000000
XMM[9]=0x0000000000000000 0x0000000000000000
XMM[10]=0x0000000000000000 0x0000000000000000
XMM[11]=0x0000000000000000 0x0000000000000000
XMM[12]=0x0000000000000000 0x0000000000000000
XMM[13]=0x0000000000000000 0x0000000000000000
XMM[14]=0x0000000000000000 0x0000000000000000
XMM[15]=0x0000000000000000 0x0000000000000000
  MXCSR=0x00001fa0


Register to memory mapping:

RAX=0x0 is null
RBX={method} {0x0000019af75413e8} 'glClearColor' '(FFFF)V' in 'org/lwjgl/opengl/GL11C'
RCX=0x0000019a848c1528 points into unknown readable memory: 0x0000019ab52fdae0 | e0 da 2f b5 9a 01 00 00
RDX=0x00000020589ff708 is pointing into the stack for thread: 0x0000019a848c1160
RSP=0x00000020589ff668 is pointing into the stack for thread: 0x0000019a848c1160
RBP=0x00000020589ff6f8 is pointing into the stack for thread: 0x0000019a848c1160
RSI=0x0 is null
RDI=0x0000019a94579154 is at code_begin+3476 in an Interpreter codelet
return entry points  [0x0000019a945783c0, 0x0000019a9457a5c0]  8704 bytes
R8 =0x0000000000000002 is an unknown value
R9 =0x0000000000000002 is an unknown value
R10=0x0000019a9458082b is at code_begin+2059 in an Interpreter codelet
native method entry point (kind = native)  [0x0000019a94580020, 0x0000019a94581170]  4432 bytes
R11=0x00000004406e70b8 is an oop: java.lang.Class 
{0x00000004406e70b8} - klass: 'java/lang/Class' - flags: 

 - ---- fields (total size 116 words):
 - private volatile transient 'classRedefinedCount' 'I' @12  0 (0x00000000)
 - injected 'klass' 'J' @16  1764006920192 (0x0000019ab7018000)
 - injected 'array_klass' 'J' @24  0 (0x0000000000000000)
 - injected 'oop_size' 'I' @32  116 (0x00000074)
 - injected 'static_oop_field_count' 'I' @36  0 (0x00000000)
 - private volatile transient 'cachedConstructor' 'Ljava/lang/reflect/Constructor;' @40  null (0x00000000)
 - private transient 'name' 'Ljava/lang/String;' @44  "org.lwjgl.opengl.GL11C"{0x00000004406e7468} (0x880dce8d)
 - private transient 'module' 'Ljava/lang/Module;' @48  a 'java/lang/Module'{0x000000044081d3e8} (0x88103a7d)
 - private final 'classLoader' 'Ljava/lang/ClassLoader;' @52  a 'jdk/internal/loader/ClassLoaders$AppClassLoader'{0x000000044081d270} (0x88103a4e)
 - private transient 'classData' 'Ljava/lang/Object;' @56  null (0x00000000)
 - private transient 'signers' '[Ljava/lang/Object;' @60  null (0x00000000)
 - private transient 'packageName' 'Ljava/lang/String;' @64  "org.lwjgl.opengl"{0x000000044061cea8} (0x880c39d5)
 - private final 'componentType' 'Ljava/lang/Class;' @68  null (0x00000000)
 - private volatile transient 'reflectionData' 'Ljava/lang/ref/SoftReference;' @72  null (0x00000000)
 - private volatile transient 'genericInfo' 'Lsun/reflect/generics/repository/ClassRepository;' @76  null (0x00000000)
 - private volatile transient 'enumConstants' '[Ljava/lang/Object;' @80  null (0x00000000)
 - private volatile transient 'enumConstantDirectory' 'Ljava/util/Map;' @84  null (0x00000000)
 - private volatile transient 'annotationData' 'Ljava/lang/Class$AnnotationData;' @88  null (0x00000000)
 - private volatile transient 'annotationType' 'Lsun/reflect/annotation/AnnotationType;' @92  null (0x00000000)
 - transient 'classValueMap' 'Ljava/lang/ClassValue$ClassValueMap;' @96  null (0x00000000)
 - injected 'protection_domain' 'Ljava/lang/Object;' @100  a 'java/security/ProtectionDomain'{0x0000000440661a28} (0x880cc345)
 - injected 'source_file' 'Ljava/lang/Object;' @104  null (0x00000000)
 - injected '<init_lock>' 'Ljava/lang/Object;' @108  null (0x00000000)
 - signature: Lorg/lwjgl/opengl/GL11C;
 - ---- static fields (0):
 - public static final 'GL_NEVER' 'I' @112  512 (0x00000200)
 - public static final 'GL_LESS' 'I' @116  513 (0x00000201)
 - public static final 'GL_EQUAL' 'I' @120  514 (0x00000202)
 - public static final 'GL_LEQUAL' 'I' @124  515 (0x00000203)
 - public static final 'GL_GREATER' 'I' @128  516 (0x00000204)
 - public static final 'GL_NOTEQUAL' 'I' @132  517 (0x00000205)
 - public static final 'GL_GEQUAL' 'I' @136  518 (0x00000206)
 - public static final 'GL_ALWAYS' 'I' @140  519 (0x00000207)
 - public static final 'GL_DEPTH_BUFFER_BIT' 'I' @144  256 (0x00000100)
 - public static final 'GL_STENCIL_BUFFER_BIT' 'I' @148  1024 (0x00000400)
 - public static final 'GL_COLOR_BUFFER_BIT' 'I' @152  16384 (0x00004000)
 - public static final 'GL_POINTS' 'I' @156  0 (0x00000000)
 - public static final 'GL_LINES' 'I' @160  1 (0x00000001)
 - public static final 'GL_LINE_LOOP' 'I' @164  2 (0x00000002)
 - public static final 'GL_LINE_STRIP' 'I' @168  3 (0x00000003)
 - public static final 'GL_TRIANGLES' 'I' @172  4 (0x00000004)
 - public static final 'GL_TRIANGLE_STRIP' 'I' @176  5 (0x00000005)
 - public static final 'GL_TRIANGLE_FAN' 'I' @180  6 (0x00000006)
 - public static final 'GL_QUADS' 'I' @184  7 (0x00000007)
 - public static final 'GL_ZERO' 'I' @188  0 (0x00000000)
 - public static final 'GL_ONE' 'I' @192  1 (0x00000001)
 - public static final 'GL_SRC_COLOR' 'I' @196  768 (0x00000300)
 - public static final 'GL_ONE_MINUS_SRC_COLOR' 'I' @200  769 (0x00000301)
 - public static final 'GL_SRC_ALPHA' 'I' @204  770 (0x00000302)
 - public static final 'GL_ONE_MINUS_SRC_ALPHA' 'I' @208  771 (0x00000303)
 - public static final 'GL_DST_ALPHA' 'I' @212  772 (0x00000304)
 - public static final 'GL_ONE_MINUS_DST_ALPHA' 'I' @216  773 (0x00000305)
 - public static final 'GL_DST_COLOR' 'I' @220  774 (0x00000306)
 - public static final 'GL_ONE_MINUS_DST_COLOR' 'I' @224  775 (0x00000307)
 - public static final 'GL_SRC_ALPHA_SATURATE' 'I' @228  776 (0x00000308)
 - public static final 'GL_TRUE' 'I' @232  1 (0x00000001)
 - public static final 'GL_FALSE' 'I' @236  0 (0x00000000)
 - public static final 'GL_BYTE' 'I' @240  5120 (0x00001400)
 - public static final 'GL_UNSIGNED_BYTE' 'I' @244  5121 (0x00001401)
 - public static final 'GL_SHORT' 'I' @248  5122 (0x00001402)
 - public static final 'GL_UNSIGNED_SHORT' 'I' @252  5123 (0x00001403)
 - public static final 'GL_INT' 'I' @256  5124 (0x00001404)
 - public static final 'GL_UNSIGNED_INT' 'I' @260  5125 (0x00001405)
 - public static final 'GL_FLOAT' 'I' @264  5126 (0x00001406)
 - public static final 'GL_DOUBLE' 'I' @268  5130 (0x0000140a)
 - public static final 'GL_NONE' 'I' @272  0 (0x00000000)
 - public static final 'GL_FRONT_LEFT' 'I' @276  1024 (0x00000400)
 - public static final 'GL_FRONT_RIGHT' 'I' @280  1025 (0x00000401)
 - public static final 'GL_BACK_LEFT' 'I' @284  1026 (0x00000402)
 - public static final 'GL_BACK_RIGHT' 'I' @288  1027 (0x00000403)
 - public static final 'GL_FRONT' 'I' @292  1028 (0x00000404)
 - public static final 'GL_BACK' 'I' @296  1029 (0x00000405)
 - public static final 'GL_LEFT' 'I' @300  1030 (0x00000406)
 - public static final 'GL_RIGHT' 'I' @304  1031 (0x00000407)
 - public static final 'GL_FRONT_AND_BACK' 'I' @308  1032 (0x00000408)
 - public static final 'GL_NO_ERROR' 'I' @312  0 (0x00000000)
 - public static final 'GL_INVALID_ENUM' 'I' @316  1280 (0x00000500)
 - public static final 'GL_INVALID_VALUE' 'I' @320  1281 (0x00000501)
 - public static final 'GL_INVALID_OPERATION' 'I' @324  1282 (0x00000502)
 - public static final 'GL_STACK_OVERFLOW' 'I' @328  1283 (0x00000503)
 - public static final 'GL_STACK_UNDERFLOW' 'I' @332  1284 (0x00000504)
 - public static final 'GL_OUT_OF_MEMORY' 'I' @336  1285 (0x00000505)
 - public static final 'GL_CW' 'I' @340  2304 (0x00000900)
 - public static final 'GL_CCW' 'I' @344  2305 (0x00000901)
 - public static final 'GL_POINT_SIZE' 'I' @348  2833 (0x00000b11)
 - public static final 'GL_POINT_SIZE_RANGE' 'I' @352  2834 (0x00000b12)
 - public static final 'GL_POINT_SIZE_GRANULARITY' 'I' @356  2835 (0x00000b13)
 - public static final 'GL_LINE_SMOOTH' 'I' @360  2848 (0x00000b20)
 - public static final 'GL_LINE_WIDTH' 'I' @364  2849 (0x00000b21)
 - public static final 'GL_LINE_WIDTH_RANGE' 'I' @368  2850 (0x00000b22)
 - public static final 'GL_LINE_WIDTH_GRANULARITY' 'I' @372  2851 (0x00000b23)
 - public static final 'GL_POLYGON_MODE' 'I' @376  2880 (0x00000b40)
 - public static final 'GL_POLYGON_SMOOTH' 'I' @380  2881 (0x00000b41)
 - public static final 'GL_CULL_FACE' 'I' @384  2884 (0x00000b44)
 - public static final 'GL_CULL_FACE_MODE' 'I' @388  2885 (0x00000b45)
 - public static final 'GL_FRONT_FACE' 'I' @392  2886 (0x00000b46)
 - public static final 'GL_DEPTH_RANGE' 'I' @396  2928 (0x00000b70)
 - public static final 'GL_DEPTH_TEST' 'I' @400  2929 (0x00000b71)
 - public static final 'GL_DEPTH_WRITEMASK' 'I' @404  2930 (0x00000b72)
 - public static final 'GL_DEPTH_CLEAR_VALUE' 'I' @408  2931 (0x00000b73)
 - public static final 'GL_DEPTH_FUNC' 'I' @412  2932 (0x00000b74)
 - public static final 'GL_STENCIL_TEST' 'I' @416  2960 (0x00000b90)
 - public static final 'GL_STENCIL_CLEAR_VALUE' 'I' @420  2961 (0x00000b91)
 - public static final 'GL_STENCIL_FUNC' 'I' @424  2962 (0x00000b92)
 - public static final 'GL_STENCIL_VALUE_MASK' 'I' @428  2963 (0x00000b93)
 - public static final 'GL_STENCIL_FAIL' 'I' @432  2964 (0x00000b94)
 - public static final 'GL_STENCIL_PASS_DEPTH_FAIL' 'I' @436  2965 (0x00000b95)
 - public static final 'GL_STENCIL_PASS_DEPTH_PASS' 'I' @440  2966 (0x00000b96)
 - public static final 'GL_STENCIL_REF' 'I' @444  2967 (0x00000b97)
 - public static final 'GL_STENCIL_WRITEMASK' 'I' @448  2968 (0x00000b98)
 - public static final 'GL_VIEWPORT' 'I' @452  2978 (0x00000ba2)
 - public static final 'GL_DITHER' 'I' @456  3024 (0x00000bd0)
 - public static final 'GL_BLEND_DST' 'I' @460  3040 (0x00000be0)
 - public static final 'GL_BLEND_SRC' 'I' @464  3041 (0x00000be1)
 - public static final 'GL_BLEND' 'I' @468  3042 (0x00000be2)
 - public static final 'GL_LOGIC_OP_MODE' 'I' @472  3056 (0x00000bf0)
 - public static final 'GL_COLOR_LOGIC_OP' 'I' @476  3058 (0x00000bf2)
 - public static final 'GL_DRAW_BUFFER' 'I' @480  3073 (0x00000c01)
 - public static final 'GL_READ_BUFFER' 'I' @484  3074 (0x00000c02)
 - public static final 'GL_SCISSOR_BOX' 'I' @488  3088 (0x00000c10)
 - public static final 'GL_SCISSOR_TEST' 'I' @492  3089 (0x00000c11)
 - public static final 'GL_COLOR_CLEAR_VALUE' 'I' @496  3106 (0x00000c22)
 - public static final 'GL_COLOR_WRITEMASK' 'I' @500  3107 (0x00000c23)
 - public static final 'GL_DOUBLEBUFFER' 'I' @504  3122 (0x00000c32)
 - public static final 'GL_STEREO' 'I' @508  3123 (0x00000c33)
 - public static final 'GL_LINE_SMOOTH_HINT' 'I' @512  3154 (0x00000c52)
 - public static final 'GL_POLYGON_SMOOTH_HINT' 'I' @516  3155 (0x00000c53)
 - public static final 'GL_UNPACK_SWAP_BYTES' 'I' @520  3312 (0x00000cf0)
 - public static final 'GL_UNPACK_LSB_FIRST' 'I' @524  3313 (0x00000cf1)
 - public static final 'GL_UNPACK_ROW_LENGTH' 'I' @528  3314 (0x00000cf2)
 - public static final 'GL_UNPACK_SKIP_ROWS' 'I' @532  3315 (0x00000cf3)
 - public static final 'GL_UNPACK_SKIP_PIXELS' 'I' @536  3316 (0x00000cf4)
 - public static final 'GL_UNPACK_ALIGNMENT' 'I' @540  3317 (0x00000cf5)
 - public static final 'GL_PACK_SWAP_BYTES' 'I' @544  3328 (0x00000d00)
 - public static final 'GL_PACK_LSB_FIRST' 'I' @548  3329 (0x00000d01)
 - public static final 'GL_PACK_ROW_LENGTH' 'I' @552  3330 (0x00000d02)
 - public static final 'GL_PACK_SKIP_ROWS' 'I' @556  3331 (0x00000d03)
 - public static final 'GL_PACK_SKIP_PIXELS' 'I' @560  3332 (0x00000d04)
 - public static final 'GL_PACK_ALIGNMENT' 'I' @564  3333 (0x00000d05)
 - public static final 'GL_MAX_TEXTURE_SIZE' 'I' @568  3379 (0x00000d33)
 - public static final 'GL_MAX_VIEWPORT_DIMS' 'I' @572  3386 (0x00000d3a)
 - public static final 'GL_SUBPIXEL_BITS' 'I' @576  3408 (0x00000d50)
 - public static final 'GL_TEXTURE_1D' 'I' @580  3552 (0x00000de0)
 - public static final 'GL_TEXTURE_2D' 'I' @584  3553 (0x00000de1)
 - public static final 'GL_TEXTURE_WIDTH' 'I' @588  4096 (0x00001000)
 - public static final 'GL_TEXTURE_HEIGHT' 'I' @592  4097 (0x00001001)
 - public static final 'GL_TEXTURE_INTERNAL_FORMAT' 'I' @596  4099 (0x00001003)
 - public static final 'GL_TEXTURE_BORDER_COLOR' 'I' @600  4100 (0x00001004)
 - public static final 'GL_DONT_CARE' 'I' @604  4352 (0x00001100)
 - public static final 'GL_FASTEST' 'I' @608  4353 (0x00001101)
 - public static final 'GL_NICEST' 'I' @612  4354 (0x00001102)
 - public static final 'GL_CLEAR' 'I' @616  5376 (0x00001500)
 - public static final 'GL_AND' 'I' @620  5377 (0x00001501)
 - public static final 'GL_AND_REVERSE' 'I' @624  5378 (0x00001502)
 - public static final 'GL_COPY' 'I' @628  5379 (0x00001503)
 - public static final 'GL_AND_INVERTED' 'I' @632  5380 (0x00001504)
 - public static final 'GL_NOOP' 'I' @636  5381 (0x00001505)
 - public static final 'GL_XOR' 'I' @640  5382 (0x00001506)
 - public static final 'GL_OR' 'I' @644  5383 (0x00001507)
 - public static final 'GL_NOR' 'I' @648  5384 (0x00001508)
 - public static final 'GL_EQUIV' 'I' @652  5385 (0x00001509)
 - public static final 'GL_INVERT' 'I' @656  5386 (0x0000150a)
 - public static final 'GL_OR_REVERSE' 'I' @660  5387 (0x0000150b)
 - public static final 'GL_COPY_INVERTED' 'I' @664  5388 (0x0000150c)
 - public static final 'GL_OR_INVERTED' 'I' @668  5389 (0x0000150d)
 - public static final 'GL_NAND' 'I' @672  5390 (0x0000150e)
 - public static final 'GL_SET' 'I' @676  5391 (0x0000150f)
 - public static final 'GL_TEXTURE' 'I' @680  5890 (0x00001702)
 - public static final 'GL_COLOR' 'I' @684  6144 (0x00001800)
 - public static final 'GL_DEPTH' 'I' @688  6145 (0x00001801)
 - public static final 'GL_STENCIL' 'I' @692  6146 (0x00001802)
 - public static final 'GL_STENCIL_INDEX' 'I' @696  6401 (0x00001901)
 - public static final 'GL_DEPTH_COMPONENT' 'I' @700  6402 (0x00001902)
 - public static final 'GL_RED' 'I' @704  6403 (0x00001903)
 - public static final 'GL_GREEN' 'I' @708  6404 (0x00001904)
 - public static final 'GL_BLUE' 'I' @712  6405 (0x00001905)
 - public static final 'GL_ALPHA' 'I' @716  6406 (0x00001906)
 - public static final 'GL_RGB' 'I' @720  6407 (0x00001907)
 - public static final 'GL_RGBA' 'I' @724  6408 (0x00001908)
 - public static final 'GL_POINT' 'I' @728  6912 (0x00001b00)
 - public static final 'GL_LINE' 'I' @732  6913 (0x00001b01)
 - public static final 'GL_FILL' 'I' @736  6914 (0x00001b02)
 - public static final 'GL_KEEP' 'I' @740  7680 (0x00001e00)
 - public static final 'GL_REPLACE' 'I' @744  7681 (0x00001e01)
 - public static final 'GL_INCR' 'I' @748  7682 (0x00001e02)
 - public static final 'GL_DECR' 'I' @752  7683 (0x00001e03)
 - public static final 'GL_VENDOR' 'I' @756  7936 (0x00001f00)
 - public static final 'GL_RENDERER' 'I' @760  7937 (0x00001f01)
 - public static final 'GL_VERSION' 'I' @764  7938 (0x00001f02)
 - public static final 'GL_EXTENSIONS' 'I' @768  7939 (0x00001f03)
 - public static final 'GL_NEAREST' 'I' @772  9728 (0x00002600)
 - public static final 'GL_LINEAR' 'I' @776  9729 (0x00002601)
 - public static final 'GL_NEAREST_MIPMAP_NEAREST' 'I' @780  9984 (0x00002700)
 - public static final 'GL_LINEAR_MIPMAP_NEAREST' 'I' @784  9985 (0x00002701)
 - public static final 'GL_NEAREST_MIPMAP_LINEAR' 'I' @788  9986 (0x00002702)
 - public static final 'GL_LINEAR_MIPMAP_LINEAR' 'I' @792  9987 (0x00002703)
 - public static final 'GL_TEXTURE_MAG_FILTER' 'I' @796  10240 (0x00002800)
 - public static final 'GL_TEXTURE_MIN_FILTER' 'I' @800  10241 (0x00002801)
 - public static final 'GL_TEXTURE_WRAP_S' 'I' @804  10242 (0x00002802)
 - public static final 'GL_TEXTURE_WRAP_T' 'I' @808  10243 (0x00002803)
 - public static final 'GL_REPEAT' 'I' @812  10497 (0x00002901)
 - public static final 'GL_POLYGON_OFFSET_FACTOR' 'I' @816  32824 (0x00008038)
 - public static final 'GL_POLYGON_OFFSET_UNITS' 'I' @820  10752 (0x00002a00)
 - public static final 'GL_POLYGON_OFFSET_POINT' 'I' @824  10753 (0x00002a01)
 - public static final 'GL_POLYGON_OFFSET_LINE' 'I' @828  10754 (0x00002a02)
 - public static final 'GL_POLYGON_OFFSET_FILL' 'I' @832  32823 (0x00008037)
 - public static final 'GL_R3_G3_B2' 'I' @836  10768 (0x00002a10)
 - public static final 'GL_RGB4' 'I' @840  32847 (0x0000804f)
 - public static final 'GL_RGB5' 'I' @844  32848 (0x00008050)
 - public static final 'GL_RGB8' 'I' @848  32849 (0x00008051)
 - public static final 'GL_RGB10' 'I' @852  32850 (0x00008052)
 - public static final 'GL_RGB12' 'I' @856  32851 (0x00008053)
 - public static final 'GL_RGB16' 'I' @860  32852 (0x00008054)
 - public static final 'GL_RGBA2' 'I' @864  32853 (0x00008055)
 - public static final 'GL_RGBA4' 'I' @868  32854 (0x00008056)
 - public static final 'GL_RGB5_A1' 'I' @872  32855 (0x00008057)
 - public static final 'GL_RGBA8' 'I' @876  32856 (0x00008058)
 - public static final 'GL_RGB10_A2' 'I' @880  32857 (0x00008059)
 - public static final 'GL_RGBA12' 'I' @884  32858 (0x0000805a)
 - public static final 'GL_RGBA16' 'I' @888  32859 (0x0000805b)
 - public static final 'GL_TEXTURE_RED_SIZE' 'I' @892  32860 (0x0000805c)
 - public static final 'GL_TEXTURE_GREEN_SIZE' 'I' @896  32861 (0x0000805d)
 - public static final 'GL_TEXTURE_BLUE_SIZE' 'I' @900  32862 (0x0000805e)
 - public static final 'GL_TEXTURE_ALPHA_SIZE' 'I' @904  32863 (0x0000805f)
 - public static final 'GL_PROXY_TEXTURE_1D' 'I' @908  32867 (0x00008063)
 - public static final 'GL_PROXY_TEXTURE_2D' 'I' @912  32868 (0x00008064)
 - public static final 'GL_TEXTURE_BINDING_1D' 'I' @916  32872 (0x00008068)
 - public static final 'GL_TEXTURE_BINDING_2D' 'I' @920  32873 (0x00008069)
 - public static final 'GL_VERTEX_ARRAY' 'I' @924  32884 (0x00008074)
R12=0x0 is null
R13=0x0000019af75413d8 is pointing into metadata
R14=0x00000020589ff730 is pointing into the stack for thread: 0x0000019a848c1160
R15=0x0000019a848c1160 is a thread

Top of Stack: (sp=0x00000020589ff668)
0x00000020589ff668:   0000019a9458078b 0000019a94579154   ..X.....T.W.....
0x00000020589ff678:   0000019a945802fe 0000019af75413e0   ..X.......T.....
0x00000020589ff688:   0000000000000000 000000203f800000   ...........? ...
0x00000020589ff698:   0000019a3f800000 0000019a94578108   ...?......W.....
0x00000020589ff6a8:   0000019a945802be fffffffffffffff7   ..X.............
0x00000020589ff6b8:   0000019af75413d8 0000000000000007   ..T.............
0x00000020589ff6c8:   0000019ab7013f00 0000000000000000   .?..............
0x00000020589ff6d8:   00000004406e70b8 0000019af75413e0   .pn@......T.....
0x00000020589ff6e8:   0000000000000000 00000020589ff718   ...........X ...
0x00000020589ff6f8:   00000020589ff780 0000019a94579154   ...X ...T.W.....
0x00000020589ff708:   00000004406e70b8 0000019a9457c757   .pn@....W.W.....
0x00000020589ff718:   000000003f800000 0000019a3f800000   ...?.......?....
0x00000020589ff728:   0000019a3f800000 0000019a3f800000   ...?.......?....
0x00000020589ff738:   fffffffffffffff7 0000019af750ac0c   ..........P.....
0x00000020589ff748:   0000000000000005 0000019af753a0d8   ..........S.....
0x00000020589ff758:   0000000000000000 000000044067e3d8   ..........g@....
0x00000020589ff768:   0000019af750ac50 fffffffffffffff3   P.P.............
0x00000020589ff778:   00000020589ff790 00000020589ff7f8   ...X ......X ...
0x00000020589ff788:   0000019a94579154 0000019a3f800000   T.W........?....
0x00000020589ff798:   0000019a3f800000 0000019a3f800000   ...?.......?....
0x00000020589ff7a8:   0000019a3f800000 fffffffffffffff7   ...?............
0x00000020589ff7b8:   0000019af7405b97 0000000000000006   .[@.............
0x00000020589ff7c8:   0000019af7405f50 0000000000000000   P_@.............
0x00000020589ff7d8:   0000000440f02520 0000019af7406058    %.@....X`@.....
0x00000020589ff7e8:   fffffffffffffff3 00000020589ff828   ........(..X ...
0x00000020589ff7f8:   00000020589ff878 0000019a94579154   x..X ...T.W.....
0x00000020589ff808:   0000000440618300 0000000440612878   ..a@....x(a@....
0x00000020589ff818:   0000000440606890 00000004404e2718   .h`@.....'N@....
0x00000020589ff828:   0000000440f02900 fffffffffffffff7   .).@............
0x00000020589ff838:   0000019af7405744 0000000000000002   DW@.............
0x00000020589ff848:   0000019af7405920 0000000000000000    Y@.............
0x00000020589ff858:   0000000440efeee8 0000019af7405790   ...@.....W@.....

Instructions: (pc=0x00007ffebeced1f9)
  0x00007ffebeced0f9:   cc cc cc cc cc cc cc 48 8b 01 48 8b 40 18 4c 89
  0x00007ffebeced109:   c1 48 ff a0 60 0a 00 00 cc cc cc cc cc cc cc cc
  0x00007ffebeced119:   cc cc cc cc cc cc cc 48 8b 01 48 8b 40 18 4c 89
  0x00007ffebeced129:   c1 48 ff a0 68 0a 00 00 cc cc cc cc cc cc cc cc
  0x00007ffebeced139:   cc cc cc cc cc cc cc 44 89 ca 44 89 c0 44 8b 44
  0x00007ffebeced149:   24 28 4c 8b 4c 24 30 48 8b 09 48 8b 49 18 4c 8b
  0x00007ffebeced159:   91 70 0a 00 00 89 c1 49 ff e2 cc cc cc cc cc cc
  0x00007ffebeced169:   cc cc cc cc cc cc cc 48 8b 01 48 8b 40 18 44 89
  0x00007ffebeced179:   c1 48 ff 20 cc cc cc 48 8b 01 48 8b 40 18 44 89
  0x00007ffebeced189:   c1 48 ff 60 08 cc cc 44 89 ca 48 8b 01 48 8b 40
  0x00007ffebeced199:   18 48 8b 40 38 44 89 c1 48 ff e0 cc cc cc cc cc
  0x00007ffebeced1a9:   cc cc cc cc cc cc cc 44 89 ca 48 8b 01 48 8b 40
  0x00007ffebeced1b9:   18 48 8b 40 48 44 89 c1 48 ff e0 cc cc cc cc cc
  0x00007ffebeced1c9:   cc cc cc cc cc cc cc 48 8b 01 48 8b 40 18 44 89
  0x00007ffebeced1d9:   c1 48 ff 60 60 cc cc 0f 28 cb 0f 28 c2 f3 0f 10
  0x00007ffebeced1e9:   54 24 28 f3 0f 10 5c 24 30 48 8b 01 48 8b 40 18
=>0x00007ffebeced1f9:   48 8b 40 70 48 ff e0 0f 28 c2 48 8b 01 48 8b 40
  0x00007ffebeced209:   18 48 ff 60 78 cc cc 48 8b 01 48 8b 40 18 44 89
  0x00007ffebeced219:   c1 48 ff a0 88 00 00 00 cc cc cc cc cc cc cc cc
  0x00007ffebeced229:   cc cc cc cc cc cc cc 44 89 ca 44 89 c0 44 0f b6
  0x00007ffebeced239:   44 24 28 44 0f b6 4c 24 30 48 8b 09 48 8b 49 18
  0x00007ffebeced249:   4c 8b 91 98 01 00 00 89 c1 49 ff e2 cc cc cc cc
  0x00007ffebeced259:   cc cc cc cc cc cc cc 48 8b 01 48 8b 40 18 44 89
  0x00007ffebeced269:   c1 48 ff a0 b8 01 00 00 cc cc cc cc cc cc cc cc
  0x00007ffebeced279:   cc cc cc cc cc cc cc 48 8b 01 48 8b 40 18 44 89
  0x00007ffebeced289:   c1 48 ff a0 c8 01 00 00 cc cc cc cc cc cc cc cc
  0x00007ffebeced299:   cc cc cc cc cc cc cc 48 8b 01 48 8b 40 18 44 89
  0x00007ffebeced2a9:   c1 48 ff a0 d0 01 00 00 cc cc cc cc cc cc cc cc
  0x00007ffebeced2b9:   cc cc cc cc cc cc cc 0f 28 cb 0f 28 c2 48 8b 01
  0x00007ffebeced2c9:   48 8b 40 18 48 8b 80 d8 01 00 00 48 ff e0 cc cc
  0x00007ffebeced2d9:   cc cc cc cc cc cc cc 44 89 ca 44 89 c0 44 8b 44
  0x00007ffebeced2e9:   24 28 48 8b 09 48 8b 49 18 4c 8b 89 e8 01 00 00


Stack slot to memory mapping:

stack at sp + 0 slots: 0x0000019a9458078b is at code_begin+1899 in an Interpreter codelet
native method entry point (kind = native)  [0x0000019a94580020, 0x0000019a94581170]  4432 bytes
stack at sp + 1 slots: 0x0000019a94579154 is at code_begin+3476 in an Interpreter codelet
return entry points  [0x0000019a945783c0, 0x0000019a9457a5c0]  8704 bytes
stack at sp + 2 slots: 0x0000019a945802fe is at code_begin+734 in an Interpreter codelet
native method entry point (kind = native)  [0x0000019a94580020, 0x0000019a94581170]  4432 bytes
stack at sp + 3 slots: {method} {0x0000019af75413e8} 'glClearColor' '(FFFF)V' in 'org/lwjgl/opengl/GL11C'
stack at sp + 4 slots: 0x0 is null
stack at sp + 5 slots: 0x000000203f800000 is an unknown value
stack at sp + 6 slots: 0x0000019a3f800000 is an unknown value
stack at sp + 7 slots: 0x0000019a94578108 is at code_begin+-56 in 
[CodeBlob (0x0000019a94578108)]
Framesize: 0
BufferBlob (0x0000019a94578108) used for Interpreter

Lock stack of current Java thread (top to bottom):


---------------  P R O C E S S  ---------------

Threads class SMR info:
_java_thread_list=0x0000019ab5438d50, length=15, elements={
0x0000019a848c1160, 0x0000019ab18a18c0, 0x0000019ab18a2000, 0x0000019ab18a49b0,
0x0000019ab18a5700, 0x0000019ab18a6230, 0x0000019ab18a7d70, 0x0000019ab523cf40,
0x0000019ab525db20, 0x0000019ab5468d90, 0x0000019ab546a540, 0x0000019ab53d61b0,
0x0000019ab5433460, 0x0000019ab55767a0, 0x0000019ab557f990
}

Java Threads: ( => current thread )
=>0x0000019a848c1160 JavaThread "main"                              [_thread_in_native, id=15164, stack(0x0000002058900000,0x0000002058a00000) (1024K)]
  0x0000019ab18a18c0 JavaThread "Reference Handler"          daemon [_thread_blocked, id=40564, stack(0x0000002059100000,0x0000002059200000) (1024K)]
  0x0000019ab18a2000 JavaThread "Finalizer"                  daemon [_thread_blocked, id=9380, stack(0x0000002059200000,0x0000002059300000) (1024K)]
  0x0000019ab18a49b0 JavaThread "Signal Dispatcher"          daemon [_thread_blocked, id=7144, stack(0x0000002059300000,0x0000002059400000) (1024K)]
  0x0000019ab18a5700 JavaThread "Attach Listener"            daemon [_thread_blocked, id=38748, stack(0x0000002059400000,0x0000002059500000) (1024K)]
  0x0000019ab18a6230 JavaThread "Service Thread"             daemon [_thread_blocked, id=36060, stack(0x0000002059500000,0x0000002059600000) (1024K)]
  0x0000019ab18a7d70 JavaThread "Monitor Deflation Thread"   daemon [_thread_blocked, id=8276, stack(0x0000002059600000,0x0000002059700000) (1024K)]
  0x0000019ab523cf40 JavaThread "C2 CompilerThread0"         daemon [_thread_blocked, id=39888, stack(0x0000002059700000,0x0000002059800000) (1024K)]
  0x0000019ab525db20 JavaThread "C1 CompilerThread0"         daemon [_thread_blocked, id=37820, stack(0x0000002059800000,0x0000002059900000) (1024K)]
  0x0000019ab5468d90 JavaThread "JDWP Transport Listener: dt_socket" daemon [_thread_blocked, id=39452, stack(0x0000002059a00000,0x0000002059b00000) (1024K)]
  0x0000019ab546a540 JavaThread "JDWP Event Helper Thread"   daemon [_thread_blocked, id=14272, stack(0x0000002059b00000,0x0000002059c00000) (1024K)]
  0x0000019ab53d61b0 JavaThread "JDWP Command Reader"        daemon [_thread_in_native, id=11268, stack(0x0000002059c00000,0x0000002059d00000) (1024K)]
  0x0000019ab5433460 JavaThread "Common-Cleaner"             daemon [_thread_blocked, id=30944, stack(0x0000002059d00000,0x0000002059e00000) (1024K)]
  0x0000019ab55767a0 JavaThread "IntelliJ Suspend Helper"    daemon [_thread_blocked, id=38144, stack(0x0000002059e00000,0x0000002059f00000) (1024K)]
  0x0000019ab557f990 JavaThread "Notification Thread"        daemon [_thread_blocked, id=38796, stack(0x0000002059f00000,0x000000205a000000) (1024K)]
Total: 15

Other Threads:
  0x0000019ab1890180 VMThread "VM Thread"                           [id=34820, stack(0x0000002059000000,0x0000002059100000) (1024K)]
  0x0000019ab1831680 WatcherThread "VM Periodic Task Thread"        [id=31028, stack(0x0000002058f00000,0x0000002059000000) (1024K)]
  0x0000019ab1700050 WorkerThread "GC Thread#0"                     [id=38444, stack(0x0000002058a00000,0x0000002058b00000) (1024K)]
  0x0000019a8497de90 ConcurrentGCThread "G1 Main Marker"            [id=40756, stack(0x0000002058b00000,0x0000002058c00000) (1024K)]
  0x0000019a8497e840 WorkerThread "G1 Conc#0"                       [id=38612, stack(0x0000002058c00000,0x0000002058d00000) (1024K)]
  0x0000019ab18259a0 ConcurrentGCThread "G1 Refine#0"               [id=40892, stack(0x0000002058d00000,0x0000002058e00000) (1024K)]
  0x0000019ab18263c0 ConcurrentGCThread "G1 Service"                [id=40844, stack(0x0000002058e00000,0x0000002058f00000) (1024K)]
Total: 7

Threads with active compile tasks:
Total: 0

VM state: not at safepoint (normal execution)

VM Mutex/Monitor currently owned by a thread: None

Heap address: 0x0000000401000000, size: 16368 MB, Compressed Oops mode: Zero based, Oop shift amount: 3

CDS archive(s) mapped at: [0x0000019ab6000000-0x0000019ab6d40000-0x0000019ab6d40000), size 13893632, SharedBaseAddress: 0x0000019ab6000000, ArchiveRelocationMode: 1.
Compressed class space mapped at: 0x0000019ab7000000-0x0000019af7000000, reserved size: 1073741824
UseCompressedClassPointers 1, UseCompactObjectHeaders 0
Narrow klass pointer bits 32, Max shift 3
Narrow klass base: 0x0000019ab6000000, Narrow klass shift: 0
Encoding Range: [0x0000019ab6000000 - 0x0000019bb6000000), (4294967296 bytes)
Klass Range:    [0x0000019ab6000000 - 0x0000019af7000000), (1090519040 bytes)
Klass ID Range:  [8 - 1090519033) (1090519025)

GC Precious Log:
 CardTable entry size: 512
 Card Set container configuration: InlinePtr #cards 4 size 8 Array Of Cards #cards 64 size 144 Howl #buckets 8 coarsen threshold 14745 Howl Bitmap #cards 2048 size 272 coarsen threshold 1843 Card regions per heap region 1 cards per card region 16384
 CPUs: 32 total, 32 available
 Memory: 65442M
 Large Page Support: Disabled
 NUMA Support: Disabled
 Compressed Oops: Enabled (Zero based)
 Heap Region Size: 8M
 Heap Min Capacity: 8M
 Heap Initial Capacity: 1G
 Heap Max Capacity: 16368M
 Pre-touch: Disabled
 Parallel Workers: 23
 Concurrent Workers: 6
 Concurrent Refinement Workers: 23
 Periodic GC: Disabled

Heap:
 garbage-first heap   total reserved 16760832K, committed 1056768K, used 9332K [0x0000000401000000, 0x0000000800000000)
  region size 8192K, 2 young (16384K), 0 survivors (0K)
 Metaspace       used 5397K, committed 5568K, reserved 1114112K
  class space    used 390K, committed 448K, reserved 1048576K

Heap Regions: E=young(eden), S=young(survivor), O=old, HS=humongous(starts), HC=humongous(continues), CS=collection set, F=free, TAMS=top-at-mark-start, PB=parsable bottom
|   0|0x0000000401000000, 0x0000000401000000, 0x0000000401800000|  0%| F|  |TAMS 0x0000000401000000| PB 0x0000000401000000| Untracked |  0
|   1|0x0000000401800000, 0x0000000401800000, 0x0000000402000000|  0%| F|  |TAMS 0x0000000401800000| PB 0x0000000401800000| Untracked |  0
|   2|0x0000000402000000, 0x0000000402000000, 0x0000000402800000|  0%| F|  |TAMS 0x0000000402000000| PB 0x0000000402000000| Untracked |  0
|   3|0x0000000402800000, 0x0000000402800000, 0x0000000403000000|  0%| F|  |TAMS 0x0000000402800000| PB 0x0000000402800000| Untracked |  0
|   4|0x0000000403000000, 0x0000000403000000, 0x0000000403800000|  0%| F|  |TAMS 0x0000000403000000| PB 0x0000000403000000| Untracked |  0
|   5|0x0000000403800000, 0x0000000403800000, 0x0000000404000000|  0%| F|  |TAMS 0x0000000403800000| PB 0x0000000403800000| Untracked |  0
|   6|0x0000000404000000, 0x0000000404000000, 0x0000000404800000|  0%| F|  |TAMS 0x0000000404000000| PB 0x0000000404000000| Untracked |  0
|   7|0x0000000404800000, 0x0000000404800000, 0x0000000405000000|  0%| F|  |TAMS 0x0000000404800000| PB 0x0000000404800000| Untracked |  0
|   8|0x0000000405000000, 0x0000000405000000, 0x0000000405800000|  0%| F|  |TAMS 0x0000000405000000| PB 0x0000000405000000| Untracked |  0
|   9|0x0000000405800000, 0x0000000405800000, 0x0000000406000000|  0%| F|  |TAMS 0x0000000405800000| PB 0x0000000405800000| Untracked |  0
|  10|0x0000000406000000, 0x0000000406000000, 0x0000000406800000|  0%| F|  |TAMS 0x0000000406000000| PB 0x0000000406000000| Untracked |  0
|  11|0x0000000406800000, 0x0000000406800000, 0x0000000407000000|  0%| F|  |TAMS 0x0000000406800000| PB 0x0000000406800000| Untracked |  0
|  12|0x0000000407000000, 0x0000000407000000, 0x0000000407800000|  0%| F|  |TAMS 0x0000000407000000| PB 0x0000000407000000| Untracked |  0
|  13|0x0000000407800000, 0x0000000407800000, 0x0000000408000000|  0%| F|  |TAMS 0x0000000407800000| PB 0x0000000407800000| Untracked |  0
|  14|0x0000000408000000, 0x0000000408000000, 0x0000000408800000|  0%| F|  |TAMS 0x0000000408000000| PB 0x0000000408000000| Untracked |  0
|  15|0x0000000408800000, 0x0000000408800000, 0x0000000409000000|  0%| F|  |TAMS 0x0000000408800000| PB 0x0000000408800000| Untracked |  0
|  16|0x0000000409000000, 0x0000000409000000, 0x0000000409800000|  0%| F|  |TAMS 0x0000000409000000| PB 0x0000000409000000| Untracked |  0
|  17|0x0000000409800000, 0x0000000409800000, 0x000000040a000000|  0%| F|  |TAMS 0x0000000409800000| PB 0x0000000409800000| Untracked |  0
|  18|0x000000040a000000, 0x000000040a000000, 0x000000040a800000|  0%| F|  |TAMS 0x000000040a000000| PB 0x000000040a000000| Untracked |  0
|  19|0x000000040a800000, 0x000000040a800000, 0x000000040b000000|  0%| F|  |TAMS 0x000000040a800000| PB 0x000000040a800000| Untracked |  0
|  20|0x000000040b000000, 0x000000040b000000, 0x000000040b800000|  0%| F|  |TAMS 0x000000040b000000| PB 0x000000040b000000| Untracked |  0
|  21|0x000000040b800000, 0x000000040b800000, 0x000000040c000000|  0%| F|  |TAMS 0x000000040b800000| PB 0x000000040b800000| Untracked |  0
|  22|0x000000040c000000, 0x000000040c000000, 0x000000040c800000|  0%| F|  |TAMS 0x000000040c000000| PB 0x000000040c000000| Untracked |  0
|  23|0x000000040c800000, 0x000000040c800000, 0x000000040d000000|  0%| F|  |TAMS 0x000000040c800000| PB 0x000000040c800000| Untracked |  0
|  24|0x000000040d000000, 0x000000040d000000, 0x000000040d800000|  0%| F|  |TAMS 0x000000040d000000| PB 0x000000040d000000| Untracked |  0
|  25|0x000000040d800000, 0x000000040d800000, 0x000000040e000000|  0%| F|  |TAMS 0x000000040d800000| PB 0x000000040d800000| Untracked |  0
|  26|0x000000040e000000, 0x000000040e000000, 0x000000040e800000|  0%| F|  |TAMS 0x000000040e000000| PB 0x000000040e000000| Untracked |  0
|  27|0x000000040e800000, 0x000000040e800000, 0x000000040f000000|  0%| F|  |TAMS 0x000000040e800000| PB 0x000000040e800000| Untracked |  0
|  28|0x000000040f000000, 0x000000040f000000, 0x000000040f800000|  0%| F|  |TAMS 0x000000040f000000| PB 0x000000040f000000| Untracked |  0
|  29|0x000000040f800000, 0x000000040f800000, 0x0000000410000000|  0%| F|  |TAMS 0x000000040f800000| PB 0x000000040f800000| Untracked |  0
|  30|0x0000000410000000, 0x0000000410000000, 0x0000000410800000|  0%| F|  |TAMS 0x0000000410000000| PB 0x0000000410000000| Untracked |  0
|  31|0x0000000410800000, 0x0000000410800000, 0x0000000411000000|  0%| F|  |TAMS 0x0000000410800000| PB 0x0000000410800000| Untracked |  0
|  32|0x0000000411000000, 0x0000000411000000, 0x0000000411800000|  0%| F|  |TAMS 0x0000000411000000| PB 0x0000000411000000| Untracked |  0
|  33|0x0000000411800000, 0x0000000411800000, 0x0000000412000000|  0%| F|  |TAMS 0x0000000411800000| PB 0x0000000411800000| Untracked |  0
|  34|0x0000000412000000, 0x0000000412000000, 0x0000000412800000|  0%| F|  |TAMS 0x0000000412000000| PB 0x0000000412000000| Untracked |  0
|  35|0x0000000412800000, 0x0000000412800000, 0x0000000413000000|  0%| F|  |TAMS 0x0000000412800000| PB 0x0000000412800000| Untracked |  0
|  36|0x0000000413000000, 0x0000000413000000, 0x0000000413800000|  0%| F|  |TAMS 0x0000000413000000| PB 0x0000000413000000| Untracked |  0
|  37|0x0000000413800000, 0x0000000413800000, 0x0000000414000000|  0%| F|  |TAMS 0x0000000413800000| PB 0x0000000413800000| Untracked |  0
|  38|0x0000000414000000, 0x0000000414000000, 0x0000000414800000|  0%| F|  |TAMS 0x0000000414000000| PB 0x0000000414000000| Untracked |  0
|  39|0x0000000414800000, 0x0000000414800000, 0x0000000415000000|  0%| F|  |TAMS 0x0000000414800000| PB 0x0000000414800000| Untracked |  0
|  40|0x0000000415000000, 0x0000000415000000, 0x0000000415800000|  0%| F|  |TAMS 0x0000000415000000| PB 0x0000000415000000| Untracked |  0
|  41|0x0000000415800000, 0x0000000415800000, 0x0000000416000000|  0%| F|  |TAMS 0x0000000415800000| PB 0x0000000415800000| Untracked |  0
|  42|0x0000000416000000, 0x0000000416000000, 0x0000000416800000|  0%| F|  |TAMS 0x0000000416000000| PB 0x0000000416000000| Untracked |  0
|  43|0x0000000416800000, 0x0000000416800000, 0x0000000417000000|  0%| F|  |TAMS 0x0000000416800000| PB 0x0000000416800000| Untracked |  0
|  44|0x0000000417000000, 0x0000000417000000, 0x0000000417800000|  0%| F|  |TAMS 0x0000000417000000| PB 0x0000000417000000| Untracked |  0
|  45|0x0000000417800000, 0x0000000417800000, 0x0000000418000000|  0%| F|  |TAMS 0x0000000417800000| PB 0x0000000417800000| Untracked |  0
|  46|0x0000000418000000, 0x0000000418000000, 0x0000000418800000|  0%| F|  |TAMS 0x0000000418000000| PB 0x0000000418000000| Untracked |  0
|  47|0x0000000418800000, 0x0000000418800000, 0x0000000419000000|  0%| F|  |TAMS 0x0000000418800000| PB 0x0000000418800000| Untracked |  0
|  48|0x0000000419000000, 0x0000000419000000, 0x0000000419800000|  0%| F|  |TAMS 0x0000000419000000| PB 0x0000000419000000| Untracked |  0
|  49|0x0000000419800000, 0x0000000419800000, 0x000000041a000000|  0%| F|  |TAMS 0x0000000419800000| PB 0x0000000419800000| Untracked |  0
|  50|0x000000041a000000, 0x000000041a000000, 0x000000041a800000|  0%| F|  |TAMS 0x000000041a000000| PB 0x000000041a000000| Untracked |  0
|  51|0x000000041a800000, 0x000000041a800000, 0x000000041b000000|  0%| F|  |TAMS 0x000000041a800000| PB 0x000000041a800000| Untracked |  0
|  52|0x000000041b000000, 0x000000041b000000, 0x000000041b800000|  0%| F|  |TAMS 0x000000041b000000| PB 0x000000041b000000| Untracked |  0
|  53|0x000000041b800000, 0x000000041b800000, 0x000000041c000000|  0%| F|  |TAMS 0x000000041b800000| PB 0x000000041b800000| Untracked |  0
|  54|0x000000041c000000, 0x000000041c000000, 0x000000041c800000|  0%| F|  |TAMS 0x000000041c000000| PB 0x000000041c000000| Untracked |  0
|  55|0x000000041c800000, 0x000000041c800000, 0x000000041d000000|  0%| F|  |TAMS 0x000000041c800000| PB 0x000000041c800000| Untracked |  0
|  56|0x000000041d000000, 0x000000041d000000, 0x000000041d800000|  0%| F|  |TAMS 0x000000041d000000| PB 0x000000041d000000| Untracked |  0
|  57|0x000000041d800000, 0x000000041d800000, 0x000000041e000000|  0%| F|  |TAMS 0x000000041d800000| PB 0x000000041d800000| Untracked |  0
|  58|0x000000041e000000, 0x000000041e000000, 0x000000041e800000|  0%| F|  |TAMS 0x000000041e000000| PB 0x000000041e000000| Untracked |  0
|  59|0x000000041e800000, 0x000000041e800000, 0x000000041f000000|  0%| F|  |TAMS 0x000000041e800000| PB 0x000000041e800000| Untracked |  0
|  60|0x000000041f000000, 0x000000041f000000, 0x000000041f800000|  0%| F|  |TAMS 0x000000041f000000| PB 0x000000041f000000| Untracked |  0
|  61|0x000000041f800000, 0x000000041f800000, 0x0000000420000000|  0%| F|  |TAMS 0x000000041f800000| PB 0x000000041f800000| Untracked |  0
|  62|0x0000000420000000, 0x0000000420000000, 0x0000000420800000|  0%| F|  |TAMS 0x0000000420000000| PB 0x0000000420000000| Untracked |  0
|  63|0x0000000420800000, 0x0000000420800000, 0x0000000421000000|  0%| F|  |TAMS 0x0000000420800000| PB 0x0000000420800000| Untracked |  0
|  64|0x0000000421000000, 0x0000000421000000, 0x0000000421800000|  0%| F|  |TAMS 0x0000000421000000| PB 0x0000000421000000| Untracked |  0
|  65|0x0000000421800000, 0x0000000421800000, 0x0000000422000000|  0%| F|  |TAMS 0x0000000421800000| PB 0x0000000421800000| Untracked |  0
|  66|0x0000000422000000, 0x0000000422000000, 0x0000000422800000|  0%| F|  |TAMS 0x0000000422000000| PB 0x0000000422000000| Untracked |  0
|  67|0x0000000422800000, 0x0000000422800000, 0x0000000423000000|  0%| F|  |TAMS 0x0000000422800000| PB 0x0000000422800000| Untracked |  0
|  68|0x0000000423000000, 0x0000000423000000, 0x0000000423800000|  0%| F|  |TAMS 0x0000000423000000| PB 0x0000000423000000| Untracked |  0
|  69|0x0000000423800000, 0x0000000423800000, 0x0000000424000000|  0%| F|  |TAMS 0x0000000423800000| PB 0x0000000423800000| Untracked |  0
|  70|0x0000000424000000, 0x0000000424000000, 0x0000000424800000|  0%| F|  |TAMS 0x0000000424000000| PB 0x0000000424000000| Untracked |  0
|  71|0x0000000424800000, 0x0000000424800000, 0x0000000425000000|  0%| F|  |TAMS 0x0000000424800000| PB 0x0000000424800000| Untracked |  0
|  72|0x0000000425000000, 0x0000000425000000, 0x0000000425800000|  0%| F|  |TAMS 0x0000000425000000| PB 0x0000000425000000| Untracked |  0
|  73|0x0000000425800000, 0x0000000425800000, 0x0000000426000000|  0%| F|  |TAMS 0x0000000425800000| PB 0x0000000425800000| Untracked |  0
|  74|0x0000000426000000, 0x0000000426000000, 0x0000000426800000|  0%| F|  |TAMS 0x0000000426000000| PB 0x0000000426000000| Untracked |  0
|  75|0x0000000426800000, 0x0000000426800000, 0x0000000427000000|  0%| F|  |TAMS 0x0000000426800000| PB 0x0000000426800000| Untracked |  0
|  76|0x0000000427000000, 0x0000000427000000, 0x0000000427800000|  0%| F|  |TAMS 0x0000000427000000| PB 0x0000000427000000| Untracked |  0
|  77|0x0000000427800000, 0x0000000427800000, 0x0000000428000000|  0%| F|  |TAMS 0x0000000427800000| PB 0x0000000427800000| Untracked |  0
|  78|0x0000000428000000, 0x0000000428000000, 0x0000000428800000|  0%| F|  |TAMS 0x0000000428000000| PB 0x0000000428000000| Untracked |  0
|  79|0x0000000428800000, 0x0000000428800000, 0x0000000429000000|  0%| F|  |TAMS 0x0000000428800000| PB 0x0000000428800000| Untracked |  0
|  80|0x0000000429000000, 0x0000000429000000, 0x0000000429800000|  0%| F|  |TAMS 0x0000000429000000| PB 0x0000000429000000| Untracked |  0
|  81|0x0000000429800000, 0x0000000429800000, 0x000000042a000000|  0%| F|  |TAMS 0x0000000429800000| PB 0x0000000429800000| Untracked |  0
|  82|0x000000042a000000, 0x000000042a000000, 0x000000042a800000|  0%| F|  |TAMS 0x000000042a000000| PB 0x000000042a000000| Untracked |  0
|  83|0x000000042a800000, 0x000000042a800000, 0x000000042b000000|  0%| F|  |TAMS 0x000000042a800000| PB 0x000000042a800000| Untracked |  0
|  84|0x000000042b000000, 0x000000042b000000, 0x000000042b800000|  0%| F|  |TAMS 0x000000042b000000| PB 0x000000042b000000| Untracked |  0
|  85|0x000000042b800000, 0x000000042b800000, 0x000000042c000000|  0%| F|  |TAMS 0x000000042b800000| PB 0x000000042b800000| Untracked |  0
|  86|0x000000042c000000, 0x000000042c000000, 0x000000042c800000|  0%| F|  |TAMS 0x000000042c000000| PB 0x000000042c000000| Untracked |  0
|  87|0x000000042c800000, 0x000000042c800000, 0x000000042d000000|  0%| F|  |TAMS 0x000000042c800000| PB 0x000000042c800000| Untracked |  0
|  88|0x000000042d000000, 0x000000042d000000, 0x000000042d800000|  0%| F|  |TAMS 0x000000042d000000| PB 0x000000042d000000| Untracked |  0
|  89|0x000000042d800000, 0x000000042d800000, 0x000000042e000000|  0%| F|  |TAMS 0x000000042d800000| PB 0x000000042d800000| Untracked |  0
|  90|0x000000042e000000, 0x000000042e000000, 0x000000042e800000|  0%| F|  |TAMS 0x000000042e000000| PB 0x000000042e000000| Untracked |  0
|  91|0x000000042e800000, 0x000000042e800000, 0x000000042f000000|  0%| F|  |TAMS 0x000000042e800000| PB 0x000000042e800000| Untracked |  0
|  92|0x000000042f000000, 0x000000042f000000, 0x000000042f800000|  0%| F|  |TAMS 0x000000042f000000| PB 0x000000042f000000| Untracked |  0
|  93|0x000000042f800000, 0x000000042f800000, 0x0000000430000000|  0%| F|  |TAMS 0x000000042f800000| PB 0x000000042f800000| Untracked |  0
|  94|0x0000000430000000, 0x0000000430000000, 0x0000000430800000|  0%| F|  |TAMS 0x0000000430000000| PB 0x0000000430000000| Untracked |  0
|  95|0x0000000430800000, 0x0000000430800000, 0x0000000431000000|  0%| F|  |TAMS 0x0000000430800000| PB 0x0000000430800000| Untracked |  0
|  96|0x0000000431000000, 0x0000000431000000, 0x0000000431800000|  0%| F|  |TAMS 0x0000000431000000| PB 0x0000000431000000| Untracked |  0
|  97|0x0000000431800000, 0x0000000431800000, 0x0000000432000000|  0%| F|  |TAMS 0x0000000431800000| PB 0x0000000431800000| Untracked |  0
|  98|0x0000000432000000, 0x0000000432000000, 0x0000000432800000|  0%| F|  |TAMS 0x0000000432000000| PB 0x0000000432000000| Untracked |  0
|  99|0x0000000432800000, 0x0000000432800000, 0x0000000433000000|  0%| F|  |TAMS 0x0000000432800000| PB 0x0000000432800000| Untracked |  0
| 100|0x0000000433000000, 0x0000000433000000, 0x0000000433800000|  0%| F|  |TAMS 0x0000000433000000| PB 0x0000000433000000| Untracked |  0
| 101|0x0000000433800000, 0x0000000433800000, 0x0000000434000000|  0%| F|  |TAMS 0x0000000433800000| PB 0x0000000433800000| Untracked |  0
| 102|0x0000000434000000, 0x0000000434000000, 0x0000000434800000|  0%| F|  |TAMS 0x0000000434000000| PB 0x0000000434000000| Untracked |  0
| 103|0x0000000434800000, 0x0000000434800000, 0x0000000435000000|  0%| F|  |TAMS 0x0000000434800000| PB 0x0000000434800000| Untracked |  0
| 104|0x0000000435000000, 0x0000000435000000, 0x0000000435800000|  0%| F|  |TAMS 0x0000000435000000| PB 0x0000000435000000| Untracked |  0
| 105|0x0000000435800000, 0x0000000435800000, 0x0000000436000000|  0%| F|  |TAMS 0x0000000435800000| PB 0x0000000435800000| Untracked |  0
| 106|0x0000000436000000, 0x0000000436000000, 0x0000000436800000|  0%| F|  |TAMS 0x0000000436000000| PB 0x0000000436000000| Untracked |  0
| 107|0x0000000436800000, 0x0000000436800000, 0x0000000437000000|  0%| F|  |TAMS 0x0000000436800000| PB 0x0000000436800000| Untracked |  0
| 108|0x0000000437000000, 0x0000000437000000, 0x0000000437800000|  0%| F|  |TAMS 0x0000000437000000| PB 0x0000000437000000| Untracked |  0
| 109|0x0000000437800000, 0x0000000437800000, 0x0000000438000000|  0%| F|  |TAMS 0x0000000437800000| PB 0x0000000437800000| Untracked |  0
| 110|0x0000000438000000, 0x0000000438000000, 0x0000000438800000|  0%| F|  |TAMS 0x0000000438000000| PB 0x0000000438000000| Untracked |  0
| 111|0x0000000438800000, 0x0000000438800000, 0x0000000439000000|  0%| F|  |TAMS 0x0000000438800000| PB 0x0000000438800000| Untracked |  0
| 112|0x0000000439000000, 0x0000000439000000, 0x0000000439800000|  0%| F|  |TAMS 0x0000000439000000| PB 0x0000000439000000| Untracked |  0
| 113|0x0000000439800000, 0x0000000439800000, 0x000000043a000000|  0%| F|  |TAMS 0x0000000439800000| PB 0x0000000439800000| Untracked |  0
| 114|0x000000043a000000, 0x000000043a000000, 0x000000043a800000|  0%| F|  |TAMS 0x000000043a000000| PB 0x000000043a000000| Untracked |  0
| 115|0x000000043a800000, 0x000000043a800000, 0x000000043b000000|  0%| F|  |TAMS 0x000000043a800000| PB 0x000000043a800000| Untracked |  0
| 116|0x000000043b000000, 0x000000043b000000, 0x000000043b800000|  0%| F|  |TAMS 0x000000043b000000| PB 0x000000043b000000| Untracked |  0
| 117|0x000000043b800000, 0x000000043b800000, 0x000000043c000000|  0%| F|  |TAMS 0x000000043b800000| PB 0x000000043b800000| Untracked |  0
| 118|0x000000043c000000, 0x000000043c000000, 0x000000043c800000|  0%| F|  |TAMS 0x000000043c000000| PB 0x000000043c000000| Untracked |  0
| 119|0x000000043c800000, 0x000000043c800000, 0x000000043d000000|  0%| F|  |TAMS 0x000000043c800000| PB 0x000000043c800000| Untracked |  0
| 120|0x000000043d000000, 0x000000043d000000, 0x000000043d800000|  0%| F|  |TAMS 0x000000043d000000| PB 0x000000043d000000| Untracked |  0
| 121|0x000000043d800000, 0x000000043d800000, 0x000000043e000000|  0%| F|  |TAMS 0x000000043d800000| PB 0x000000043d800000| Untracked |  0
| 122|0x000000043e000000, 0x000000043e000000, 0x000000043e800000|  0%| F|  |TAMS 0x000000043e000000| PB 0x000000043e000000| Untracked |  0
| 123|0x000000043e800000, 0x000000043e800000, 0x000000043f000000|  0%| F|  |TAMS 0x000000043e800000| PB 0x000000043e800000| Untracked |  0
| 124|0x000000043f000000, 0x000000043f000000, 0x000000043f800000|  0%| F|  |TAMS 0x000000043f000000| PB 0x000000043f000000| Untracked |  0
| 125|0x000000043f800000, 0x000000043f800000, 0x0000000440000000|  0%| F|  |TAMS 0x000000043f800000| PB 0x000000043f800000| Untracked |  0
| 126|0x0000000440000000, 0x00000004406e8db8, 0x0000000440800000| 86%| E|  |TAMS 0x0000000440000000| PB 0x0000000440000000| Complete |  0
| 127|0x0000000440800000, 0x0000000441000000, 0x0000000441000000|100%| E|CS|TAMS 0x0000000440800000| PB 0x0000000440800000| Complete |  0
|2045|0x00000007ff800000, 0x00000007ff91d1c0, 0x0000000800000000| 13%| O|  |TAMS 0x00000007ff800000| PB 0x00000007ff800000| Untracked |  0

Card table byte_map: [0x0000019a9f5b0000,0x0000019aa15b0000] _byte_map_base: 0x0000019a9d5a8000

Marking Bits: (CMBitMap*) 0x0000019ab1700760
 Bits: [0x0000019aa15b0000, 0x0000019ab1570000)

Polling page: 0x0000019a826c0000

Metaspace:

Usage:
  Non-class:      4.89 MB used.
      Class:    390.15 KB used.
       Both:      5.27 MB used.

Virtual space:
  Non-class space:       64.00 MB reserved,       5.00 MB (  8%) committed,  1 nodes.
      Class space:        1.00 GB reserved,     448.00 KB ( <1%) committed,  1 nodes.
             Both:        1.06 GB reserved,       5.44 MB ( <1%) committed. 

Chunk freelists:
   Non-Class:  10.67 MB
       Class:  15.52 MB
        Both:  26.19 MB

MaxMetaspaceSize: unlimited
CompressedClassSpaceSize: 1.00 GB
Initial GC threshold: 21.00 MB
Current GC threshold: 21.00 MB
CDS: on
 - commit_granule_bytes: 65536.
 - commit_granule_words: 8192.
 - virtual_space_node_default_size: 8388608.
 - enlarge_chunks_in_place: 1.
UseCompressedClassPointers 1, UseCompactObjectHeaders 0
Narrow klass pointer bits 32, Max shift 3
Narrow klass base: 0x0000019ab6000000, Narrow klass shift: 0
Encoding Range: [0x0000019ab6000000 - 0x0000019bb6000000), (4294967296 bytes)
Klass Range:    [0x0000019ab6000000 - 0x0000019af7000000), (1090519040 bytes)
Klass ID Range:  [8 - 1090519033) (1090519025)


Internal statistics:

num_allocs_failed_limit: 0.
num_arena_births: 90.
num_arena_deaths: 0.
num_vsnodes_births: 2.
num_vsnodes_deaths: 0.
num_space_committed: 87.
num_space_uncommitted: 0.
num_chunks_returned_to_freelist: 0.
num_chunks_taken_from_freelist: 174.
num_chunk_merges: 0.
num_chunk_splits: 109.
num_chunks_enlarged: 64.
num_inconsistent_stats: 0.

CodeHeap 'non-profiled nmethods': size=118912Kb used=109Kb max_used=109Kb free=118802Kb
 bounds [0x0000019a94d40000, 0x0000019a94fb0000, 0x0000019a9c160000]
CodeHeap 'profiled nmethods': size=118848Kb used=262Kb max_used=262Kb free=118585Kb
 bounds [0x0000019a8d160000, 0x0000019a8d3d0000, 0x0000019a94570000]
CodeHeap 'non-nmethods': size=8000Kb used=1935Kb max_used=1935Kb free=6064Kb
 bounds [0x0000019a94570000, 0x0000019a947e0000, 0x0000019a94d40000]
CodeCache: size=245760Kb, used=2306Kb, max_used=2306Kb, free=243451Kb
 total_blobs=1381, nmethods=325, adapters=962, full_count=0
Compilation: enabled, stopped_count=0, restarted_count=0

Compilation events (20 events):
Event: 0.212 Thread 0x0000019ab525db20  287       3       org.jetbrains.capture.org.objectweb.asm.Frame::push (109 bytes)
Event: 0.212 Thread 0x0000019ab525db20 nmethod 287 0x0000019a8d19e888 code [0x0000019a8d19e9e0, 0x0000019a8d19ef40]
Event: 0.212 Thread 0x0000019ab525db20  288       3       java.lang.String::indexOf (65 bytes)
Event: 0.212 Thread 0x0000019ab523cf40 nmethod 277 0x0000019a94d55308 code [0x0000019a94d55400, 0x0000019a94d55508]
Event: 0.212 Thread 0x0000019ab525db20 nmethod 288 0x0000019a8d19ef88 code [0x0000019a8d19f120, 0x0000019a8d19f9a8]
Event: 0.212 Thread 0x0000019ab525db20  291       3       org.jetbrains.capture.org.objectweb.asm.SymbolTable::addConstantUtf8 (98 bytes)
Event: 0.213 Thread 0x0000019ab525db20 nmethod 291 0x0000019a8d19fa08 code [0x0000019a8d19fbc0, 0x0000019a8d1a02c0]
Event: 0.213 Thread 0x0000019ab525db20  289       3       org.jetbrains.capture.org.objectweb.asm.ClassReader::readClass (7 bytes)
Event: 0.213 Thread 0x0000019ab525db20 nmethod 289 0x0000019a8d1a0308 code [0x0000019a8d1a0460, 0x0000019a8d1a0870]
Event: 0.213 Thread 0x0000019ab525db20  290       3       org.jetbrains.capture.org.objectweb.asm.ClassReader::readStringish (16 bytes)
Event: 0.213 Thread 0x0000019ab525db20 nmethod 290 0x0000019a8d1a0908 code [0x0000019a8d1a0a60, 0x0000019a8d1a0e00]
Event: 0.214 Thread 0x0000019ab525f1d0 

Event: 0.225 Thread 0x0000019ab525f1d0  292       1       sun.instrument.TransformerManager$TransformerInfo::transformer (5 bytes)
Event: 0.225 Thread 0x0000019ab525f1d0 nmethod 292 0x0000019a94d55608 code [0x0000019a94d55700, 0x0000019a94d557c8]
Event: 0.228 Thread 0x0000019ab525f1d0  293       3       java.util.HashSet::contains (9 bytes)
Event: 0.228 Thread 0x0000019ab525f1d0 nmethod 293 0x0000019a8d1a0e88 code [0x0000019a8d1a0fc0, 0x0000019a8d1a12c8]
Event: 0.232 Thread 0x0000019ab525f1d0  294       3       java.lang.instrument.ClassFileTransformer::transform (15 bytes)
Event: 0.232 Thread 0x0000019ab525f1d0 nmethod 294 0x0000019a8d1a1308 code [0x0000019a8d1a1420, 0x0000019a8d1a1628]
Event: 8.560 Thread 0x0000019ab525db20  318       1       jdk.internal.event.ThreadSleepEvent::isEnabled (2 bytes)
Event: 8.560 Thread 0x0000019ab525db20 nmethod 318 0x0000019a94d5a108 code [0x0000019a94d5a200, 0x0000019a94d5a2c8]

GC Heap History (0 events):
No events

Dll operation events (10 events):
Event: 0.012 Loaded shared library C:\Program Files\Java\jdk-24\bin\java.dll
Event: 0.013 Loaded shared library C:\Program Files\Java\jdk-24\bin\zip.dll
Event: 0.034 Loaded shared library C:\Program Files\Java\jdk-24\bin\jsvml.dll
Event: 0.189 Loaded shared library C:\Program Files\Java\jdk-24\bin\instrument.dll
Event: 2.258 Loaded shared library C:\Program Files\Java\jdk-24\bin\net.dll
Event: 2.260 Loaded shared library C:\Program Files\Java\jdk-24\bin\nio.dll
Event: 2.313 Loaded shared library C:\Program Files\Java\jdk-24\bin\zip.dll
Event: 2.964 Loaded shared library C:\Program Files\Java\jdk-24\bin\jimage.dll
Event: 3.175 Loaded shared library C:\Users\jcm_d\AppData\Local\Temp\lwjgl_jcm_d\3.3.4+7\x64\lwjgl.dll
Event: 30.821 Loaded shared library C:\Users\jcm_d\AppData\Local\Temp\lwjgl_jcm_d\3.3.4+7\x64\lwjgl_opengl.dll

Deoptimization events (4 events):
Event: 0.206 Thread 0x0000019a848c1160 Uncommon trap: trap_request=0xffffff4d fr.pc=0x0000019a94d4a6d4 relative=0x00000000000000b4
Event: 0.206 Thread 0x0000019a848c1160 Uncommon trap: reason=unstable_if action=reinterpret pc=0x0000019a94d4a6d4 method=java.lang.String.hashCode()I @ 42 c2
Event: 0.206 Thread 0x0000019a848c1160 DEOPT PACKING pc=0x0000019a94d4a6d4 sp=0x00000020589fcf90
Event: 0.206 Thread 0x0000019a848c1160 DEOPT UNPACKING pc=0x0000019a94694602 sp=0x00000020589fcf28 mode 2

Classes loaded (20 events):
Event: 23.489 Loading class java/lang/invoke/VarHandleByteArrayAsDoubles$ArrayHandle
Event: 23.489 Loading class java/lang/invoke/VarHandleByteArrayAsDoubles$ArrayHandle done
Event: 24.397 Loading class org/lwjgl/glfw/GLFWVidMode
Event: 24.397 Loading class org/lwjgl/glfw/GLFWVidMode done
Event: 30.724 Loading class org/lwjgl/opengl/GL11
Event: 30.724 Loading class org/lwjgl/opengl/GL11 done
Event: 30.734 Loading class org/lwjgl/opengl/GL
Event: 30.734 Loading class org/lwjgl/opengl/GL done
Event: 30.738 Loading class org/lwjgl/opengl/GL$ICD
Event: 30.738 Loading class org/lwjgl/opengl/GL$ICD done
Event: 30.742 Loading class org/lwjgl/opengl/GL$ICDStatic
Event: 30.742 Loading class org/lwjgl/opengl/GL$ICDStatic done
Event: 35.028 Loading class org/lwjgl/opengl/GL$2
Event: 35.028 Loading class org/lwjgl/opengl/GL$2 done
Event: 35.058 Loading class org/lwjgl/opengl/GL$1
Event: 35.058 Loading class org/lwjgl/opengl/GL$1 done
Event: 35.062 Loading class org/lwjgl/system/SharedLibrary$Delegate
Event: 35.062 Loading class org/lwjgl/system/SharedLibrary$Delegate done
Event: 35.076 Loading class org/lwjgl/opengl/GL11C
Event: 35.076 Loading class org/lwjgl/opengl/GL11C done

Classes unloaded (0 events):
No events

Classes redefined (1 events):
Event: 0.214 Thread 0x0000019ab1890180 redefined class name=java.lang.Throwable, count=1

Internal exceptions (20 events):
Event: 2.893 Thread 0x0000019a848c1160 Exception <a 'java/lang/NoSuchMethodError'{0x00000004401c6178}: 'void java.lang.invoke.DelegatingMethodHandle$Holder.delegate(java.lang.Object, java.lang.Object, int, java.lang.Object)'> (0x00000004401c6178) 
thrown [s\open\src\hotspot\share\interpreter\linkResolver.cpp, line 805]
Event: 2.898 Thread 0x0000019a848c1160 Exception <a 'java/lang/NoSuchMethodError'{0x00000004401ce9e8}: 'int java.lang.invoke.DirectMethodHandle$Holder.invokeSpecial(java.lang.Object, java.lang.Object, java.lang.Object)'> (0x00000004401ce9e8) 
thrown [s\open\src\hotspot\share\interpreter\linkResolver.cpp, line 805]
Event: 2.947 Thread 0x0000019a848c1160 Exception <a 'java/lang/NoSuchMethodError'{0x0000000440215d50}: 'void java.lang.System.loadLibrary(java.lang.String, java.lang.Class)'> (0x0000000440215d50) 
thrown [s\open\src\hotspot\share\interpreter\linkResolver.cpp, line 805]
Event: 3.197 Thread 0x0000019a848c1160 Exception <a 'sun/nio/fs/WindowsException'{0x00000004402e2508}> (0x00000004402e2508) 
thrown [s\open\src\hotspot\share\prims\jni.cpp, line 518]
Event: 3.198 Thread 0x0000019a848c1160 Exception <a 'sun/nio/fs/WindowsException'{0x00000004402e3b88}> (0x00000004402e3b88) 
thrown [s\open\src\hotspot\share\prims\jni.cpp, line 518]
Event: 8.485 Thread 0x0000019a848c1160 Exception <a 'java/lang/NoSuchMethodError'{0x0000000440410d80}: 'int java.lang.invoke.DirectMethodHandle$Holder.invokeStaticInit(java.lang.Object, java.lang.Object, int, long)'> (0x0000000440410d80) 
thrown [s\open\src\hotspot\share\interpreter\linkResolver.cpp, line 805]
Event: 8.494 Thread 0x0000019a848c1160 Exception <a 'java/lang/NoSuchMethodError'{0x000000044041fe68}: 'java.lang.Object java.lang.invoke.DirectMethodHandle$Holder.newInvokeSpecial(java.lang.Object, java.lang.Object, int)'> (0x000000044041fe68) 
thrown [s\open\src\hotspot\share\interpreter\linkResolver.cpp, line 805]
Event: 8.564 Thread 0x0000019a848c1160 Exception <a 'java/lang/NoSuchMethodError'{0x000000044049e3b0}: 'int java.lang.invoke.DirectMethodHandle$Holder.invokeStaticInit(java.lang.Object, java.lang.Object, long, long)'> (0x000000044049e3b0) 
thrown [s\open\src\hotspot\share\interpreter\linkResolver.cpp, line 805]
Event: 8.573 Thread 0x0000019a848c1160 Exception <a 'java/lang/NoSuchMethodError'{0x00000004404ad760}: 'java.lang.Object java.lang.invoke.DirectMethodHandle$Holder.newInvokeSpecial(java.lang.Object, java.lang.Object, long)'> (0x00000004404ad760) 
thrown [s\open\src\hotspot\share\interpreter\linkResolver.cpp, line 805]
Event: 8.579 Thread 0x0000019a848c1160 Exception <a 'java/lang/NoSuchMethodError'{0x00000004404b61f0}: 'java.lang.Object java.lang.invoke.Invokers$Holder.linkToTargetMethod(java.lang.Object, long, java.lang.Object)'> (0x00000004404b61f0) 
thrown [s\open\src\hotspot\share\interpreter\linkResolver.cpp, line 805]
Event: 8.589 Thread 0x0000019a848c1160 Exception <a 'java/lang/NoSuchMethodError'{0x00000004404c67f8}: 'int java.lang.invoke.DirectMethodHandle$Holder.invokeStaticInit(java.lang.Object, java.lang.Object, java.lang.Object, long)'> (0x00000004404c67f8) 
thrown [s\open\src\hotspot\share\interpreter\linkResolver.cpp, line 805]
Event: 8.699 Thread 0x0000019a848c1160 Exception <a 'sun/nio/fs/WindowsException'{0x000000044057e718}> (0x000000044057e718) 
thrown [s\open\src\hotspot\share\prims\jni.cpp, line 518]
Event: 8.699 Thread 0x0000019a848c1160 Exception <a 'sun/nio/fs/WindowsException'{0x000000044057ea98}> (0x000000044057ea98) 
thrown [s\open\src\hotspot\share\prims\jni.cpp, line 518]
Event: 9.313 Thread 0x0000019a848c1160 Exception <a 'java/lang/NoSuchMethodError'{0x0000000440597898}: 'int java.lang.invoke.Invokers$Holder.invokeExact_MT(java.lang.Object, java.lang.Object)'> (0x0000000440597898) 
thrown [s\open\src\hotspot\share\interpreter\linkResolver.cpp, line 805]
Event: 30.746 Thread 0x0000019a848c1160 Exception <a 'java/lang/NoSuchMethodError'{0x00000004406959f8}: 'void java.lang.System.load(java.lang.String, java.lang.Class)'> (0x00000004406959f8) 
thrown [s\open\src\hotspot\share\interpreter\linkResolver.cpp, line 805]
Event: 30.751 Thread 0x0000019a848c1160 Exception <a 'java/lang/NoSuchMethodError'{0x000000044069d868}: 'void java.lang.System.loadLibrary(java.lang.String, java.lang.Class)'> (0x000000044069d868) 
thrown [s\open\src\hotspot\share\interpreter\linkResolver.cpp, line 805]
Event: 30.816 Thread 0x0000019a848c1160 Exception <a 'sun/nio/fs/WindowsException'{0x00000004406b1410}> (0x00000004406b1410) 
thrown [s\open\src\hotspot\share\prims\jni.cpp, line 518]
Event: 30.816 Thread 0x0000019a848c1160 Exception <a 'sun/nio/fs/WindowsException'{0x00000004406b17d0}> (0x00000004406b17d0) 
thrown [s\open\src\hotspot\share\prims\jni.cpp, line 518]
Event: 35.056 Thread 0x0000019a848c1160 Exception <a 'sun/nio/fs/WindowsException'{0x00000004406b96e0}> (0x00000004406b96e0) 
thrown [s\open\src\hotspot\share\prims\jni.cpp, line 518]
Event: 35.057 Thread 0x0000019a848c1160 Exception <a 'sun/nio/fs/WindowsException'{0x00000004406b99d0}> (0x00000004406b99d0) 
thrown [s\open\src\hotspot\share\prims\jni.cpp, line 518]

VM Operations (20 events):
Event: 27.906 Executing VM operation: ChangeSingleStep
Event: 27.906 Executing VM operation: ChangeSingleStep done
Event: 27.906 Executing VM operation: ChangeSingleStep
Event: 27.906 Executing VM operation: ChangeSingleStep done
Event: 27.908 Executing VM operation: get/set locals
Event: 27.908 Executing VM operation: get/set locals done
Event: 28.978 Executing VM operation: ChangeSingleStep
Event: 28.978 Executing VM operation: ChangeSingleStep done
Event: 28.978 Executing VM operation: ChangeSingleStep
Event: 28.979 Executing VM operation: ChangeSingleStep done
Event: 28.991 Executing VM operation: ChangeSingleStep
Event: 28.991 Executing VM operation: ChangeSingleStep done
Event: 28.991 Executing VM operation: ChangeSingleStep
Event: 28.991 Executing VM operation: ChangeSingleStep done
Event: 28.994 Executing VM operation: get/set locals
Event: 28.994 Executing VM operation: get/set locals done
Event: 30.724 Executing VM operation: ChangeSingleStep
Event: 30.724 Executing VM operation: ChangeSingleStep done
Event: 35.076 Executing VM operation: ChangeSingleStep
Event: 35.076 Executing VM operation: ChangeSingleStep done

Memory protections (0 events):
No events

Nmethod flushes (0 events):
No events

Events (17 events):
Event: 0.024 Thread 0x0000019a848c1160 Thread added: 0x0000019a848c1160
Event: 0.032 Thread 0x0000019a848c1160 Thread added: 0x0000019ab18a18c0
Event: 0.032 Thread 0x0000019a848c1160 Thread added: 0x0000019ab18a2000
Event: 0.033 Thread 0x0000019a848c1160 Thread added: 0x0000019ab18a49b0
Event: 0.033 Thread 0x0000019a848c1160 Thread added: 0x0000019ab18a5700
Event: 0.033 Thread 0x0000019a848c1160 Thread added: 0x0000019ab18a6230
Event: 0.033 Thread 0x0000019a848c1160 Thread added: 0x0000019ab18a7d70
Event: 0.033 Thread 0x0000019a848c1160 Thread added: 0x0000019ab523cf40
Event: 0.033 Thread 0x0000019a848c1160 Thread added: 0x0000019ab525db20
Event: 0.044 Thread 0x0000019ab525db20 Thread added: 0x0000019ab525f1d0
Event: 0.077 Thread 0x0000019a848c1160 Thread added: 0x0000019ab5468d90
Event: 0.077 Thread 0x0000019a848c1160 Thread added: 0x0000019ab546a540
Event: 0.077 Thread 0x0000019ab5468d90 Thread added: 0x0000019ab53d61b0
Event: 0.195 Thread 0x0000019a848c1160 Thread added: 0x0000019ab5433460
Event: 0.224 Thread 0x0000019a848c1160 Thread added: 0x0000019ab55767a0
Event: 0.226 Thread 0x0000019a848c1160 Thread added: 0x0000019ab557f990
Event: 5.232 Thread 0x0000019ab525f1d0 Thread exited: 0x0000019ab525f1d0


Dynamic libraries:
0x00007ff645bf0000 - 0x00007ff645c00000 	C:\Program Files\Java\jdk-24\bin\java.exe
0x00007ffee0a20000 - 0x00007ffee0c87000 	C:\WINDOWS\SYSTEM32\ntdll.dll
0x00007ffedf680000 - 0x00007ffedf749000 	C:\WINDOWS\System32\KERNEL32.DLL
0x00007ffede2f0000 - 0x00007ffede6e7000 	C:\WINDOWS\System32\KERNELBASE.dll
0x00007ffedd450000 - 0x00007ffedd59b000 	C:\WINDOWS\System32\ucrtbase.dll
0x00007ffeab500000 - 0x00007ffeab51b000 	C:\Program Files\Java\jdk-24\bin\VCRUNTIME140.dll
0x00007ffed76c0000 - 0x00007ffed76d6000 	C:\Program Files\Java\jdk-24\bin\jli.dll
0x00007ffedf750000 - 0x00007ffedf916000 	C:\WINDOWS\System32\USER32.dll
0x00007ffedd660000 - 0x00007ffedd687000 	C:\WINDOWS\System32\win32u.dll
0x00007ffec11f0000 - 0x00007ffec1482000 	C:\WINDOWS\WinSxS\amd64_microsoft.windows.common-controls_6595b64144ccf1df_6.0.26100.8457_none_3e0b2faee331e92d\COMCTL32.dll
0x00007ffee0550000 - 0x00007ffee057b000 	C:\WINDOWS\System32\GDI32.dll
0x00007ffede7a0000 - 0x00007ffede849000 	C:\WINDOWS\System32\msvcrt.dll
0x00007ffeddf00000 - 0x00007ffede02c000 	C:\WINDOWS\System32\gdi32full.dll
0x00007ffede6f0000 - 0x00007ffede793000 	C:\WINDOWS\System32\msvcp_win.dll
0x00007ffedf5d0000 - 0x00007ffedf602000 	C:\WINDOWS\System32\IMM32.DLL
0x00007ffeae3e0000 - 0x00007ffeae3ec000 	C:\Program Files\Java\jdk-24\bin\vcruntime140_1.dll
0x00007ffea8e50000 - 0x00007ffea8ede000 	C:\Program Files\Java\jdk-24\bin\msvcp140.dll
0x00007ffdf7e90000 - 0x00007ffdf8c32000 	C:\Program Files\Java\jdk-24\bin\server\jvm.dll
0x00007ffee0580000 - 0x00007ffee0636000 	C:\WINDOWS\System32\ADVAPI32.dll
0x00007ffede850000 - 0x00007ffede8f7000 	C:\WINDOWS\System32\sechost.dll
0x00007ffedea90000 - 0x00007ffedeba8000 	C:\WINDOWS\System32\RPCRT4.dll
0x00007ffee00a0000 - 0x00007ffee0120000 	C:\WINDOWS\System32\WS2_32.dll
0x00007ffedd100000 - 0x00007ffedd15e000 	C:\WINDOWS\SYSTEM32\POWRPROF.dll
0x00007ffed6690000 - 0x00007ffed669b000 	C:\WINDOWS\SYSTEM32\VERSION.dll
0x00007ffed4150000 - 0x00007ffed4186000 	C:\WINDOWS\SYSTEM32\WINMM.dll
0x00007ffedd0e0000 - 0x00007ffedd0f4000 	C:\WINDOWS\SYSTEM32\UMPDC.dll
0x00007ffedc1e0000 - 0x00007ffedc1fb000 	C:\WINDOWS\SYSTEM32\kernel.appcore.dll
0x00007ffea8e40000 - 0x00007ffea8e4a000 	C:\Program Files\Java\jdk-24\bin\jimage.dll
0x00007ffed3f00000 - 0x00007ffed4142000 	C:\WINDOWS\SYSTEM32\DBGHELP.DLL
0x00007ffeded50000 - 0x00007ffedf0d3000 	C:\WINDOWS\System32\combase.dll
0x00007ffee01c0000 - 0x00007ffee0299000 	C:\WINDOWS\System32\OLEAUT32.dll
0x00007ffec3080000 - 0x00007ffec30bb000 	C:\WINDOWS\SYSTEM32\dbgcore.DLL
0x00007ffede030000 - 0x00007ffede0d8000 	C:\WINDOWS\System32\bcryptPrimitives.dll
0x00007ffebee60000 - 0x00007ffebee9c000 	C:\Program Files\Java\jdk-24\bin\jdwp.dll
0x00007ffea8e30000 - 0x00007ffea8e3f000 	C:\Program Files\Java\jdk-24\bin\instrument.dll
0x00007ffea8e10000 - 0x00007ffea8e2e000 	C:\Program Files\Java\jdk-24\bin\java.dll
0x00007ffedebb0000 - 0x00007ffeded47000 	C:\WINDOWS\System32\ole32.dll
0x00007ffedf920000 - 0x00007ffee008e000 	C:\WINDOWS\System32\SHELL32.dll
0x00007ffea8d10000 - 0x00007ffea8d27000 	C:\Program Files\Java\jdk-24\bin\zip.dll
0x00007ffedd690000 - 0x00007ffeddefc000 	C:\WINDOWS\System32\windows.storage.dll
0x00007ffee02b0000 - 0x00007ffee03a6000 	C:\WINDOWS\System32\SHCORE.dll
0x00007ffedf610000 - 0x00007ffedf676000 	C:\WINDOWS\System32\shlwapi.dll
0x00007ffedd370000 - 0x00007ffedd399000 	C:\WINDOWS\SYSTEM32\profapi.dll
0x00007ffea8d30000 - 0x00007ffea8e07000 	C:\Program Files\Java\jdk-24\bin\jsvml.dll
0x00007ffed8d30000 - 0x00007ffed8d3c000 	C:\Program Files\Java\jdk-24\bin\dt_socket.dll
0x00007ffedbbf0000 - 0x00007ffedbc22000 	C:\WINDOWS\SYSTEM32\IPHLPAPI.DLL
0x00007ffedc750000 - 0x00007ffedc7bc000 	C:\WINDOWS\system32\mswsock.dll
0x00007ffea8d00000 - 0x00007ffea8d10000 	C:\Program Files\Java\jdk-24\bin\net.dll
0x00007ffea8ce0000 - 0x00007ffea8cf6000 	C:\Program Files\Java\jdk-24\bin\nio.dll
0x00007ffebede0000 - 0x00007ffebee5b000 	C:\Users\jcm_d\AppData\Local\Temp\lwjgl_jcm_d\3.3.4+7\x64\lwjgl.dll
0x00007ffebed50000 - 0x00007ffebedd5000 	C:\Users\jcm_d\AppData\Local\Temp\lwjgl_jcm_d\3.3.4+7\x64\glfw.dll
0x00007ffeaea70000 - 0x00007ffeaeabb000 	C:\WINDOWS\SYSTEM32\dinput8.dll
0x00007ffed5740000 - 0x00007ffed575c000 	C:\WINDOWS\SYSTEM32\xinput1_4.dll
0x00007ffedd050000 - 0x00007ffedd0a1000 	C:\WINDOWS\SYSTEM32\cfgmgr32.dll
0x00007ffedd020000 - 0x00007ffedd04d000 	C:\WINDOWS\SYSTEM32\DEVOBJ.dll
0x00007ffedb230000 - 0x00007ffedb25f000 	C:\WINDOWS\SYSTEM32\dwmapi.dll
0x00007ffebc280000 - 0x00007ffebc463000 	C:\WINDOWS\SYSTEM32\inputhost.dll
0x00007ffeda920000 - 0x00007ffedaa47000 	C:\WINDOWS\SYSTEM32\CoreMessaging.dll
0x00007ffedaed0000 - 0x00007ffedaf7a000 	C:\WINDOWS\system32\uxtheme.dll
0x00007ffedca50000 - 0x00007ffedca5c000 	C:\WINDOWS\SYSTEM32\CRYPTBASE.DLL
0x00007ffee03b0000 - 0x00007ffee050c000 	C:\WINDOWS\System32\MSCTF.dll
0x00007ffe2ebd0000 - 0x00007ffe2ecdf000 	C:\WINDOWS\SYSTEM32\opengl32.dll
0x00007ffe4e820000 - 0x00007ffe4e84d000 	C:\WINDOWS\SYSTEM32\GLU32.dll
0x00007ffedb1c0000 - 0x00007ffedb205000 	C:\WINDOWS\SYSTEM32\dxcore.dll
0x00007ffec22f0000 - 0x00007ffec230d000 	C:\WINDOWS\SYSTEM32\windows.staterepositorycore.dll
0x00007ffdebd40000 - 0x00007ffdee684000 	C:\WINDOWS\System32\DriverStore\FileRepository\nvgbdi.inf_amd64_bd5dff23c7734147\nvoglv64.dll
0x00007ffedf0f0000 - 0x00007ffedf577000 	C:\WINDOWS\System32\SETUPAPI.dll
0x00007ffedadc0000 - 0x00007ffedade9000 	C:\WINDOWS\SYSTEM32\WTSAPI32.dll
0x00007ffede170000 - 0x00007ffede2e8000 	C:\WINDOWS\System32\CRYPT32.dll
0x00007ffedc480000 - 0x00007ffedc4c9000 	C:\WINDOWS\SYSTEM32\SspiCli.dll
0x00007ffedcb60000 - 0x00007ffedcb73000 	C:\WINDOWS\SYSTEM32\msasn1.dll
0x00007ffed4920000 - 0x00007ffed495b000 	C:\WINDOWS\SYSTEM32\cryptnet.dll
0x00007ffedcaf0000 - 0x00007ffedcb5a000 	C:\WINDOWS\SYSTEM32\wldp.dll
0x00007ffed46c0000 - 0x00007ffed4838000 	C:\WINDOWS\SYSTEM32\drvstore.dll
0x00007ffede0e0000 - 0x00007ffede162000 	C:\WINDOWS\System32\WINTRUST.dll
0x00007ffedc300000 - 0x00007ffedc336000 	C:\WINDOWS\SYSTEM32\ntmarta.dll
0x00007ffee0510000 - 0x00007ffee0530000 	C:\WINDOWS\System32\imagehlp.dll
0x00007ffedca30000 - 0x00007ffedca4b000 	C:\WINDOWS\System32\CRYPTSP.dll
0x00007ffedc140000 - 0x00007ffedc179000 	C:\WINDOWS\system32\rsaenh.dll
0x00007ffedd340000 - 0x00007ffedd36a000 	C:\WINDOWS\System32\bcrypt.dll
0x00007ffecfe70000 - 0x00007ffed3c03000 	C:\WINDOWS\System32\DriverStore\FileRepository\nvgbdi.inf_amd64_bd5dff23c7734147\nvgpucomp64.dll
0x00007ffebbe00000 - 0x00007ffebc114000 	C:\WINDOWS\system32\nvspcap64.dll
0x00007ffedcc50000 - 0x00007ffedccb2000 	C:\WINDOWS\SYSTEM32\WINSTA.dll
0x00007ffebdc40000 - 0x00007ffebdd86000 	C:\WINDOWS\SYSTEM32\textinputframework.dll
0x00007ffebece0000 - 0x00007ffebed41000 	C:\Users\jcm_d\AppData\Local\Temp\lwjgl_jcm_d\3.3.4+7\x64\lwjgl_opengl.dll

JVMTI agents:
jdwp path:C:\Program Files\Java\jdk-24\bin\jdwp.dll, loaded, initialized, options:transport=dt_socket,server=n,suspend=y,address=127.0.0.1:64114
C:\Users\jcm_d\AppData\Local\JetBrains\IntelliJIdea2025.1\captureAgent\debugger-agent.jar path:C:\Program Files\Java\jdk-24\bin\instrument.dll, loaded, initialized, instrumentlib options:file:///C:/Users/jcm_d/AppData/Local/Temp/capture8410231744839115682.props

dbghelp: loaded successfully - version: 4.0.5 - missing functions: none
symbol engine: initialized successfully - sym options: 0x614 - pdb path: .;C:\Program Files\Java\jdk-24\bin;C:\WINDOWS\SYSTEM32;C:\WINDOWS\WinSxS\amd64_microsoft.windows.common-controls_6595b64144ccf1df_6.0.26100.8457_none_3e0b2faee331e92d;C:\Program Files\Java\jdk-24\bin\server;C:\Users\jcm_d\AppData\Local\Temp\lwjgl_jcm_d\3.3.4+7\x64;C:\WINDOWS\System32\DriverStore\FileRepository\nvgbdi.inf_amd64_bd5dff23c7734147

VM Arguments:
jvm_args: -Ddebugger.agent.enable.coroutines=true -Dkotlinx.coroutines.debug.enable.creation.stack.trace=false -Dkotlinx.coroutines.debug.enable.flows.stack.trace=true -Dkotlinx.coroutines.debug.enable.mutable.state.flows.stack.trace=true -agentlib:jdwp=transport=dt_socket,server=n,suspend=y,address=127.0.0.1:64114 -javaagent:C:\Users\jcm_d\AppData\Local\JetBrains\IntelliJIdea2025.1\captureAgent\debugger-agent.jar=file:///C:/Users/jcm_d/AppData/Local/Temp/capture8410231744839115682.props -Dfile.encoding=UTF-8 -Duser.country=AU -Duser.language=en -Duser.variant 
java_command: net.skittles.Main
java_class_path (initial): D:\Development\Languages\Java\JavaEngine\build\classes\java\main;D:\Development\Languages\Java\JavaEngine\build\resources\main;C:\Users\jcm_d\.gradle\caches\modules-2\files-2.1\org.lwjgl\lwjgl-glfw\3.3.4\7e46ecdec85db8738053cfde1414352cd62dab74\lwjgl-glfw-3.3.4.jar;C:\Users\jcm_d\.gradle\caches\modules-2\files-2.1\org.lwjgl\lwjgl-glfw\3.3.4\370ef92d15819a123c643dd2b0fc3a2d40bb263c\lwjgl-glfw-3.3.4-natives-windows.jar;C:\Users\jcm_d\.gradle\caches\modules-2\files-2.1\org.lwjgl\lwjgl-opengl\3.3.4\2852ac7d9f6fc71349f1ce28e2708ff1977f18af\lwjgl-opengl-3.3.4.jar;C:\Users\jcm_d\.gradle\caches\modules-2\files-2.1\org.lwjgl\lwjgl-opengl\3.3.4\f7ca4e75573a9ce83075bd86bc8a3e49ff106696\lwjgl-opengl-3.3.4-natives-windows.jar;C:\Users\jcm_d\.gradle\caches\modules-2\files-2.1\org.lwjgl\lwjgl-stb\3.3.4\5821735d5ef23f6da8542887344e57eb181b7cac\lwjgl-stb-3.3.4.jar;C:\Users\jcm_d\.gradle\caches\modules-2\files-2.1\org.lwjgl\lwjgl-stb\3.3.4\8310e565463ec8d369528e8b26a9b1518d079a01\lwjgl-stb-3.3.4-natives-windows.jar;C:\Users\jcm_d\.gradle\caches\modules-2\files-2.1\org.lwjgl\lwjgl\3.3.4\b86c3e4832426e8a6b466013b7cb34b40e9ce956\lwjgl-3.3.4.jar;C:\Users\jcm_d\.gradle\caches\modules-2\files-2.1\org.lwjgl\lwjgl\3.3.4\dd0927c1348cdcd9573fa24b7278ec1ac2bb0a76\lwjgl-3.3.4-natives-windows.jar
Launcher Type: SUN_STANDARD

[Global flags]
     intx CICompilerCount                          = 15                                        {product} {ergonomic}
     uint ConcGCThreads                            = 6                                         {product} {ergonomic}
     uint G1ConcRefinementThreads                  = 23                                        {product} {ergonomic}
   size_t G1HeapRegionSize                         = 8388608                                   {product} {ergonomic}
   size_t InitialHeapSize                          = 1073741824                                {product} {ergonomic}
   size_t MarkStackSize                            = 4194304                                   {product} {ergonomic}
   size_t MarkStackSizeMax                         = 536870912                                 {product} {ergonomic}
   size_t MaxHeapSize                              = 17163091968                               {product} {ergonomic}
   size_t MaxNewSize                               = 10292822016                               {product} {ergonomic}
   size_t MinHeapDeltaBytes                        = 8388608                                   {product} {ergonomic}
   size_t MinHeapSize                              = 8388608                                   {product} {ergonomic}
    uintx NonNMethodCodeHeapSize                   = 8192000                                {pd product} {ergonomic}
    uintx NonProfiledCodeHeapSize                  = 121765888                              {pd product} {ergonomic}
    uintx ProfiledCodeHeapSize                     = 121700352                              {pd product} {ergonomic}
    uintx ReservedCodeCacheSize                    = 251658240                              {pd product} {ergonomic}
     bool SegmentedCodeCache                       = true                                      {product} {ergonomic}
   size_t SoftMaxHeapSize                          = 17163091968                            {manageable} {ergonomic}
     bool UseCompressedOops                        = true                           {product lp64_product} {ergonomic}
     bool UseG1GC                                  = true                                      {product} {ergonomic}
     bool UseLargePagesIndividualAllocation        = false                                  {pd product} {ergonomic}

Logging:
Log output configuration:
 #0: stdout all=warning uptime,level,tags foldmultilines=false
 #1: stderr all=off uptime,level,tags foldmultilines=false

Environment Variables:
JAVA_HOME=C:\Program Files\Java\jdk-23
PATH=C:\Program Files\Python313\Scripts\;C:\Program Files\Python313\;C:\VulkanSDK\1.4.341.1\Bin;C:\Program Files\Common Files\Oracle\Java\javapath;C:\Program Files (x86)\Common Files\Oracle\Java\java8path;C:\Program Files (x86)\Common Files\Oracle\Java\javapath;C:\WINDOWS\system32;C:\WINDOWS;C:\WINDOWS\System32\Wbem;C:\WINDOWS\System32\WindowsPowerShell\v1.0\;C:\WINDOWS\System32\OpenSSH\;C:\Program Files\NVIDIA Corporation\NVIDIA App\NvDLISR;C:\Program Files\Git\cmd;C:\Program Files (x86)\NVIDIA Corporation\PhysX\Common;C:\Program Files\dotnet\;C:\Program Files (x86)\Windows Kits\10\Windows Performance Toolkit\;C:\Program Files\PuTTY\;C:\Program Files\Nefarius Software Solutions\Nefarius VirtualPad Driver Runtime\runtime\x64;C:\WINDOWS\system32\config\systemprofile\AppData\Local\Muse Hub\lib;C:\Program Files\Perforce\;C:\Users\jcm_d\AppData\Local\Microsoft\WindowsApps;C:\Users\jcm_d\AppData\Local\JetBrains\Toolbox\scripts;C:\Users\jcm_d\AppData\Local\Programs\Microsoft VS Code\bin;C:\Users\jcm_d\.dotnet\tools;A:\SteamLibrary\steamapps\common\DSX\Main_v3_Beta\;A:\SteamLibrary\steamapps\common\DSX\Main_v3_Beta\Console;C:\Users\jcm_d\AppData\Local\Muse Hub\lib
USERNAME=jcm_d
OS=Windows_NT
PROCESSOR_IDENTIFIER=AMD64 Family 23 Model 113 Stepping 0, AuthenticAMD
TMP=C:\Users\jcm_d\AppData\Local\Temp
TEMP=C:\Users\jcm_d\AppData\Local\Temp




Periodic native trim disabled

---------------  S Y S T E M  ---------------

OS:
 Windows 11 , 64 bit Build 26100 (10.0.26100.8328)
OS uptime: 0 days 1:05 hours

CPU: total 32 (initial active 32) (32 cores per cpu, 2 threads per core) family 23 model 113 stepping 0 microcode 0x8701021, cx8, cmov, fxsr, ht, mmx, 3dnowpref, sse, sse2, sse3, ssse3, sse4a, sse4.1, sse4.2, popcnt, lzcnt, tsc, tscinvbit, avx, avx2, aes, clmul, bmi1, bmi2, adx, sha, fma, vzeroupper, clflush, clflushopt, rdtscp, rdpid, f16c
Processor Information for the first 32 processors :
  Max Mhz: 3493, Current Mhz: 3493, Mhz Limit: 3493

Memory: 4k page, system-wide physical 65442M (42985M free)
TotalPageFile size 69538M (AvailPageFile size 42992M)
current process WorkingSet (physical memory assigned to process): 106M, peak: 106M
current process commit charge ("private bytes"): 1242M, peak: 1242M

vm_info: Java HotSpot(TM) 64-Bit Server VM (24.0.1+9-30) for windows-amd64 JRE (24.0.1+9-30), built on 2025-03-05T07:23:45Z with MS VC++ 17.6 (VS2022)

END.
