#
# A fatal error has been detected by the Java Runtime Environment:
#
#  EXCEPTION_ACCESS_VIOLATION (0xc0000005) at pc=0x00007ffebed2d1f9, pid=38028, tid=31268
#
# JRE version: Java(TM) SE Runtime Environment (24.0.1+9) (build 24.0.1+9-30)
# Java VM: Java HotSpot(TM) 64-Bit Server VM (24.0.1+9-30, mixed mode, sharing, tiered, compressed oops, compressed class ptrs, g1 gc, windows-amd64)
# Problematic frame:
# C  [lwjgl_opengl.dll+0xd1f9]
#
# No core dump will be written. Minidumps are not enabled by default on client versions of Windows
#
# If you would like to submit a bug report, please visit:
#   https://bugreport.java.com/bugreport/crash.jsp
# The crash happened outside the Java Virtual Machine in native code.
# See problematic frame for where to report the bug.
#

---------------  S U M M A R Y ------------

Command Line: -Dfile.encoding=UTF-8 -Duser.country=AU -Duser.language=en -Duser.variant net.skittles.Main

Host: AMD Ryzen 9 3950X 16-Core Processor            , 32 cores, 63G,  Windows 11 , 64 bit Build 26100 (10.0.26100.8328)
Time: Mon Jun  1 09:29:55 2026 AUS Eastern Standard Time elapsed time: 0.504634 seconds (0d 0h 0m 0s)

---------------  T H R E A D  ---------------

Current thread (0x000002741e3cf860):  JavaThread "main"             [_thread_in_native, id=31268, stack(0x000000b5e6d00000,0x000000b5e6e00000) (1024K)]

Stack: [0x000000b5e6d00000,0x000000b5e6e00000],  sp=0x000000b5e6dff3f8,  free space=1020k
Native frames: (J=compiled Java code, j=interpreted, Vv=VM code, C=native code)
C  [lwjgl_opengl.dll+0xd1f9]  (no source info available)

Java frames: (J=compiled Java code, j=interpreted, Vv=VM code)
j  org.lwjgl.opengl.GL11C.glClearColor(FFFF)V+0
j  org.lwjgl.opengl.GL11.glClearColor(FFFF)V+4
j  net.skittles.core.Window.open()V+215
j  net.skittles.core.Application.run()V+4
j  net.skittles.Main.main([Ljava/lang/String;)V+9
v  ~StubRoutines::call_stub 0x000002742e080fcd

siginfo: EXCEPTION_ACCESS_VIOLATION (0xc0000005), reading address 0x0000000000000070


Registers:
RAX=0x0000000000000000, RBX=0x000002749053a3b8, RCX=0x000002741e3cfc28, RDX=0x000000b5e6dff498
RSP=0x000000b5e6dff3f8, RBP=0x000000b5e6dff488, RSI=0x00000000000033cc, RDI=0x000002742e088800
R8 =0x0000000000000002, R9 =0x0000000000000002, R10=0x000002742e08cec0, R11=0x000000044002fd38
R12=0x0000000000000000, R13=0x000002749053a3b0, R14=0x000000b5e6dff4c0, R15=0x000002741e3cf860
RIP=0x00007ffebed2d1f9, EFLAGS=0x0000000000010206

XMM[0]=0x0000000000000000 0x000000003f800000
XMM[1]=0x0000000000000000 0x000000003f800000
XMM[2]=0x0000000000000000 0x000000003f800000
XMM[3]=0x0000000000000000 0x000000003f800000
XMM[4]=0x0000000000000000 0x0000000000000000
XMM[5]=0x468b4128244489f0 0x468b41f85e107ac1
XMM[6]=0x0000000000000000 0x0000000000000000
XMM[7]=0x0000000000000000 0x0000000000000000
XMM[8]=0x0000000000000000 0x0000000000000000
XMM[9]=0x0000000000000000 0x0000000000000000
XMM[10]=0x0000000000000000 0x0000000000000000
XMM[11]=0x0000000000000000 0x0000000000000000
XMM[12]=0x0000000000000000 0x0000000000000000
XMM[13]=0x0000000000000000 0x0000000000000000
XMM[14]=0x0000000000000000 0x0000000000000000
XMM[15]=0x0000000000000000 0x0000000000000000
  MXCSR=0x00001fa0


Register to memory mapping:

RAX=0x0 is null
RBX={method} {0x000002749053a3c0} 'glClearColor' '(FFFF)V' in 'org/lwjgl/opengl/GL11C'
RCX=0x000002741e3cfc28 points into unknown readable memory: 0x00000274946bfde0 | e0 fd 6b 94 74 02 00 00
RDX=0x000000b5e6dff498 is pointing into the stack for thread: 0x000002741e3cf860
RSP=0x000000b5e6dff3f8 is pointing into the stack for thread: 0x000002741e3cf860
RBP=0x000000b5e6dff488 is pointing into the stack for thread: 0x000002741e3cf860
RSI=0x00000000000033cc is an unknown value
RDI=0x000002742e088800 is at code_begin+1280 in an Interpreter codelet
return entry points  [0x000002742e088300, 0x000002742e088f90]  3216 bytes
R8 =0x0000000000000002 is an unknown value
R9 =0x0000000000000002 is an unknown value
R10=0x000002742e08cec0 is at code_begin+1152 in an Interpreter codelet
native method entry point (kind = native)  [0x000002742e08ca40, 0x000002742e08d478]  2616 bytes
R11=0x000000044002fd38 is an oop: java.lang.Class 
{0x000000044002fd38} - klass: 'java/lang/Class' - flags: 

 - ---- fields (total size 116 words):
 - private volatile transient 'classRedefinedCount' 'I' @12  0 (0x00000000)
 - injected 'klass' 'J' @16  2698581734824 (0x00000274500175a8)
 - injected 'array_klass' 'J' @24  0 (0x0000000000000000)
 - injected 'oop_size' 'I' @32  116 (0x00000074)
 - injected 'static_oop_field_count' 'I' @36  0 (0x00000000)
 - private volatile transient 'cachedConstructor' 'Ljava/lang/reflect/Constructor;' @40  null (0x00000000)
 - private transient 'name' 'Ljava/lang/String;' @44  "org.lwjgl.opengl.GL11C"{0x00000004400300e8} (0x8800601d)
 - private transient 'module' 'Ljava/lang/Module;' @48  a 'java/lang/Module'{0x00000007ff860e08} (0xfff0c1c1)
 - private final 'classLoader' 'Ljava/lang/ClassLoader;' @52  a 'jdk/internal/loader/ClassLoaders$AppClassLoader'{0x00000007ff860da0} (0xfff0c1b4)
 - private transient 'classData' 'Ljava/lang/Object;' @56  null (0x00000000)
 - private transient 'signers' '[Ljava/lang/Object;' @60  null (0x00000000)
 - private transient 'packageName' 'Ljava/lang/String;' @64  "org.lwjgl.opengl"{0x0000000440f8e328} (0x881f1c65)
 - private final 'componentType' 'Ljava/lang/Class;' @68  null (0x00000000)
 - private volatile transient 'reflectionData' 'Ljava/lang/ref/SoftReference;' @72  null (0x00000000)
 - private volatile transient 'genericInfo' 'Lsun/reflect/generics/repository/ClassRepository;' @76  null (0x00000000)
 - private volatile transient 'enumConstants' '[Ljava/lang/Object;' @80  null (0x00000000)
 - private volatile transient 'enumConstantDirectory' 'Ljava/util/Map;' @84  null (0x00000000)
 - private volatile transient 'annotationData' 'Ljava/lang/Class$AnnotationData;' @88  null (0x00000000)
 - private volatile transient 'annotationType' 'Lsun/reflect/annotation/AnnotationType;' @92  null (0x00000000)
 - transient 'classValueMap' 'Ljava/lang/ClassValue$ClassValueMap;' @96  null (0x00000000)
 - injected 'protection_domain' 'Ljava/lang/Object;' @100  a 'java/security/ProtectionDomain'{0x0000000440fa6b70} (0x881f4d6e)
 - injected 'source_file' 'Ljava/lang/Object;' @104  null (0x00000000)
 - injected '<init_lock>' 'Ljava/lang/Object;' @108  null (0x00000000)
 - signature: Lorg/lwjgl/opengl/GL11C;
 - ---- static fields (0):
 - public static final 'GL_NEVER' 'I' @112  512 (0x00000200)
 - public static final 'GL_LESS' 'I' @116  513 (0x00000201)
 - public static final 'GL_EQUAL' 'I' @120  514 (0x00000202)
 - public static final 'GL_LEQUAL' 'I' @124  515 (0x00000203)
 - public static final 'GL_GREATER' 'I' @128  516 (0x00000204)
 - public static final 'GL_NOTEQUAL' 'I' @132  517 (0x00000205)
 - public static final 'GL_GEQUAL' 'I' @136  518 (0x00000206)
 - public static final 'GL_ALWAYS' 'I' @140  519 (0x00000207)
 - public static final 'GL_DEPTH_BUFFER_BIT' 'I' @144  256 (0x00000100)
 - public static final 'GL_STENCIL_BUFFER_BIT' 'I' @148  1024 (0x00000400)
 - public static final 'GL_COLOR_BUFFER_BIT' 'I' @152  16384 (0x00004000)
 - public static final 'GL_POINTS' 'I' @156  0 (0x00000000)
 - public static final 'GL_LINES' 'I' @160  1 (0x00000001)
 - public static final 'GL_LINE_LOOP' 'I' @164  2 (0x00000002)
 - public static final 'GL_LINE_STRIP' 'I' @168  3 (0x00000003)
 - public static final 'GL_TRIANGLES' 'I' @172  4 (0x00000004)
 - public static final 'GL_TRIANGLE_STRIP' 'I' @176  5 (0x00000005)
 - public static final 'GL_TRIANGLE_FAN' 'I' @180  6 (0x00000006)
 - public static final 'GL_QUADS' 'I' @184  7 (0x00000007)
 - public static final 'GL_ZERO' 'I' @188  0 (0x00000000)
 - public static final 'GL_ONE' 'I' @192  1 (0x00000001)
 - public static final 'GL_SRC_COLOR' 'I' @196  768 (0x00000300)
 - public static final 'GL_ONE_MINUS_SRC_COLOR' 'I' @200  769 (0x00000301)
 - public static final 'GL_SRC_ALPHA' 'I' @204  770 (0x00000302)
 - public static final 'GL_ONE_MINUS_SRC_ALPHA' 'I' @208  771 (0x00000303)
 - public static final 'GL_DST_ALPHA' 'I' @212  772 (0x00000304)
 - public static final 'GL_ONE_MINUS_DST_ALPHA' 'I' @216  773 (0x00000305)
 - public static final 'GL_DST_COLOR' 'I' @220  774 (0x00000306)
 - public static final 'GL_ONE_MINUS_DST_COLOR' 'I' @224  775 (0x00000307)
 - public static final 'GL_SRC_ALPHA_SATURATE' 'I' @228  776 (0x00000308)
 - public static final 'GL_TRUE' 'I' @232  1 (0x00000001)
 - public static final 'GL_FALSE' 'I' @236  0 (0x00000000)
 - public static final 'GL_BYTE' 'I' @240  5120 (0x00001400)
 - public static final 'GL_UNSIGNED_BYTE' 'I' @244  5121 (0x00001401)
 - public static final 'GL_SHORT' 'I' @248  5122 (0x00001402)
 - public static final 'GL_UNSIGNED_SHORT' 'I' @252  5123 (0x00001403)
 - public static final 'GL_INT' 'I' @256  5124 (0x00001404)
 - public static final 'GL_UNSIGNED_INT' 'I' @260  5125 (0x00001405)
 - public static final 'GL_FLOAT' 'I' @264  5126 (0x00001406)
 - public static final 'GL_DOUBLE' 'I' @268  5130 (0x0000140a)
 - public static final 'GL_NONE' 'I' @272  0 (0x00000000)
 - public static final 'GL_FRONT_LEFT' 'I' @276  1024 (0x00000400)
 - public static final 'GL_FRONT_RIGHT' 'I' @280  1025 (0x00000401)
 - public static final 'GL_BACK_LEFT' 'I' @284  1026 (0x00000402)
 - public static final 'GL_BACK_RIGHT' 'I' @288  1027 (0x00000403)
 - public static final 'GL_FRONT' 'I' @292  1028 (0x00000404)
 - public static final 'GL_BACK' 'I' @296  1029 (0x00000405)
 - public static final 'GL_LEFT' 'I' @300  1030 (0x00000406)
 - public static final 'GL_RIGHT' 'I' @304  1031 (0x00000407)
 - public static final 'GL_FRONT_AND_BACK' 'I' @308  1032 (0x00000408)
 - public static final 'GL_NO_ERROR' 'I' @312  0 (0x00000000)
 - public static final 'GL_INVALID_ENUM' 'I' @316  1280 (0x00000500)
 - public static final 'GL_INVALID_VALUE' 'I' @320  1281 (0x00000501)
 - public static final 'GL_INVALID_OPERATION' 'I' @324  1282 (0x00000502)
 - public static final 'GL_STACK_OVERFLOW' 'I' @328  1283 (0x00000503)
 - public static final 'GL_STACK_UNDERFLOW' 'I' @332  1284 (0x00000504)
 - public static final 'GL_OUT_OF_MEMORY' 'I' @336  1285 (0x00000505)
 - public static final 'GL_CW' 'I' @340  2304 (0x00000900)
 - public static final 'GL_CCW' 'I' @344  2305 (0x00000901)
 - public static final 'GL_POINT_SIZE' 'I' @348  2833 (0x00000b11)
 - public static final 'GL_POINT_SIZE_RANGE' 'I' @352  2834 (0x00000b12)
 - public static final 'GL_POINT_SIZE_GRANULARITY' 'I' @356  2835 (0x00000b13)
 - public static final 'GL_LINE_SMOOTH' 'I' @360  2848 (0x00000b20)
 - public static final 'GL_LINE_WIDTH' 'I' @364  2849 (0x00000b21)
 - public static final 'GL_LINE_WIDTH_RANGE' 'I' @368  2850 (0x00000b22)
 - public static final 'GL_LINE_WIDTH_GRANULARITY' 'I' @372  2851 (0x00000b23)
 - public static final 'GL_POLYGON_MODE' 'I' @376  2880 (0x00000b40)
 - public static final 'GL_POLYGON_SMOOTH' 'I' @380  2881 (0x00000b41)
 - public static final 'GL_CULL_FACE' 'I' @384  2884 (0x00000b44)
 - public static final 'GL_CULL_FACE_MODE' 'I' @388  2885 (0x00000b45)
 - public static final 'GL_FRONT_FACE' 'I' @392  2886 (0x00000b46)
 - public static final 'GL_DEPTH_RANGE' 'I' @396  2928 (0x00000b70)
 - public static final 'GL_DEPTH_TEST' 'I' @400  2929 (0x00000b71)
 - public static final 'GL_DEPTH_WRITEMASK' 'I' @404  2930 (0x00000b72)
 - public static final 'GL_DEPTH_CLEAR_VALUE' 'I' @408  2931 (0x00000b73)
 - public static final 'GL_DEPTH_FUNC' 'I' @412  2932 (0x00000b74)
 - public static final 'GL_STENCIL_TEST' 'I' @416  2960 (0x00000b90)
 - public static final 'GL_STENCIL_CLEAR_VALUE' 'I' @420  2961 (0x00000b91)
 - public static final 'GL_STENCIL_FUNC' 'I' @424  2962 (0x00000b92)
 - public static final 'GL_STENCIL_VALUE_MASK' 'I' @428  2963 (0x00000b93)
 - public static final 'GL_STENCIL_FAIL' 'I' @432  2964 (0x00000b94)
 - public static final 'GL_STENCIL_PASS_DEPTH_FAIL' 'I' @436  2965 (0x00000b95)
 - public static final 'GL_STENCIL_PASS_DEPTH_PASS' 'I' @440  2966 (0x00000b96)
 - public static final 'GL_STENCIL_REF' 'I' @444  2967 (0x00000b97)
 - public static final 'GL_STENCIL_WRITEMASK' 'I' @448  2968 (0x00000b98)
 - public static final 'GL_VIEWPORT' 'I' @452  2978 (0x00000ba2)
 - public static final 'GL_DITHER' 'I' @456  3024 (0x00000bd0)
 - public static final 'GL_BLEND_DST' 'I' @460  3040 (0x00000be0)
 - public static final 'GL_BLEND_SRC' 'I' @464  3041 (0x00000be1)
 - public static final 'GL_BLEND' 'I' @468  3042 (0x00000be2)
 - public static final 'GL_LOGIC_OP_MODE' 'I' @472  3056 (0x00000bf0)
 - public static final 'GL_COLOR_LOGIC_OP' 'I' @476  3058 (0x00000bf2)
 - public static final 'GL_DRAW_BUFFER' 'I' @480  3073 (0x00000c01)
 - public static final 'GL_READ_BUFFER' 'I' @484  3074 (0x00000c02)
 - public static final 'GL_SCISSOR_BOX' 'I' @488  3088 (0x00000c10)
 - public static final 'GL_SCISSOR_TEST' 'I' @492  3089 (0x00000c11)
 - public static final 'GL_COLOR_CLEAR_VALUE' 'I' @496  3106 (0x00000c22)
 - public static final 'GL_COLOR_WRITEMASK' 'I' @500  3107 (0x00000c23)
 - public static final 'GL_DOUBLEBUFFER' 'I' @504  3122 (0x00000c32)
 - public static final 'GL_STEREO' 'I' @508  3123 (0x00000c33)
 - public static final 'GL_LINE_SMOOTH_HINT' 'I' @512  3154 (0x00000c52)
 - public static final 'GL_POLYGON_SMOOTH_HINT' 'I' @516  3155 (0x00000c53)
 - public static final 'GL_UNPACK_SWAP_BYTES' 'I' @520  3312 (0x00000cf0)
 - public static final 'GL_UNPACK_LSB_FIRST' 'I' @524  3313 (0x00000cf1)
 - public static final 'GL_UNPACK_ROW_LENGTH' 'I' @528  3314 (0x00000cf2)
 - public static final 'GL_UNPACK_SKIP_ROWS' 'I' @532  3315 (0x00000cf3)
 - public static final 'GL_UNPACK_SKIP_PIXELS' 'I' @536  3316 (0x00000cf4)
 - public static final 'GL_UNPACK_ALIGNMENT' 'I' @540  3317 (0x00000cf5)
 - public static final 'GL_PACK_SWAP_BYTES' 'I' @544  3328 (0x00000d00)
 - public static final 'GL_PACK_LSB_FIRST' 'I' @548  3329 (0x00000d01)
 - public static final 'GL_PACK_ROW_LENGTH' 'I' @552  3330 (0x00000d02)
 - public static final 'GL_PACK_SKIP_ROWS' 'I' @556  3331 (0x00000d03)
 - public static final 'GL_PACK_SKIP_PIXELS' 'I' @560  3332 (0x00000d04)
 - public static final 'GL_PACK_ALIGNMENT' 'I' @564  3333 (0x00000d05)
 - public static final 'GL_MAX_TEXTURE_SIZE' 'I' @568  3379 (0x00000d33)
 - public static final 'GL_MAX_VIEWPORT_DIMS' 'I' @572  3386 (0x00000d3a)
 - public static final 'GL_SUBPIXEL_BITS' 'I' @576  3408 (0x00000d50)
 - public static final 'GL_TEXTURE_1D' 'I' @580  3552 (0x00000de0)
 - public static final 'GL_TEXTURE_2D' 'I' @584  3553 (0x00000de1)
 - public static final 'GL_TEXTURE_WIDTH' 'I' @588  4096 (0x00001000)
 - public static final 'GL_TEXTURE_HEIGHT' 'I' @592  4097 (0x00001001)
 - public static final 'GL_TEXTURE_INTERNAL_FORMAT' 'I' @596  4099 (0x00001003)
 - public static final 'GL_TEXTURE_BORDER_COLOR' 'I' @600  4100 (0x00001004)
 - public static final 'GL_DONT_CARE' 'I' @604  4352 (0x00001100)
 - public static final 'GL_FASTEST' 'I' @608  4353 (0x00001101)
 - public static final 'GL_NICEST' 'I' @612  4354 (0x00001102)
 - public static final 'GL_CLEAR' 'I' @616  5376 (0x00001500)
 - public static final 'GL_AND' 'I' @620  5377 (0x00001501)
 - public static final 'GL_AND_REVERSE' 'I' @624  5378 (0x00001502)
 - public static final 'GL_COPY' 'I' @628  5379 (0x00001503)
 - public static final 'GL_AND_INVERTED' 'I' @632  5380 (0x00001504)
 - public static final 'GL_NOOP' 'I' @636  5381 (0x00001505)
 - public static final 'GL_XOR' 'I' @640  5382 (0x00001506)
 - public static final 'GL_OR' 'I' @644  5383 (0x00001507)
 - public static final 'GL_NOR' 'I' @648  5384 (0x00001508)
 - public static final 'GL_EQUIV' 'I' @652  5385 (0x00001509)
 - public static final 'GL_INVERT' 'I' @656  5386 (0x0000150a)
 - public static final 'GL_OR_REVERSE' 'I' @660  5387 (0x0000150b)
 - public static final 'GL_COPY_INVERTED' 'I' @664  5388 (0x0000150c)
 - public static final 'GL_OR_INVERTED' 'I' @668  5389 (0x0000150d)
 - public static final 'GL_NAND' 'I' @672  5390 (0x0000150e)
 - public static final 'GL_SET' 'I' @676  5391 (0x0000150f)
 - public static final 'GL_TEXTURE' 'I' @680  5890 (0x00001702)
 - public static final 'GL_COLOR' 'I' @684  6144 (0x00001800)
 - public static final 'GL_DEPTH' 'I' @688  6145 (0x00001801)
 - public static final 'GL_STENCIL' 'I' @692  6146 (0x00001802)
 - public static final 'GL_STENCIL_INDEX' 'I' @696  6401 (0x00001901)
 - public static final 'GL_DEPTH_COMPONENT' 'I' @700  6402 (0x00001902)
 - public static final 'GL_RED' 'I' @704  6403 (0x00001903)
 - public static final 'GL_GREEN' 'I' @708  6404 (0x00001904)
 - public static final 'GL_BLUE' 'I' @712  6405 (0x00001905)
 - public static final 'GL_ALPHA' 'I' @716  6406 (0x00001906)
 - public static final 'GL_RGB' 'I' @720  6407 (0x00001907)
 - public static final 'GL_RGBA' 'I' @724  6408 (0x00001908)
 - public static final 'GL_POINT' 'I' @728  6912 (0x00001b00)
 - public static final 'GL_LINE' 'I' @732  6913 (0x00001b01)
 - public static final 'GL_FILL' 'I' @736  6914 (0x00001b02)
 - public static final 'GL_KEEP' 'I' @740  7680 (0x00001e00)
 - public static final 'GL_REPLACE' 'I' @744  7681 (0x00001e01)
 - public static final 'GL_INCR' 'I' @748  7682 (0x00001e02)
 - public static final 'GL_DECR' 'I' @752  7683 (0x00001e03)
 - public static final 'GL_VENDOR' 'I' @756  7936 (0x00001f00)
 - public static final 'GL_RENDERER' 'I' @760  7937 (0x00001f01)
 - public static final 'GL_VERSION' 'I' @764  7938 (0x00001f02)
 - public static final 'GL_EXTENSIONS' 'I' @768  7939 (0x00001f03)
 - public static final 'GL_NEAREST' 'I' @772  9728 (0x00002600)
 - public static final 'GL_LINEAR' 'I' @776  9729 (0x00002601)
 - public static final 'GL_NEAREST_MIPMAP_NEAREST' 'I' @780  9984 (0x00002700)
 - public static final 'GL_LINEAR_MIPMAP_NEAREST' 'I' @784  9985 (0x00002701)
 - public static final 'GL_NEAREST_MIPMAP_LINEAR' 'I' @788  9986 (0x00002702)
 - public static final 'GL_LINEAR_MIPMAP_LINEAR' 'I' @792  9987 (0x00002703)
 - public static final 'GL_TEXTURE_MAG_FILTER' 'I' @796  10240 (0x00002800)
 - public static final 'GL_TEXTURE_MIN_FILTER' 'I' @800  10241 (0x00002801)
 - public static final 'GL_TEXTURE_WRAP_S' 'I' @804  10242 (0x00002802)
 - public static final 'GL_TEXTURE_WRAP_T' 'I' @808  10243 (0x00002803)
 - public static final 'GL_REPEAT' 'I' @812  10497 (0x00002901)
 - public static final 'GL_POLYGON_OFFSET_FACTOR' 'I' @816  32824 (0x00008038)
 - public static final 'GL_POLYGON_OFFSET_UNITS' 'I' @820  10752 (0x00002a00)
 - public static final 'GL_POLYGON_OFFSET_POINT' 'I' @824  10753 (0x00002a01)
 - public static final 'GL_POLYGON_OFFSET_LINE' 'I' @828  10754 (0x00002a02)
 - public static final 'GL_POLYGON_OFFSET_FILL' 'I' @832  32823 (0x00008037)
 - public static final 'GL_R3_G3_B2' 'I' @836  10768 (0x00002a10)
 - public static final 'GL_RGB4' 'I' @840  32847 (0x0000804f)
 - public static final 'GL_RGB5' 'I' @844  32848 (0x00008050)
 - public static final 'GL_RGB8' 'I' @848  32849 (0x00008051)
 - public static final 'GL_RGB10' 'I' @852  32850 (0x00008052)
 - public static final 'GL_RGB12' 'I' @856  32851 (0x00008053)
 - public static final 'GL_RGB16' 'I' @860  32852 (0x00008054)
 - public static final 'GL_RGBA2' 'I' @864  32853 (0x00008055)
 - public static final 'GL_RGBA4' 'I' @868  32854 (0x00008056)
 - public static final 'GL_RGB5_A1' 'I' @872  32855 (0x00008057)
 - public static final 'GL_RGBA8' 'I' @876  32856 (0x00008058)
 - public static final 'GL_RGB10_A2' 'I' @880  32857 (0x00008059)
 - public static final 'GL_RGBA12' 'I' @884  32858 (0x0000805a)
 - public static final 'GL_RGBA16' 'I' @888  32859 (0x0000805b)
 - public static final 'GL_TEXTURE_RED_SIZE' 'I' @892  32860 (0x0000805c)
 - public static final 'GL_TEXTURE_GREEN_SIZE' 'I' @896  32861 (0x0000805d)
 - public static final 'GL_TEXTURE_BLUE_SIZE' 'I' @900  32862 (0x0000805e)
 - public static final 'GL_TEXTURE_ALPHA_SIZE' 'I' @904  32863 (0x0000805f)
 - public static final 'GL_PROXY_TEXTURE_1D' 'I' @908  32867 (0x00008063)
 - public static final 'GL_PROXY_TEXTURE_2D' 'I' @912  32868 (0x00008064)
 - public static final 'GL_TEXTURE_BINDING_1D' 'I' @916  32872 (0x00008068)
 - public static final 'GL_TEXTURE_BINDING_2D' 'I' @920  32873 (0x00008069)
 - public static final 'GL_VERTEX_ARRAY' 'I' @924  32884 (0x00008074)
R12=0x0 is null
R13=0x000002749053a3b0 is pointing into metadata
R14=0x000000b5e6dff4c0 is pointing into the stack for thread: 0x000002741e3cf860
R15=0x000002741e3cf860 is a thread

Top of Stack: (sp=0x000000b5e6dff3f8)
0x000000b5e6dff3f8:   000002742e08ce20 000002742e088800    ...t.......t...
0x000000b5e6dff408:   000002742e08cb3e 000002749053a3b8   >...t.....S.t...
0x000000b5e6dff418:   00000000000033cc 000002743f800000   .3.........?t...
0x000000b5e6dff428:   00007ffd3f800000 3ff0000000000000   ...?...........?
0x000000b5e6dff438:   000002742e08cafb fffffffffffffff7   ....t...........
0x000000b5e6dff448:   000002749053a3b0 0000000000000007   ..S.t...........
0x000000b5e6dff458:   0000027490548f90 0000000000000000   ..T.t...........
0x000000b5e6dff468:   000000044002fd38 000002749053a3b8   8..@......S.t...
0x000000b5e6dff478:   0000000000000000 000000b5e6dff4a8   ................
0x000000b5e6dff488:   000000b5e6dff510 000002742e088800   ............t...
0x000000b5e6dff498:   000000044002fd38 000002742e08a437   8..@....7...t...
0x000000b5e6dff4a8:   000000003f800000 000000003f800000   ...?.......?....
0x000000b5e6dff4b8:   000002743f800000 000002743f800000   ...?t......?t...
0x000000b5e6dff4c8:   fffffffffffffff7 0000027490506fbc   .........oP.t...
0x000000b5e6dff4d8:   0000000000000005 00000274905320d8   ......... S.t...
0x000000b5e6dff4e8:   0000000000000000 0000000440fa6db8   .........m.@....
0x000000b5e6dff4f8:   0000027490507000 fffffffffffffff3   .pP.t...........
0x000000b5e6dff508:   000000b5e6dff520 000000b5e6dff588    ...............
0x000000b5e6dff518:   000002742e088800 00007ffe3f800000   ....t......?....
0x000000b5e6dff528:   000000003f800000 000002743f800000   ...?.......?t...
0x000000b5e6dff538:   000000003f800000 fffffffffffffff7   ...?............
0x000000b5e6dff548:   000002749040137f 0000000000000006   ..@.t...........
0x000000b5e6dff558:   0000027490401ab0 0000000000000000   ..@.t...........
0x000000b5e6dff568:   00000004408264e8 0000027490401400   .d.@......@.t...
0x000000b5e6dff578:   fffffffffffffff3 000000b5e6dff5b8   ................
0x000000b5e6dff588:   000000b5e6dff608 000002742e088800   ............t...
0x000000b5e6dff598:   0000000440f8d690 0000000440f89d38   ...@....8..@....
0x000000b5e6dff5a8:   0000000440f89d00 0000000440e982b8   ...@.......@....
0x000000b5e6dff5b8:   0000000440826970 fffffffffffffff7   pi.@............
0x000000b5e6dff5c8:   0000027490400734 0000000000000002   4.@.t...........
0x000000b5e6dff5d8:   0000027490400900 0000000000000000   ..@.t...........
0x000000b5e6dff5e8:   0000000440823d48 0000027490400780   H=.@......@.t...

Instructions: (pc=0x00007ffebed2d1f9)
  0x00007ffebed2d0f9:   cc cc cc cc cc cc cc 48 8b 01 48 8b 40 18 4c 89
  0x00007ffebed2d109:   c1 48 ff a0 60 0a 00 00 cc cc cc cc cc cc cc cc
  0x00007ffebed2d119:   cc cc cc cc cc cc cc 48 8b 01 48 8b 40 18 4c 89
  0x00007ffebed2d129:   c1 48 ff a0 68 0a 00 00 cc cc cc cc cc cc cc cc
  0x00007ffebed2d139:   cc cc cc cc cc cc cc 44 89 ca 44 89 c0 44 8b 44
  0x00007ffebed2d149:   24 28 4c 8b 4c 24 30 48 8b 09 48 8b 49 18 4c 8b
  0x00007ffebed2d159:   91 70 0a 00 00 89 c1 49 ff e2 cc cc cc cc cc cc
  0x00007ffebed2d169:   cc cc cc cc cc cc cc 48 8b 01 48 8b 40 18 44 89
  0x00007ffebed2d179:   c1 48 ff 20 cc cc cc 48 8b 01 48 8b 40 18 44 89
  0x00007ffebed2d189:   c1 48 ff 60 08 cc cc 44 89 ca 48 8b 01 48 8b 40
  0x00007ffebed2d199:   18 48 8b 40 38 44 89 c1 48 ff e0 cc cc cc cc cc
  0x00007ffebed2d1a9:   cc cc cc cc cc cc cc 44 89 ca 48 8b 01 48 8b 40
  0x00007ffebed2d1b9:   18 48 8b 40 48 44 89 c1 48 ff e0 cc cc cc cc cc
  0x00007ffebed2d1c9:   cc cc cc cc cc cc cc 48 8b 01 48 8b 40 18 44 89
  0x00007ffebed2d1d9:   c1 48 ff 60 60 cc cc 0f 28 cb 0f 28 c2 f3 0f 10
  0x00007ffebed2d1e9:   54 24 28 f3 0f 10 5c 24 30 48 8b 01 48 8b 40 18
=>0x00007ffebed2d1f9:   48 8b 40 70 48 ff e0 0f 28 c2 48 8b 01 48 8b 40
  0x00007ffebed2d209:   18 48 ff 60 78 cc cc 48 8b 01 48 8b 40 18 44 89
  0x00007ffebed2d219:   c1 48 ff a0 88 00 00 00 cc cc cc cc cc cc cc cc
  0x00007ffebed2d229:   cc cc cc cc cc cc cc 44 89 ca 44 89 c0 44 0f b6
  0x00007ffebed2d239:   44 24 28 44 0f b6 4c 24 30 48 8b 09 48 8b 49 18
  0x00007ffebed2d249:   4c 8b 91 98 01 00 00 89 c1 49 ff e2 cc cc cc cc
  0x00007ffebed2d259:   cc cc cc cc cc cc cc 48 8b 01 48 8b 40 18 44 89
  0x00007ffebed2d269:   c1 48 ff a0 b8 01 00 00 cc cc cc cc cc cc cc cc
  0x00007ffebed2d279:   cc cc cc cc cc cc cc 48 8b 01 48 8b 40 18 44 89
  0x00007ffebed2d289:   c1 48 ff a0 c8 01 00 00 cc cc cc cc cc cc cc cc
  0x00007ffebed2d299:   cc cc cc cc cc cc cc 48 8b 01 48 8b 40 18 44 89
  0x00007ffebed2d2a9:   c1 48 ff a0 d0 01 00 00 cc cc cc cc cc cc cc cc
  0x00007ffebed2d2b9:   cc cc cc cc cc cc cc 0f 28 cb 0f 28 c2 48 8b 01
  0x00007ffebed2d2c9:   48 8b 40 18 48 8b 80 d8 01 00 00 48 ff e0 cc cc
  0x00007ffebed2d2d9:   cc cc cc cc cc cc cc 44 89 ca 44 89 c0 44 8b 44
  0x00007ffebed2d2e9:   24 28 48 8b 09 48 8b 49 18 4c 8b 89 e8 01 00 00


Stack slot to memory mapping:

stack at sp + 0 slots: 0x000002742e08ce20 is at code_begin+992 in an Interpreter codelet
native method entry point (kind = native)  [0x000002742e08ca40, 0x000002742e08d478]  2616 bytes
stack at sp + 1 slots: 0x000002742e088800 is at code_begin+1280 in an Interpreter codelet
return entry points  [0x000002742e088300, 0x000002742e088f90]  3216 bytes
stack at sp + 2 slots: 0x000002742e08cb3e is at code_begin+254 in an Interpreter codelet
native method entry point (kind = native)  [0x000002742e08ca40, 0x000002742e08d478]  2616 bytes
stack at sp + 3 slots: {method} {0x000002749053a3c0} 'glClearColor' '(FFFF)V' in 'org/lwjgl/opengl/GL11C'
stack at sp + 4 slots: 0x00000000000033cc is an unknown value
stack at sp + 5 slots: 0x000002743f800000 is an unknown value
stack at sp + 6 slots: 0x00007ffd3f800000 is an unknown value
stack at sp + 7 slots: 0x3ff0000000000000 is an unknown value

Lock stack of current Java thread (top to bottom):


---------------  P R O C E S S  ---------------

Threads class SMR info:
_java_thread_list=0x000002744ee4fe30, length=13, elements={
0x000002741e3cf860, 0x000002744b28ae90, 0x000002744b28b5d0, 0x000002744b28c0a0,
0x000002744b28ccc0, 0x000002744b28d7f0, 0x000002744b28e660, 0x000002744b29dc10,
0x000002744b293620, 0x000002744ece64d0, 0x000002744ece7c30, 0x000002744ecf72b0,
0x000002749488ce70
}

Java Threads: ( => current thread )
=>0x000002741e3cf860 JavaThread "main"                              [_thread_in_native, id=31268, stack(0x000000b5e6d00000,0x000000b5e6e00000) (1024K)]
  0x000002744b28ae90 JavaThread "Reference Handler"          daemon [_thread_blocked, id=39352, stack(0x000000b5e7500000,0x000000b5e7600000) (1024K)]
  0x000002744b28b5d0 JavaThread "Finalizer"                  daemon [_thread_blocked, id=36132, stack(0x000000b5e7600000,0x000000b5e7700000) (1024K)]
  0x000002744b28c0a0 JavaThread "Signal Dispatcher"          daemon [_thread_blocked, id=40552, stack(0x000000b5e7700000,0x000000b5e7800000) (1024K)]
  0x000002744b28ccc0 JavaThread "Attach Listener"            daemon [_thread_blocked, id=8324, stack(0x000000b5e7800000,0x000000b5e7900000) (1024K)]
  0x000002744b28d7f0 JavaThread "Service Thread"             daemon [_thread_blocked, id=33728, stack(0x000000b5e7900000,0x000000b5e7a00000) (1024K)]
  0x000002744b28e660 JavaThread "Monitor Deflation Thread"   daemon [_thread_blocked, id=35876, stack(0x000000b5e7a00000,0x000000b5e7b00000) (1024K)]
  0x000002744b29dc10 JavaThread "C2 CompilerThread0"         daemon [_thread_blocked, id=37260, stack(0x000000b5e7b00000,0x000000b5e7c00000) (1024K)]
  0x000002744b293620 JavaThread "C1 CompilerThread0"         daemon [_thread_blocked, id=40216, stack(0x000000b5e7c00000,0x000000b5e7d00000) (1024K)]
  0x000002744ece64d0 JavaThread "Notification Thread"        daemon [_thread_blocked, id=34728, stack(0x000000b5e7d00000,0x000000b5e7e00000) (1024K)]
  0x000002744ece7c30 JavaThread "Common-Cleaner"             daemon [_thread_blocked, id=31440, stack(0x000000b5e7e00000,0x000000b5e7f00000) (1024K)]
  0x000002744ecf72b0 JavaThread "C1 CompilerThread1"         daemon [_thread_blocked, id=35276, stack(0x000000b5e7f00000,0x000000b5e8000000) (1024K)]
  0x000002749488ce70 JavaThread "C1 CompilerThread2"         daemon [_thread_blocked, id=12048, stack(0x000000b5e8000000,0x000000b5e8100000) (1024K)]
Total: 13

Other Threads:
  0x000002744b26d560 VMThread "VM Thread"                           [id=38608, stack(0x000000b5e7400000,0x000000b5e7500000) (1024K)]
  0x000002744b2074e0 WatcherThread "VM Periodic Task Thread"        [id=18100, stack(0x000000b5e7300000,0x000000b5e7400000) (1024K)]
  0x000002744b0e0050 WorkerThread "GC Thread#0"                     [id=37068, stack(0x000000b5e6e00000,0x000000b5e6f00000) (1024K)]
  0x000002741e48cf90 ConcurrentGCThread "G1 Main Marker"            [id=37080, stack(0x000000b5e6f00000,0x000000b5e7000000) (1024K)]
  0x000002744b0e5f90 WorkerThread "G1 Conc#0"                       [id=32092, stack(0x000000b5e7000000,0x000000b5e7100000) (1024K)]
  0x000002744b1fcab0 ConcurrentGCThread "G1 Refine#0"               [id=11860, stack(0x000000b5e7100000,0x000000b5e7200000) (1024K)]
  0x000002744b1fd2e0 ConcurrentGCThread "G1 Service"                [id=38880, stack(0x000000b5e7200000,0x000000b5e7300000) (1024K)]
Total: 7

Threads with active compile tasks:
Total: 0

VM state: not at safepoint (normal execution)

VM Mutex/Monitor currently owned by a thread: None

Heap address: 0x0000000401000000, size: 16368 MB, Compressed Oops mode: Zero based, Oop shift amount: 3

CDS archive(s) mapped at: [0x000002744f000000-0x000002744fd40000-0x000002744fd40000), size 13893632, SharedBaseAddress: 0x000002744f000000, ArchiveRelocationMode: 1.
Compressed class space mapped at: 0x0000027450000000-0x0000027490000000, reserved size: 1073741824
UseCompressedClassPointers 1, UseCompactObjectHeaders 0
Narrow klass pointer bits 32, Max shift 3
Narrow klass base: 0x000002744f000000, Narrow klass shift: 0
Encoding Range: [0x000002744f000000 - 0x000002754f000000), (4294967296 bytes)
Klass Range:    [0x000002744f000000 - 0x0000027490000000), (1090519040 bytes)
Klass ID Range:  [8 - 1090519033) (1090519025)

GC Precious Log:
 CardTable entry size: 512
 Card Set container configuration: InlinePtr #cards 4 size 8 Array Of Cards #cards 64 size 144 Howl #buckets 8 coarsen threshold 14745 Howl Bitmap #cards 2048 size 272 coarsen threshold 1843 Card regions per heap region 1 cards per card region 16384
 CPUs: 32 total, 32 available
 Memory: 65442M
 Large Page Support: Disabled
 NUMA Support: Disabled
 Compressed Oops: Enabled (Zero based)
 Heap Region Size: 8M
 Heap Min Capacity: 8M
 Heap Initial Capacity: 1G
 Heap Max Capacity: 16368M
 Pre-touch: Disabled
 Parallel Workers: 23
 Concurrent Workers: 6
 Concurrent Refinement Workers: 23
 Periodic GC: Disabled

Heap:
 garbage-first heap   total reserved 16760832K, committed 1056768K, used 9332K [0x0000000401000000, 0x0000000800000000)
  region size 8192K, 2 young (16384K), 0 survivors (0K)
 Metaspace       used 3171K, committed 3328K, reserved 1114112K
  class space    used 192K, committed 256K, reserved 1048576K

Heap Regions: E=young(eden), S=young(survivor), O=old, HS=humongous(starts), HC=humongous(continues), CS=collection set, F=free, TAMS=top-at-mark-start, PB=parsable bottom
|   0|0x0000000401000000, 0x0000000401000000, 0x0000000401800000|  0%| F|  |TAMS 0x0000000401000000| PB 0x0000000401000000| Untracked |  0
|   1|0x0000000401800000, 0x0000000401800000, 0x0000000402000000|  0%| F|  |TAMS 0x0000000401800000| PB 0x0000000401800000| Untracked |  0
|   2|0x0000000402000000, 0x0000000402000000, 0x0000000402800000|  0%| F|  |TAMS 0x0000000402000000| PB 0x0000000402000000| Untracked |  0
|   3|0x0000000402800000, 0x0000000402800000, 0x0000000403000000|  0%| F|  |TAMS 0x0000000402800000| PB 0x0000000402800000| Untracked |  0
|   4|0x0000000403000000, 0x0000000403000000, 0x0000000403800000|  0%| F|  |TAMS 0x0000000403000000| PB 0x0000000403000000| Untracked |  0
|   5|0x0000000403800000, 0x0000000403800000, 0x0000000404000000|  0%| F|  |TAMS 0x0000000403800000| PB 0x0000000403800000| Untracked |  0
|   6|0x0000000404000000, 0x0000000404000000, 0x0000000404800000|  0%| F|  |TAMS 0x0000000404000000| PB 0x0000000404000000| Untracked |  0
|   7|0x0000000404800000, 0x0000000404800000, 0x0000000405000000|  0%| F|  |TAMS 0x0000000404800000| PB 0x0000000404800000| Untracked |  0
|   8|0x0000000405000000, 0x0000000405000000, 0x0000000405800000|  0%| F|  |TAMS 0x0000000405000000| PB 0x0000000405000000| Untracked |  0
|   9|0x0000000405800000, 0x0000000405800000, 0x0000000406000000|  0%| F|  |TAMS 0x0000000405800000| PB 0x0000000405800000| Untracked |  0
|  10|0x0000000406000000, 0x0000000406000000, 0x0000000406800000|  0%| F|  |TAMS 0x0000000406000000| PB 0x0000000406000000| Untracked |  0
|  11|0x0000000406800000, 0x0000000406800000, 0x0000000407000000|  0%| F|  |TAMS 0x0000000406800000| PB 0x0000000406800000| Untracked |  0
|  12|0x0000000407000000, 0x0000000407000000, 0x0000000407800000|  0%| F|  |TAMS 0x0000000407000000| PB 0x0000000407000000| Untracked |  0
|  13|0x0000000407800000, 0x0000000407800000, 0x0000000408000000|  0%| F|  |TAMS 0x0000000407800000| PB 0x0000000407800000| Untracked |  0
|  14|0x0000000408000000, 0x0000000408000000, 0x0000000408800000|  0%| F|  |TAMS 0x0000000408000000| PB 0x0000000408000000| Untracked |  0
|  15|0x0000000408800000, 0x0000000408800000, 0x0000000409000000|  0%| F|  |TAMS 0x0000000408800000| PB 0x0000000408800000| Untracked |  0
|  16|0x0000000409000000, 0x0000000409000000, 0x0000000409800000|  0%| F|  |TAMS 0x0000000409000000| PB 0x0000000409000000| Untracked |  0
|  17|0x0000000409800000, 0x0000000409800000, 0x000000040a000000|  0%| F|  |TAMS 0x0000000409800000| PB 0x0000000409800000| Untracked |  0
|  18|0x000000040a000000, 0x000000040a000000, 0x000000040a800000|  0%| F|  |TAMS 0x000000040a000000| PB 0x000000040a000000| Untracked |  0
|  19|0x000000040a800000, 0x000000040a800000, 0x000000040b000000|  0%| F|  |TAMS 0x000000040a800000| PB 0x000000040a800000| Untracked |  0
|  20|0x000000040b000000, 0x000000040b000000, 0x000000040b800000|  0%| F|  |TAMS 0x000000040b000000| PB 0x000000040b000000| Untracked |  0
|  21|0x000000040b800000, 0x000000040b800000, 0x000000040c000000|  0%| F|  |TAMS 0x000000040b800000| PB 0x000000040b800000| Untracked |  0
|  22|0x000000040c000000, 0x000000040c000000, 0x000000040c800000|  0%| F|  |TAMS 0x000000040c000000| PB 0x000000040c000000| Untracked |  0
|  23|0x000000040c800000, 0x000000040c800000, 0x000000040d000000|  0%| F|  |TAMS 0x000000040c800000| PB 0x000000040c800000| Untracked |  0
|  24|0x000000040d000000, 0x000000040d000000, 0x000000040d800000|  0%| F|  |TAMS 0x000000040d000000| PB 0x000000040d000000| Untracked |  0
|  25|0x000000040d800000, 0x000000040d800000, 0x000000040e000000|  0%| F|  |TAMS 0x000000040d800000| PB 0x000000040d800000| Untracked |  0
|  26|0x000000040e000000, 0x000000040e000000, 0x000000040e800000|  0%| F|  |TAMS 0x000000040e000000| PB 0x000000040e000000| Untracked |  0
|  27|0x000000040e800000, 0x000000040e800000, 0x000000040f000000|  0%| F|  |TAMS 0x000000040e800000| PB 0x000000040e800000| Untracked |  0
|  28|0x000000040f000000, 0x000000040f000000, 0x000000040f800000|  0%| F|  |TAMS 0x000000040f000000| PB 0x000000040f000000| Untracked |  0
|  29|0x000000040f800000, 0x000000040f800000, 0x0000000410000000|  0%| F|  |TAMS 0x000000040f800000| PB 0x000000040f800000| Untracked |  0
|  30|0x0000000410000000, 0x0000000410000000, 0x0000000410800000|  0%| F|  |TAMS 0x0000000410000000| PB 0x0000000410000000| Untracked |  0
|  31|0x0000000410800000, 0x0000000410800000, 0x0000000411000000|  0%| F|  |TAMS 0x0000000410800000| PB 0x0000000410800000| Untracked |  0
|  32|0x0000000411000000, 0x0000000411000000, 0x0000000411800000|  0%| F|  |TAMS 0x0000000411000000| PB 0x0000000411000000| Untracked |  0
|  33|0x0000000411800000, 0x0000000411800000, 0x0000000412000000|  0%| F|  |TAMS 0x0000000411800000| PB 0x0000000411800000| Untracked |  0
|  34|0x0000000412000000, 0x0000000412000000, 0x0000000412800000|  0%| F|  |TAMS 0x0000000412000000| PB 0x0000000412000000| Untracked |  0
|  35|0x0000000412800000, 0x0000000412800000, 0x0000000413000000|  0%| F|  |TAMS 0x0000000412800000| PB 0x0000000412800000| Untracked |  0
|  36|0x0000000413000000, 0x0000000413000000, 0x0000000413800000|  0%| F|  |TAMS 0x0000000413000000| PB 0x0000000413000000| Untracked |  0
|  37|0x0000000413800000, 0x0000000413800000, 0x0000000414000000|  0%| F|  |TAMS 0x0000000413800000| PB 0x0000000413800000| Untracked |  0
|  38|0x0000000414000000, 0x0000000414000000, 0x0000000414800000|  0%| F|  |TAMS 0x0000000414000000| PB 0x0000000414000000| Untracked |  0
|  39|0x0000000414800000, 0x0000000414800000, 0x0000000415000000|  0%| F|  |TAMS 0x0000000414800000| PB 0x0000000414800000| Untracked |  0
|  40|0x0000000415000000, 0x0000000415000000, 0x0000000415800000|  0%| F|  |TAMS 0x0000000415000000| PB 0x0000000415000000| Untracked |  0
|  41|0x0000000415800000, 0x0000000415800000, 0x0000000416000000|  0%| F|  |TAMS 0x0000000415800000| PB 0x0000000415800000| Untracked |  0
|  42|0x0000000416000000, 0x0000000416000000, 0x0000000416800000|  0%| F|  |TAMS 0x0000000416000000| PB 0x0000000416000000| Untracked |  0
|  43|0x0000000416800000, 0x0000000416800000, 0x0000000417000000|  0%| F|  |TAMS 0x0000000416800000| PB 0x0000000416800000| Untracked |  0
|  44|0x0000000417000000, 0x0000000417000000, 0x0000000417800000|  0%| F|  |TAMS 0x0000000417000000| PB 0x0000000417000000| Untracked |  0
|  45|0x0000000417800000, 0x0000000417800000, 0x0000000418000000|  0%| F|  |TAMS 0x0000000417800000| PB 0x0000000417800000| Untracked |  0
|  46|0x0000000418000000, 0x0000000418000000, 0x0000000418800000|  0%| F|  |TAMS 0x0000000418000000| PB 0x0000000418000000| Untracked |  0
|  47|0x0000000418800000, 0x0000000418800000, 0x0000000419000000|  0%| F|  |TAMS 0x0000000418800000| PB 0x0000000418800000| Untracked |  0
|  48|0x0000000419000000, 0x0000000419000000, 0x0000000419800000|  0%| F|  |TAMS 0x0000000419000000| PB 0x0000000419000000| Untracked |  0
|  49|0x0000000419800000, 0x0000000419800000, 0x000000041a000000|  0%| F|  |TAMS 0x0000000419800000| PB 0x0000000419800000| Untracked |  0
|  50|0x000000041a000000, 0x000000041a000000, 0x000000041a800000|  0%| F|  |TAMS 0x000000041a000000| PB 0x000000041a000000| Untracked |  0
|  51|0x000000041a800000, 0x000000041a800000, 0x000000041b000000|  0%| F|  |TAMS 0x000000041a800000| PB 0x000000041a800000| Untracked |  0
|  52|0x000000041b000000, 0x000000041b000000, 0x000000041b800000|  0%| F|  |TAMS 0x000000041b000000| PB 0x000000041b000000| Untracked |  0
|  53|0x000000041b800000, 0x000000041b800000, 0x000000041c000000|  0%| F|  |TAMS 0x000000041b800000| PB 0x000000041b800000| Untracked |  0
|  54|0x000000041c000000, 0x000000041c000000, 0x000000041c800000|  0%| F|  |TAMS 0x000000041c000000| PB 0x000000041c000000| Untracked |  0
|  55|0x000000041c800000, 0x000000041c800000, 0x000000041d000000|  0%| F|  |TAMS 0x000000041c800000| PB 0x000000041c800000| Untracked |  0
|  56|0x000000041d000000, 0x000000041d000000, 0x000000041d800000|  0%| F|  |TAMS 0x000000041d000000| PB 0x000000041d000000| Untracked |  0
|  57|0x000000041d800000, 0x000000041d800000, 0x000000041e000000|  0%| F|  |TAMS 0x000000041d800000| PB 0x000000041d800000| Untracked |  0
|  58|0x000000041e000000, 0x000000041e000000, 0x000000041e800000|  0%| F|  |TAMS 0x000000041e000000| PB 0x000000041e000000| Untracked |  0
|  59|0x000000041e800000, 0x000000041e800000, 0x000000041f000000|  0%| F|  |TAMS 0x000000041e800000| PB 0x000000041e800000| Untracked |  0
|  60|0x000000041f000000, 0x000000041f000000, 0x000000041f800000|  0%| F|  |TAMS 0x000000041f000000| PB 0x000000041f000000| Untracked |  0
|  61|0x000000041f800000, 0x000000041f800000, 0x0000000420000000|  0%| F|  |TAMS 0x000000041f800000| PB 0x000000041f800000| Untracked |  0
|  62|0x0000000420000000, 0x0000000420000000, 0x0000000420800000|  0%| F|  |TAMS 0x0000000420000000| PB 0x0000000420000000| Untracked |  0
|  63|0x0000000420800000, 0x0000000420800000, 0x0000000421000000|  0%| F|  |TAMS 0x0000000420800000| PB 0x0000000420800000| Untracked |  0
|  64|0x0000000421000000, 0x0000000421000000, 0x0000000421800000|  0%| F|  |TAMS 0x0000000421000000| PB 0x0000000421000000| Untracked |  0
|  65|0x0000000421800000, 0x0000000421800000, 0x0000000422000000|  0%| F|  |TAMS 0x0000000421800000| PB 0x0000000421800000| Untracked |  0
|  66|0x0000000422000000, 0x0000000422000000, 0x0000000422800000|  0%| F|  |TAMS 0x0000000422000000| PB 0x0000000422000000| Untracked |  0
|  67|0x0000000422800000, 0x0000000422800000, 0x0000000423000000|  0%| F|  |TAMS 0x0000000422800000| PB 0x0000000422800000| Untracked |  0
|  68|0x0000000423000000, 0x0000000423000000, 0x0000000423800000|  0%| F|  |TAMS 0x0000000423000000| PB 0x0000000423000000| Untracked |  0
|  69|0x0000000423800000, 0x0000000423800000, 0x0000000424000000|  0%| F|  |TAMS 0x0000000423800000| PB 0x0000000423800000| Untracked |  0
|  70|0x0000000424000000, 0x0000000424000000, 0x0000000424800000|  0%| F|  |TAMS 0x0000000424000000| PB 0x0000000424000000| Untracked |  0
|  71|0x0000000424800000, 0x0000000424800000, 0x0000000425000000|  0%| F|  |TAMS 0x0000000424800000| PB 0x0000000424800000| Untracked |  0
|  72|0x0000000425000000, 0x0000000425000000, 0x0000000425800000|  0%| F|  |TAMS 0x0000000425000000| PB 0x0000000425000000| Untracked |  0
|  73|0x0000000425800000, 0x0000000425800000, 0x0000000426000000|  0%| F|  |TAMS 0x0000000425800000| PB 0x0000000425800000| Untracked |  0
|  74|0x0000000426000000, 0x0000000426000000, 0x0000000426800000|  0%| F|  |TAMS 0x0000000426000000| PB 0x0000000426000000| Untracked |  0
|  75|0x0000000426800000, 0x0000000426800000, 0x0000000427000000|  0%| F|  |TAMS 0x0000000426800000| PB 0x0000000426800000| Untracked |  0
|  76|0x0000000427000000, 0x0000000427000000, 0x0000000427800000|  0%| F|  |TAMS 0x0000000427000000| PB 0x0000000427000000| Untracked |  0
|  77|0x0000000427800000, 0x0000000427800000, 0x0000000428000000|  0%| F|  |TAMS 0x0000000427800000| PB 0x0000000427800000| Untracked |  0
|  78|0x0000000428000000, 0x0000000428000000, 0x0000000428800000|  0%| F|  |TAMS 0x0000000428000000| PB 0x0000000428000000| Untracked |  0
|  79|0x0000000428800000, 0x0000000428800000, 0x0000000429000000|  0%| F|  |TAMS 0x0000000428800000| PB 0x0000000428800000| Untracked |  0
|  80|0x0000000429000000, 0x0000000429000000, 0x0000000429800000|  0%| F|  |TAMS 0x0000000429000000| PB 0x0000000429000000| Untracked |  0
|  81|0x0000000429800000, 0x0000000429800000, 0x000000042a000000|  0%| F|  |TAMS 0x0000000429800000| PB 0x0000000429800000| Untracked |  0
|  82|0x000000042a000000, 0x000000042a000000, 0x000000042a800000|  0%| F|  |TAMS 0x000000042a000000| PB 0x000000042a000000| Untracked |  0
|  83|0x000000042a800000, 0x000000042a800000, 0x000000042b000000|  0%| F|  |TAMS 0x000000042a800000| PB 0x000000042a800000| Untracked |  0
|  84|0x000000042b000000, 0x000000042b000000, 0x000000042b800000|  0%| F|  |TAMS 0x000000042b000000| PB 0x000000042b000000| Untracked |  0
|  85|0x000000042b800000, 0x000000042b800000, 0x000000042c000000|  0%| F|  |TAMS 0x000000042b800000| PB 0x000000042b800000| Untracked |  0
|  86|0x000000042c000000, 0x000000042c000000, 0x000000042c800000|  0%| F|  |TAMS 0x000000042c000000| PB 0x000000042c000000| Untracked |  0
|  87|0x000000042c800000, 0x000000042c800000, 0x000000042d000000|  0%| F|  |TAMS 0x000000042c800000| PB 0x000000042c800000| Untracked |  0
|  88|0x000000042d000000, 0x000000042d000000, 0x000000042d800000|  0%| F|  |TAMS 0x000000042d000000| PB 0x000000042d000000| Untracked |  0
|  89|0x000000042d800000, 0x000000042d800000, 0x000000042e000000|  0%| F|  |TAMS 0x000000042d800000| PB 0x000000042d800000| Untracked |  0
|  90|0x000000042e000000, 0x000000042e000000, 0x000000042e800000|  0%| F|  |TAMS 0x000000042e000000| PB 0x000000042e000000| Untracked |  0
|  91|0x000000042e800000, 0x000000042e800000, 0x000000042f000000|  0%| F|  |TAMS 0x000000042e800000| PB 0x000000042e800000| Untracked |  0
|  92|0x000000042f000000, 0x000000042f000000, 0x000000042f800000|  0%| F|  |TAMS 0x000000042f000000| PB 0x000000042f000000| Untracked |  0
|  93|0x000000042f800000, 0x000000042f800000, 0x0000000430000000|  0%| F|  |TAMS 0x000000042f800000| PB 0x000000042f800000| Untracked |  0
|  94|0x0000000430000000, 0x0000000430000000, 0x0000000430800000|  0%| F|  |TAMS 0x0000000430000000| PB 0x0000000430000000| Untracked |  0
|  95|0x0000000430800000, 0x0000000430800000, 0x0000000431000000|  0%| F|  |TAMS 0x0000000430800000| PB 0x0000000430800000| Untracked |  0
|  96|0x0000000431000000, 0x0000000431000000, 0x0000000431800000|  0%| F|  |TAMS 0x0000000431000000| PB 0x0000000431000000| Untracked |  0
|  97|0x0000000431800000, 0x0000000431800000, 0x0000000432000000|  0%| F|  |TAMS 0x0000000431800000| PB 0x0000000431800000| Untracked |  0
|  98|0x0000000432000000, 0x0000000432000000, 0x0000000432800000|  0%| F|  |TAMS 0x0000000432000000| PB 0x0000000432000000| Untracked |  0
|  99|0x0000000432800000, 0x0000000432800000, 0x0000000433000000|  0%| F|  |TAMS 0x0000000432800000| PB 0x0000000432800000| Untracked |  0
| 100|0x0000000433000000, 0x0000000433000000, 0x0000000433800000|  0%| F|  |TAMS 0x0000000433000000| PB 0x0000000433000000| Untracked |  0
| 101|0x0000000433800000, 0x0000000433800000, 0x0000000434000000|  0%| F|  |TAMS 0x0000000433800000| PB 0x0000000433800000| Untracked |  0
| 102|0x0000000434000000, 0x0000000434000000, 0x0000000434800000|  0%| F|  |TAMS 0x0000000434000000| PB 0x0000000434000000| Untracked |  0
| 103|0x0000000434800000, 0x0000000434800000, 0x0000000435000000|  0%| F|  |TAMS 0x0000000434800000| PB 0x0000000434800000| Untracked |  0
| 104|0x0000000435000000, 0x0000000435000000, 0x0000000435800000|  0%| F|  |TAMS 0x0000000435000000| PB 0x0000000435000000| Untracked |  0
| 105|0x0000000435800000, 0x0000000435800000, 0x0000000436000000|  0%| F|  |TAMS 0x0000000435800000| PB 0x0000000435800000| Untracked |  0
| 106|0x0000000436000000, 0x0000000436000000, 0x0000000436800000|  0%| F|  |TAMS 0x0000000436000000| PB 0x0000000436000000| Untracked |  0
| 107|0x0000000436800000, 0x0000000436800000, 0x0000000437000000|  0%| F|  |TAMS 0x0000000436800000| PB 0x0000000436800000| Untracked |  0
| 108|0x0000000437000000, 0x0000000437000000, 0x0000000437800000|  0%| F|  |TAMS 0x0000000437000000| PB 0x0000000437000000| Untracked |  0
| 109|0x0000000437800000, 0x0000000437800000, 0x0000000438000000|  0%| F|  |TAMS 0x0000000437800000| PB 0x0000000437800000| Untracked |  0
| 110|0x0000000438000000, 0x0000000438000000, 0x0000000438800000|  0%| F|  |TAMS 0x0000000438000000| PB 0x0000000438000000| Untracked |  0
| 111|0x0000000438800000, 0x0000000438800000, 0x0000000439000000|  0%| F|  |TAMS 0x0000000438800000| PB 0x0000000438800000| Untracked |  0
| 112|0x0000000439000000, 0x0000000439000000, 0x0000000439800000|  0%| F|  |TAMS 0x0000000439000000| PB 0x0000000439000000| Untracked |  0
| 113|0x0000000439800000, 0x0000000439800000, 0x000000043a000000|  0%| F|  |TAMS 0x0000000439800000| PB 0x0000000439800000| Untracked |  0
| 114|0x000000043a000000, 0x000000043a000000, 0x000000043a800000|  0%| F|  |TAMS 0x000000043a000000| PB 0x000000043a000000| Untracked |  0
| 115|0x000000043a800000, 0x000000043a800000, 0x000000043b000000|  0%| F|  |TAMS 0x000000043a800000| PB 0x000000043a800000| Untracked |  0
| 116|0x000000043b000000, 0x000000043b000000, 0x000000043b800000|  0%| F|  |TAMS 0x000000043b000000| PB 0x000000043b000000| Untracked |  0
| 117|0x000000043b800000, 0x000000043b800000, 0x000000043c000000|  0%| F|  |TAMS 0x000000043b800000| PB 0x000000043b800000| Untracked |  0
| 118|0x000000043c000000, 0x000000043c000000, 0x000000043c800000|  0%| F|  |TAMS 0x000000043c000000| PB 0x000000043c000000| Untracked |  0
| 119|0x000000043c800000, 0x000000043c800000, 0x000000043d000000|  0%| F|  |TAMS 0x000000043c800000| PB 0x000000043c800000| Untracked |  0
| 120|0x000000043d000000, 0x000000043d000000, 0x000000043d800000|  0%| F|  |TAMS 0x000000043d000000| PB 0x000000043d000000| Untracked |  0
| 121|0x000000043d800000, 0x000000043d800000, 0x000000043e000000|  0%| F|  |TAMS 0x000000043d800000| PB 0x000000043d800000| Untracked |  0
| 122|0x000000043e000000, 0x000000043e000000, 0x000000043e800000|  0%| F|  |TAMS 0x000000043e000000| PB 0x000000043e000000| Untracked |  0
| 123|0x000000043e800000, 0x000000043e800000, 0x000000043f000000|  0%| F|  |TAMS 0x000000043e800000| PB 0x000000043e800000| Untracked |  0
| 124|0x000000043f000000, 0x000000043f000000, 0x000000043f800000|  0%| F|  |TAMS 0x000000043f000000| PB 0x000000043f000000| Untracked |  0
| 125|0x000000043f800000, 0x000000043f800000, 0x0000000440000000|  0%| F|  |TAMS 0x000000043f800000| PB 0x000000043f800000| Untracked |  0
| 126|0x0000000440000000, 0x00000004400f9c38, 0x0000000440800000| 12%| E|  |TAMS 0x0000000440000000| PB 0x0000000440000000| Complete |  0
| 127|0x0000000440800000, 0x0000000441000000, 0x0000000441000000|100%| E|CS|TAMS 0x0000000440800000| PB 0x0000000440800000| Complete |  0
|2045|0x00000007ff800000, 0x00000007ff91d1c0, 0x0000000800000000| 13%| O|  |TAMS 0x00000007ff800000| PB 0x00000007ff800000| Untracked |  0

Card table byte_map: [0x0000027438f90000,0x000002743af90000] _byte_map_base: 0x0000027436f88000

Marking Bits: (CMBitMap*) 0x000002744b0e0760
 Bits: [0x000002743af90000, 0x000002744af50000)

Polling page: 0x000002741bf80000

Metaspace:

Usage:
  Non-class:      2.91 MB used.
      Class:    192.56 KB used.
       Both:      3.10 MB used.

Virtual space:
  Non-class space:       64.00 MB reserved,       3.00 MB (  5%) committed,  1 nodes.
      Class space:        1.00 GB reserved,     256.00 KB ( <1%) committed,  1 nodes.
             Both:        1.06 GB reserved,       3.25 MB ( <1%) committed. 

Chunk freelists:
   Non-Class:  10.70 MB
       Class:  15.66 MB
        Both:  26.36 MB

MaxMetaspaceSize: unlimited
CompressedClassSpaceSize: 1.00 GB
Initial GC threshold: 21.00 MB
Current GC threshold: 21.00 MB
CDS: on
 - commit_granule_bytes: 65536.
 - commit_granule_words: 8192.
 - virtual_space_node_default_size: 8388608.
 - enlarge_chunks_in_place: 1.
UseCompressedClassPointers 1, UseCompactObjectHeaders 0
Narrow klass pointer bits 32, Max shift 3
Narrow klass base: 0x000002744f000000, Narrow klass shift: 0
Encoding Range: [0x000002744f000000 - 0x000002754f000000), (4294967296 bytes)
Klass Range:    [0x000002744f000000 - 0x0000027490000000), (1090519040 bytes)
Klass ID Range:  [8 - 1090519033) (1090519025)


Internal statistics:

num_allocs_failed_limit: 0.
num_arena_births: 76.
num_arena_deaths: 0.
num_vsnodes_births: 2.
num_vsnodes_deaths: 0.
num_space_committed: 52.
num_space_uncommitted: 0.
num_chunks_returned_to_freelist: 0.
num_chunks_taken_from_freelist: 163.
num_chunk_merges: 0.
num_chunk_splits: 95.
num_chunks_enlarged: 54.
num_inconsistent_stats: 0.

CodeHeap 'non-profiled nmethods': size=118912Kb used=188Kb max_used=188Kb free=118723Kb
 bounds [0x000002742e850000, 0x000002742eac0000, 0x0000027435c70000]
CodeHeap 'profiled nmethods': size=118848Kb used=990Kb max_used=990Kb free=117857Kb
 bounds [0x0000027426c70000, 0x0000027426ee0000, 0x000002742e080000]
CodeHeap 'non-nmethods': size=8000Kb used=2974Kb max_used=2989Kb free=5025Kb
 bounds [0x000002742e080000, 0x000002742e370000, 0x000002742e850000]
CodeCache: size=245760Kb, used=4152Kb, max_used=4167Kb, free=241605Kb
 total_blobs=1761, nmethods=728, adapters=937, full_count=0
Compilation: enabled, stopped_count=0, restarted_count=0

Compilation events (20 events):
Event: 0.483 Thread 0x000002749488ce70  718       3       jdk.internal.misc.Unsafe::checkNativeAddress (28 bytes)
Event: 0.483 Thread 0x000002749488ce70 nmethod 718 0x0000027426d63508 code [0x0000027426d63620, 0x0000027426d63738]
Event: 0.483 Thread 0x000002749488ce70  719       3       jdk.internal.jimage.ImageStringsReader::match (11 bytes)
Event: 0.483 Thread 0x000002744ecf72b0  721       3       jdk.internal.jimage.ImageStringsReader::stringFromByteBufferMatches (138 bytes)
Event: 0.483 Thread 0x000002744b293620  720       3       jdk.internal.jimage.BasicImageReader::match (37 bytes)
Event: 0.483 Thread 0x000002749488ce70 nmethod 719 0x0000027426d63808 code [0x0000027426d63920, 0x0000027426d63ae8]
Event: 0.483 Thread 0x000002749488ce70  723       3       jdk.internal.jimage.ImageLocation::verifyName (161 bytes)
Event: 0.484 Thread 0x000002744b293620 nmethod 720 0x0000027426d63b08 code [0x0000027426d63c40, 0x0000027426d63f40]
Event: 0.484 Thread 0x000002744b293620  724       1       java.lang.NamedPackage::module (5 bytes)
Event: 0.484 Thread 0x000002744b293620 nmethod 724 0x000002742e87d388 code [0x000002742e87d480, 0x000002742e87d548]
Event: 0.484 Thread 0x000002744ecf72b0 nmethod 721 0x0000027426d63f88 code [0x0000027426d641e0, 0x0000027426d65610]
Event: 0.484 Thread 0x000002749488ce70 nmethod 723 0x0000027426d65688 code [0x0000027426d65940, 0x0000027426d67158]
Event: 0.484 Thread 0x000002744b29dc10 nmethod 715 0x000002742e87d988 code [0x000002742e87dac0, 0x000002742e87e120]
Event: 0.484 Thread 0x000002744b29dc10  722       4       jdk.internal.jimage.ImageStringsReader::unmaskedHashCode (166 bytes)
Event: 0.485 Thread 0x000002749488ce70  726       3       sun.misc.Unsafe::putLong (14 bytes)
Event: 0.485 Thread 0x000002744b293620  727       3       org.lwjgl.system.MemoryUtil::memPutAddress (29 bytes)
Event: 0.485 Thread 0x000002749488ce70 nmethod 726 0x0000027426d67208 code [0x0000027426d67340, 0x0000027426d675d0]
Event: 0.485 Thread 0x000002744b293620 nmethod 727 0x0000027426d67608 code [0x0000027426d67740, 0x0000027426d67b20]
Event: 0.486 Thread 0x000002744b29dc10 nmethod 722 0x000002742e87e188 code [0x000002742e87e2a0, 0x000002742e87e490]
Event: 0.486 Thread 0x000002744b29dc10  728       4       java.lang.StringLatin1::lastIndexOf (40 bytes)

GC Heap History (0 events):
No events

Dll operation events (8 events):
Event: 0.006 Loaded shared library C:\Program Files\Java\jdk-24\bin\java.dll
Event: 0.026 Loaded shared library C:\Program Files\Java\jdk-24\bin\jsvml.dll
Event: 0.043 Loaded shared library C:\Program Files\Java\jdk-24\bin\net.dll
Event: 0.044 Loaded shared library C:\Program Files\Java\jdk-24\bin\nio.dll
Event: 0.057 Loaded shared library C:\Program Files\Java\jdk-24\bin\zip.dll
Event: 0.098 Loaded shared library C:\Program Files\Java\jdk-24\bin\jimage.dll
Event: 0.124 Loaded shared library C:\Users\jcm_d\AppData\Local\Temp\lwjgl_jcm_d\3.3.4+7\x64\lwjgl.dll
Event: 0.481 Loaded shared library C:\Users\jcm_d\AppData\Local\Temp\lwjgl_jcm_d\3.3.4+7\x64\lwjgl_opengl.dll

Deoptimization events (0 events):
No events

Classes loaded (20 events):
Event: 0.178 Loading class java/util/stream/SliceOps
Event: 0.178 Loading class java/util/stream/SliceOps done
Event: 0.178 Loading class java/util/stream/SliceOps$1
Event: 0.178 Loading class java/util/stream/SliceOps$1 done
Event: 0.179 Loading class java/util/stream/SliceOps$1$1
Event: 0.179 Loading class java/util/stream/SliceOps$1$1 done
Event: 0.179 Loading class java/util/stream/WhileOps$1Op$1OpSink
Event: 0.179 Loading class java/util/stream/WhileOps$DropWhileSink
Event: 0.179 Loading class java/util/stream/WhileOps$DropWhileSink done
Event: 0.179 Loading class java/util/stream/WhileOps$1Op$1OpSink done
Event: 0.181 Loading class java/lang/foreign/MemorySegment
Event: 0.181 Loading class java/lang/foreign/MemorySegment done
Event: 0.184 Loading class java/nio/InvalidMarkException
Event: 0.184 Loading class java/nio/InvalidMarkException done
Event: 0.184 Loading class java/nio/BufferUnderflowException
Event: 0.184 Loading class java/nio/BufferUnderflowException done
Event: 0.202 Loading class java/lang/NoSuchFieldError
Event: 0.202 Loading class java/lang/NoSuchFieldError done
Event: 0.209 Loading class jdk/internal/reflect/MethodHandleIntegerFieldAccessorImpl
Event: 0.209 Loading class jdk/internal/reflect/MethodHandleIntegerFieldAccessorImpl done

Classes unloaded (0 events):
No events

Classes redefined (0 events):
No events

Internal exceptions (20 events):
Event: 0.175 Thread 0x000002741e3cf860 Exception <a 'java/lang/NoSuchMethodError'{0x0000000440e074a0}: 'java.lang.Object java.lang.invoke.DirectMethodHandle$Holder.newInvokeSpecial(java.lang.Object, java.lang.Object, int)'> (0x0000000440e074a0) 
thrown [s\open\src\hotspot\share\interpreter\linkResolver.cpp, line 805]
Event: 0.182 Thread 0x000002741e3cf860 Exception <a 'java/lang/NoSuchMethodError'{0x0000000440e551f0}: 'int java.lang.invoke.DirectMethodHandle$Holder.invokeStaticInit(java.lang.Object, java.lang.Object, long, long)'> (0x0000000440e551f0) 
thrown [s\open\src\hotspot\share\interpreter\linkResolver.cpp, line 805]
Event: 0.183 Thread 0x000002741e3cf860 Exception <a 'java/lang/NoSuchMethodError'{0x0000000440e64580}: 'java.lang.Object java.lang.invoke.DirectMethodHandle$Holder.newInvokeSpecial(java.lang.Object, java.lang.Object, long)'> (0x0000000440e64580) 
thrown [s\open\src\hotspot\share\interpreter\linkResolver.cpp, line 805]
Event: 0.183 Thread 0x000002741e3cf860 Exception <a 'java/lang/NoSuchMethodError'{0x0000000440e6cff0}: 'java.lang.Object java.lang.invoke.Invokers$Holder.linkToTargetMethod(java.lang.Object, long, java.lang.Object)'> (0x0000000440e6cff0) 
thrown [s\open\src\hotspot\share\interpreter\linkResolver.cpp, line 805]
Event: 0.184 Thread 0x000002741e3cf860 Exception <a 'java/lang/NoSuchMethodError'{0x0000000440e7d5d8}: 'int java.lang.invoke.DirectMethodHandle$Holder.invokeStaticInit(java.lang.Object, java.lang.Object, java.lang.Object, long)'> (0x0000000440e7d5d8) 
thrown [s\open\src\hotspot\share\interpreter\linkResolver.cpp, line 805]
Event: 0.197 Thread 0x000002741e3cf860 Exception <a 'sun/nio/fs/WindowsException'{0x0000000440f0a068}> (0x0000000440f0a068) 
thrown [s\open\src\hotspot\share\prims\jni.cpp, line 518]
Event: 0.197 Thread 0x000002741e3cf860 Exception <a 'sun/nio/fs/WindowsException'{0x0000000440f0a6c0}> (0x0000000440f0a6c0) 
thrown [s\open\src\hotspot\share\prims\jni.cpp, line 518]
Event: 0.198 Thread 0x000002741e3cf860 Exception <a 'sun/nio/fs/WindowsException'{0x0000000440f112e0}> (0x0000000440f112e0) 
thrown [s\open\src\hotspot\share\prims\jni.cpp, line 518]
Event: 0.201 Thread 0x000002741e3cf860 Exception <a 'sun/nio/fs/WindowsException'{0x0000000440f15fe0}> (0x0000000440f15fe0) 
thrown [s\open\src\hotspot\share\prims\jni.cpp, line 518]
Event: 0.201 Thread 0x000002741e3cf860 Exception <a 'sun/nio/fs/WindowsException'{0x0000000440f16340}> (0x0000000440f16340) 
thrown [s\open\src\hotspot\share\prims\jni.cpp, line 518]
Event: 0.209 Thread 0x000002741e3cf860 Exception <a 'java/lang/NoSuchMethodError'{0x0000000440f2a528}: 'int java.lang.invoke.Invokers$Holder.invokeExact_MT(java.lang.Object, java.lang.Object)'> (0x0000000440f2a528) 
thrown [s\open\src\hotspot\share\interpreter\linkResolver.cpp, line 805]
Event: 0.473 Thread 0x000002741e3cf860 Exception <a 'java/lang/NoSuchMethodError'{0x0000000440fe6dc8}: 'void java.lang.System.load(java.lang.String, java.lang.Class)'> (0x0000000440fe6dc8) 
thrown [s\open\src\hotspot\share\interpreter\linkResolver.cpp, line 805]
Event: 0.474 Thread 0x000002741e3cf860 Exception <a 'java/lang/NoSuchMethodError'{0x0000000440feec18}: 'void java.lang.System.loadLibrary(java.lang.String, java.lang.Class)'> (0x0000000440feec18) 
thrown [s\open\src\hotspot\share\interpreter\linkResolver.cpp, line 805]
Event: 0.474 Thread 0x000002741e3cf860 Exception <a 'sun/nio/fs/WindowsException'{0x0000000440ff72f0}> (0x0000000440ff72f0) 
thrown [s\open\src\hotspot\share\prims\jni.cpp, line 518]
Event: 0.475 Thread 0x000002741e3cf860 Exception <a 'sun/nio/fs/WindowsException'{0x0000000440ff7958}> (0x0000000440ff7958) 
thrown [s\open\src\hotspot\share\prims\jni.cpp, line 518]
Event: 0.475 Thread 0x000002741e3cf860 Exception <a 'sun/nio/fs/WindowsException'{0x0000000440ffe5a0}> (0x0000000440ffe5a0) 
thrown [s\open\src\hotspot\share\prims\jni.cpp, line 518]
Event: 0.478 Thread 0x000002741e3cf860 Exception <a 'sun/nio/fs/WindowsException'{0x0000000440004a80}> (0x0000000440004a80) 
thrown [s\open\src\hotspot\share\prims\jni.cpp, line 518]
Event: 0.478 Thread 0x000002741e3cf860 Exception <a 'sun/nio/fs/WindowsException'{0x0000000440004e20}> (0x0000000440004e20) 
thrown [s\open\src\hotspot\share\prims\jni.cpp, line 518]
Event: 0.484 Thread 0x000002741e3cf860 Exception <a 'sun/nio/fs/WindowsException'{0x000000044000c818}> (0x000000044000c818) 
thrown [s\open\src\hotspot\share\prims\jni.cpp, line 518]
Event: 0.484 Thread 0x000002741e3cf860 Exception <a 'sun/nio/fs/WindowsException'{0x000000044000cae8}> (0x000000044000cae8) 
thrown [s\open\src\hotspot\share\prims\jni.cpp, line 518]

VM Operations (0 events):
No events

Memory protections (0 events):
No events

Nmethod flushes (0 events):
No events

Events (15 events):
Event: 0.016 Thread 0x000002741e3cf860 Thread added: 0x000002741e3cf860
Event: 0.025 Thread 0x000002741e3cf860 Thread added: 0x000002744b28ae90
Event: 0.025 Thread 0x000002741e3cf860 Thread added: 0x000002744b28b5d0
Event: 0.025 Thread 0x000002741e3cf860 Thread added: 0x000002744b28c0a0
Event: 0.025 Thread 0x000002741e3cf860 Thread added: 0x000002744b28ccc0
Event: 0.025 Thread 0x000002741e3cf860 Thread added: 0x000002744b28d7f0
Event: 0.025 Thread 0x000002741e3cf860 Thread added: 0x000002744b28e660
Event: 0.025 Thread 0x000002741e3cf860 Thread added: 0x000002744b29dc10
Event: 0.025 Thread 0x000002741e3cf860 Thread added: 0x000002744b293620
Event: 0.034 Thread 0x000002741e3cf860 Thread added: 0x000002744ece64d0
Event: 0.037 Thread 0x000002741e3cf860 Thread added: 0x000002744ece7c30
Event: 0.045 Thread 0x000002744b293620 Thread added: 0x000002744ecf72b0
Event: 0.062 Thread 0x000002744ecf72b0 Thread added: 0x000002744ee0aac0
Event: 0.445 Thread 0x000002744ee0aac0 Thread exited: 0x000002744ee0aac0
Event: 0.445 Thread 0x000002744b293620 Thread added: 0x000002749488ce70


Dynamic libraries:
0x00007ff645bf0000 - 0x00007ff645c00000 	C:\Program Files\Java\jdk-24\bin\java.exe
0x00007ffee0a20000 - 0x00007ffee0c87000 	C:\WINDOWS\SYSTEM32\ntdll.dll
0x00007ffedf680000 - 0x00007ffedf749000 	C:\WINDOWS\System32\KERNEL32.DLL
0x00007ffede2f0000 - 0x00007ffede6e7000 	C:\WINDOWS\System32\KERNELBASE.dll
0x00007ffedd450000 - 0x00007ffedd59b000 	C:\WINDOWS\System32\ucrtbase.dll
0x00007ffed76c0000 - 0x00007ffed76d6000 	C:\Program Files\Java\jdk-24\bin\jli.dll
0x00007ffeab500000 - 0x00007ffeab51b000 	C:\Program Files\Java\jdk-24\bin\VCRUNTIME140.dll
0x00007ffedf750000 - 0x00007ffedf916000 	C:\WINDOWS\System32\USER32.dll
0x00007ffedd660000 - 0x00007ffedd687000 	C:\WINDOWS\System32\win32u.dll
0x00007ffec11f0000 - 0x00007ffec1482000 	C:\WINDOWS\WinSxS\amd64_microsoft.windows.common-controls_6595b64144ccf1df_6.0.26100.8457_none_3e0b2faee331e92d\COMCTL32.dll
0x00007ffee0550000 - 0x00007ffee057b000 	C:\WINDOWS\System32\GDI32.dll
0x00007ffede7a0000 - 0x00007ffede849000 	C:\WINDOWS\System32\msvcrt.dll
0x00007ffeddf00000 - 0x00007ffede02c000 	C:\WINDOWS\System32\gdi32full.dll
0x00007ffede6f0000 - 0x00007ffede793000 	C:\WINDOWS\System32\msvcp_win.dll
0x00007ffedf5d0000 - 0x00007ffedf602000 	C:\WINDOWS\System32\IMM32.DLL
0x00007ffeae3e0000 - 0x00007ffeae3ec000 	C:\Program Files\Java\jdk-24\bin\vcruntime140_1.dll
0x00007ffea8e50000 - 0x00007ffea8ede000 	C:\Program Files\Java\jdk-24\bin\msvcp140.dll
0x00007ffdf7e90000 - 0x00007ffdf8c32000 	C:\Program Files\Java\jdk-24\bin\server\jvm.dll
0x00007ffee0580000 - 0x00007ffee0636000 	C:\WINDOWS\System32\ADVAPI32.dll
0x00007ffede850000 - 0x00007ffede8f7000 	C:\WINDOWS\System32\sechost.dll
0x00007ffedea90000 - 0x00007ffedeba8000 	C:\WINDOWS\System32\RPCRT4.dll
0x00007ffee00a0000 - 0x00007ffee0120000 	C:\WINDOWS\System32\WS2_32.dll
0x00007ffedd100000 - 0x00007ffedd15e000 	C:\WINDOWS\SYSTEM32\POWRPROF.dll
0x00007ffed4150000 - 0x00007ffed4186000 	C:\WINDOWS\SYSTEM32\WINMM.dll
0x00007ffed6690000 - 0x00007ffed669b000 	C:\WINDOWS\SYSTEM32\VERSION.dll
0x00007ffedd0e0000 - 0x00007ffedd0f4000 	C:\WINDOWS\SYSTEM32\UMPDC.dll
0x00007ffedc1e0000 - 0x00007ffedc1fb000 	C:\WINDOWS\SYSTEM32\kernel.appcore.dll
0x00007ffea8e40000 - 0x00007ffea8e4a000 	C:\Program Files\Java\jdk-24\bin\jimage.dll
0x00007ffed3f00000 - 0x00007ffed4142000 	C:\WINDOWS\SYSTEM32\DBGHELP.DLL
0x00007ffeded50000 - 0x00007ffedf0d3000 	C:\WINDOWS\System32\combase.dll
0x00007ffee01c0000 - 0x00007ffee0299000 	C:\WINDOWS\System32\OLEAUT32.dll
0x00007ffec3080000 - 0x00007ffec30bb000 	C:\WINDOWS\SYSTEM32\dbgcore.DLL
0x00007ffede030000 - 0x00007ffede0d8000 	C:\WINDOWS\System32\bcryptPrimitives.dll
0x00007ffea8e10000 - 0x00007ffea8e2e000 	C:\Program Files\Java\jdk-24\bin\java.dll
0x00007ffedebb0000 - 0x00007ffeded47000 	C:\WINDOWS\System32\ole32.dll
0x00007ffedf920000 - 0x00007ffee008e000 	C:\WINDOWS\System32\SHELL32.dll
0x00007ffedd690000 - 0x00007ffeddefc000 	C:\WINDOWS\System32\windows.storage.dll
0x00007ffee02b0000 - 0x00007ffee03a6000 	C:\WINDOWS\System32\SHCORE.dll
0x00007ffedf610000 - 0x00007ffedf676000 	C:\WINDOWS\System32\shlwapi.dll
0x00007ffedd370000 - 0x00007ffedd399000 	C:\WINDOWS\SYSTEM32\profapi.dll
0x00007ffea8d30000 - 0x00007ffea8e07000 	C:\Program Files\Java\jdk-24\bin\jsvml.dll
0x00007ffea8d00000 - 0x00007ffea8d10000 	C:\Program Files\Java\jdk-24\bin\net.dll
0x00007ffedc750000 - 0x00007ffedc7bc000 	C:\WINDOWS\system32\mswsock.dll
0x00007ffea8ce0000 - 0x00007ffea8cf6000 	C:\Program Files\Java\jdk-24\bin\nio.dll
0x00007ffea8d10000 - 0x00007ffea8d27000 	C:\Program Files\Java\jdk-24\bin\zip.dll
0x00007ffebee20000 - 0x00007ffebee9b000 	C:\Users\jcm_d\AppData\Local\Temp\lwjgl_jcm_d\3.3.4+7\x64\lwjgl.dll
0x00007ffebed90000 - 0x00007ffebee15000 	C:\Users\jcm_d\AppData\Local\Temp\lwjgl_jcm_d\3.3.4+7\x64\glfw.dll
0x00007ffeaea70000 - 0x00007ffeaeabb000 	C:\WINDOWS\SYSTEM32\dinput8.dll
0x00007ffed5740000 - 0x00007ffed575c000 	C:\WINDOWS\SYSTEM32\xinput1_4.dll
0x00007ffedd050000 - 0x00007ffedd0a1000 	C:\WINDOWS\SYSTEM32\cfgmgr32.dll
0x00007ffedd020000 - 0x00007ffedd04d000 	C:\WINDOWS\SYSTEM32\DEVOBJ.dll
0x00007ffedb230000 - 0x00007ffedb25f000 	C:\WINDOWS\SYSTEM32\dwmapi.dll
0x00007ffebc280000 - 0x00007ffebc463000 	C:\WINDOWS\SYSTEM32\inputhost.dll
0x00007ffeda920000 - 0x00007ffedaa47000 	C:\WINDOWS\SYSTEM32\CoreMessaging.dll
0x00007ffedaed0000 - 0x00007ffedaf7a000 	C:\WINDOWS\system32\uxtheme.dll
0x00007ffedca50000 - 0x00007ffedca5c000 	C:\WINDOWS\SYSTEM32\CRYPTBASE.DLL
0x00007ffee03b0000 - 0x00007ffee050c000 	C:\WINDOWS\System32\MSCTF.dll
0x00007ffe2ebd0000 - 0x00007ffe2ecdf000 	C:\WINDOWS\SYSTEM32\opengl32.dll
0x00007ffe4e820000 - 0x00007ffe4e84d000 	C:\WINDOWS\SYSTEM32\GLU32.dll
0x00007ffedb1c0000 - 0x00007ffedb205000 	C:\WINDOWS\SYSTEM32\dxcore.dll
0x00007ffec22f0000 - 0x00007ffec230d000 	C:\WINDOWS\SYSTEM32\windows.staterepositorycore.dll
0x00007ffdebd40000 - 0x00007ffdee684000 	C:\WINDOWS\System32\DriverStore\FileRepository\nvgbdi.inf_amd64_bd5dff23c7734147\nvoglv64.dll
0x00007ffedf0f0000 - 0x00007ffedf577000 	C:\WINDOWS\System32\SETUPAPI.dll
0x00007ffedadc0000 - 0x00007ffedade9000 	C:\WINDOWS\SYSTEM32\WTSAPI32.dll
0x00007ffede170000 - 0x00007ffede2e8000 	C:\WINDOWS\System32\CRYPT32.dll
0x00007ffedc480000 - 0x00007ffedc4c9000 	C:\WINDOWS\SYSTEM32\SspiCli.dll
0x00007ffedcb60000 - 0x00007ffedcb73000 	C:\WINDOWS\SYSTEM32\msasn1.dll
0x00007ffed4920000 - 0x00007ffed495b000 	C:\WINDOWS\SYSTEM32\cryptnet.dll
0x00007ffedcaf0000 - 0x00007ffedcb5a000 	C:\WINDOWS\SYSTEM32\wldp.dll
0x00007ffed46c0000 - 0x00007ffed4838000 	C:\WINDOWS\SYSTEM32\drvstore.dll
0x00007ffede0e0000 - 0x00007ffede162000 	C:\WINDOWS\System32\WINTRUST.dll
0x00007ffedc300000 - 0x00007ffedc336000 	C:\WINDOWS\SYSTEM32\ntmarta.dll
0x00007ffee0510000 - 0x00007ffee0530000 	C:\WINDOWS\System32\imagehlp.dll
0x00007ffedca30000 - 0x00007ffedca4b000 	C:\WINDOWS\System32\CRYPTSP.dll
0x00007ffedc140000 - 0x00007ffedc179000 	C:\WINDOWS\system32\rsaenh.dll
0x00007ffedd340000 - 0x00007ffedd36a000 	C:\WINDOWS\System32\bcrypt.dll
0x00007ffecfe70000 - 0x00007ffed3c03000 	C:\WINDOWS\System32\DriverStore\FileRepository\nvgbdi.inf_amd64_bd5dff23c7734147\nvgpucomp64.dll
0x00007ffebbe00000 - 0x00007ffebc114000 	C:\WINDOWS\system32\nvspcap64.dll
0x00007ffedcc50000 - 0x00007ffedccb2000 	C:\WINDOWS\SYSTEM32\WINSTA.dll
0x00007ffebdc40000 - 0x00007ffebdd86000 	C:\WINDOWS\SYSTEM32\textinputframework.dll
0x00007ffed5af0000 - 0x00007ffed5dd2000 	C:\WINDOWS\SYSTEM32\CoreUIComponents.dll
0x00007ffed7d10000 - 0x00007ffed7e7a000 	C:\WINDOWS\SYSTEM32\wintypes.dll
0x00007ffebed20000 - 0x00007ffebed81000 	C:\Users\jcm_d\AppData\Local\Temp\lwjgl_jcm_d\3.3.4+7\x64\lwjgl_opengl.dll

JVMTI agents: none

dbghelp: loaded successfully - version: 4.0.5 - missing functions: none
symbol engine: initialized successfully - sym options: 0x614 - pdb path: .;C:\Program Files\Java\jdk-24\bin;C:\WINDOWS\SYSTEM32;C:\WINDOWS\WinSxS\amd64_microsoft.windows.common-controls_6595b64144ccf1df_6.0.26100.8457_none_3e0b2faee331e92d;C:\Program Files\Java\jdk-24\bin\server;C:\Users\jcm_d\AppData\Local\Temp\lwjgl_jcm_d\3.3.4+7\x64;C:\WINDOWS\System32\DriverStore\FileRepository\nvgbdi.inf_amd64_bd5dff23c7734147

VM Arguments:
jvm_args: -Dfile.encoding=UTF-8 -Duser.country=AU -Duser.language=en -Duser.variant 
java_command: net.skittles.Main
java_class_path (initial): D:\Development\Languages\Java\JavaEngine\build\classes\java\main;D:\Development\Languages\Java\JavaEngine\build\resources\main;C:\Users\jcm_d\.gradle\caches\modules-2\files-2.1\org.lwjgl\lwjgl-glfw\3.3.4\7e46ecdec85db8738053cfde1414352cd62dab74\lwjgl-glfw-3.3.4.jar;C:\Users\jcm_d\.gradle\caches\modules-2\files-2.1\org.lwjgl\lwjgl-glfw\3.3.4\370ef92d15819a123c643dd2b0fc3a2d40bb263c\lwjgl-glfw-3.3.4-natives-windows.jar;C:\Users\jcm_d\.gradle\caches\modules-2\files-2.1\org.lwjgl\lwjgl-opengl\3.3.4\2852ac7d9f6fc71349f1ce28e2708ff1977f18af\lwjgl-opengl-3.3.4.jar;C:\Users\jcm_d\.gradle\caches\modules-2\files-2.1\org.lwjgl\lwjgl-opengl\3.3.4\f7ca4e75573a9ce83075bd86bc8a3e49ff106696\lwjgl-opengl-3.3.4-natives-windows.jar;C:\Users\jcm_d\.gradle\caches\modules-2\files-2.1\org.lwjgl\lwjgl-stb\3.3.4\5821735d5ef23f6da8542887344e57eb181b7cac\lwjgl-stb-3.3.4.jar;C:\Users\jcm_d\.gradle\caches\modules-2\files-2.1\org.lwjgl\lwjgl-stb\3.3.4\8310e565463ec8d369528e8b26a9b1518d079a01\lwjgl-stb-3.3.4-natives-windows.jar;C:\Users\jcm_d\.gradle\caches\modules-2\files-2.1\org.lwjgl\lwjgl\3.3.4\b86c3e4832426e8a6b466013b7cb34b40e9ce956\lwjgl-3.3.4.jar;C:\Users\jcm_d\.gradle\caches\modules-2\files-2.1\org.lwjgl\lwjgl\3.3.4\dd0927c1348cdcd9573fa24b7278ec1ac2bb0a76\lwjgl-3.3.4-natives-windows.jar
Launcher Type: SUN_STANDARD

[Global flags]
     intx CICompilerCount                          = 15                                        {product} {ergonomic}
     uint ConcGCThreads                            = 6                                         {product} {ergonomic}
     uint G1ConcRefinementThreads                  = 23                                        {product} {ergonomic}
   size_t G1HeapRegionSize                         = 8388608                                   {product} {ergonomic}
   size_t InitialHeapSize                          = 1073741824                                {product} {ergonomic}
   size_t MarkStackSize                            = 4194304                                   {product} {ergonomic}
   size_t MarkStackSizeMax                         = 536870912                                 {product} {ergonomic}
   size_t MaxHeapSize                              = 17163091968                               {product} {ergonomic}
   size_t MaxNewSize                               = 10292822016                               {product} {ergonomic}
   size_t MinHeapDeltaBytes                        = 8388608                                   {product} {ergonomic}
   size_t MinHeapSize                              = 8388608                                   {product} {ergonomic}
    uintx NonNMethodCodeHeapSize                   = 8192000                                {pd product} {ergonomic}
    uintx NonProfiledCodeHeapSize                  = 121765888                              {pd product} {ergonomic}
    uintx ProfiledCodeHeapSize                     = 121700352                              {pd product} {ergonomic}
    uintx ReservedCodeCacheSize                    = 251658240                              {pd product} {ergonomic}
     bool SegmentedCodeCache                       = true                                      {product} {ergonomic}
   size_t SoftMaxHeapSize                          = 17163091968                            {manageable} {ergonomic}
     bool UseCompressedOops                        = true                           {product lp64_product} {ergonomic}
     bool UseG1GC                                  = true                                      {product} {ergonomic}
     bool UseLargePagesIndividualAllocation        = false                                  {pd product} {ergonomic}

Logging:
Log output configuration:
 #0: stdout all=warning uptime,level,tags foldmultilines=false
 #1: stderr all=off uptime,level,tags foldmultilines=false

Environment Variables:
JAVA_HOME=C:\Program Files\Java\jdk-23
PATH=C:\Program Files\Python313\Scripts\;C:\Program Files\Python313\;C:\VulkanSDK\1.4.341.1\Bin;C:\Program Files\Common Files\Oracle\Java\javapath;C:\Program Files (x86)\Common Files\Oracle\Java\java8path;C:\Program Files (x86)\Common Files\Oracle\Java\javapath;C:\WINDOWS\system32;C:\WINDOWS;C:\WINDOWS\System32\Wbem;C:\WINDOWS\System32\WindowsPowerShell\v1.0\;C:\WINDOWS\System32\OpenSSH\;C:\Program Files\NVIDIA Corporation\NVIDIA App\NvDLISR;C:\Program Files\Git\cmd;C:\Program Files (x86)\NVIDIA Corporation\PhysX\Common;C:\Program Files\dotnet\;C:\Program Files (x86)\Windows Kits\10\Windows Performance Toolkit\;C:\Program Files\PuTTY\;C:\Program Files\Nefarius Software Solutions\Nefarius VirtualPad Driver Runtime\runtime\x64;C:\WINDOWS\system32\config\systemprofile\AppData\Local\Muse Hub\lib;C:\Program Files\Perforce\;C:\Users\jcm_d\AppData\Local\Microsoft\WindowsApps;C:\Users\jcm_d\AppData\Local\JetBrains\Toolbox\scripts;C:\Users\jcm_d\AppData\Local\Programs\Microsoft VS Code\bin;C:\Users\jcm_d\.dotnet\tools;A:\SteamLibrary\steamapps\common\DSX\Main_v3_Beta\;A:\SteamLibrary\steamapps\common\DSX\Main_v3_Beta\Console;C:\Users\jcm_d\AppData\Local\Muse Hub\lib
USERNAME=jcm_d
OS=Windows_NT
PROCESSOR_IDENTIFIER=AMD64 Family 23 Model 113 Stepping 0, AuthenticAMD
TMP=C:\Users\jcm_d\AppData\Local\Temp
TEMP=C:\Users\jcm_d\AppData\Local\Temp




Periodic native trim disabled

---------------  S Y S T E M  ---------------

OS:
 Windows 11 , 64 bit Build 26100 (10.0.26100.8328)
OS uptime: 0 days 1:04 hours

CPU: total 32 (initial active 32) (32 cores per cpu, 2 threads per core) family 23 model 113 stepping 0 microcode 0x8701021, cx8, cmov, fxsr, ht, mmx, 3dnowpref, sse, sse2, sse3, ssse3, sse4a, sse4.1, sse4.2, popcnt, lzcnt, tsc, tscinvbit, avx, avx2, aes, clmul, bmi1, bmi2, adx, sha, fma, vzeroupper, clflush, clflushopt, rdtscp, rdpid, f16c
Processor Information for the first 32 processors :
  Max Mhz: 3493, Current Mhz: 3493, Mhz Limit: 3493

Memory: 4k page, system-wide physical 65442M (42945M free)
TotalPageFile size 69538M (AvailPageFile size 42972M)
current process WorkingSet (physical memory assigned to process): 119M, peak: 119M
current process commit charge ("private bytes"): 1257M, peak: 1257M

vm_info: Java HotSpot(TM) 64-Bit Server VM (24.0.1+9-30) for windows-amd64 JRE (24.0.1+9-30), built on 2025-03-05T07:23:45Z with MS VC++ 17.6 (VS2022)

END.
